<?xml version="1.0" encoding="UTF-8"?>
<testsuite xmlns:xsi="http://www.w3.org/2001/XMLSchema-instance" xsi:noNamespaceSchemaLocation="https://maven.apache.org/surefire/maven-surefire-plugin/xsd/surefire-test-report-3.0.xsd" version="3.0" name="br.com.techchallenge.fiap.neighborfood.infrastructure.persistence.payment.PagamentoRepositoryTest" time="0.524" tests="2" errors="0" skipped="0" failures="0">
  <properties>
[...]
</properties>
  <testcase name="save" classname="br.com.techchallenge.fiap.neighborfood.infrastructure.persistence.payment.PagamentoRepositoryTest" time="0.46"/>
  <testcase name="findByIdPedido" classname="br.com.techchallenge.fiap.neighborfood.infrastructure.persistence.payment.PagamentoRepositoryTest" time="0.009"/>
</testsuite>