<?xml version="1.0" encoding="UTF-8"?>
<testsuite xmlns:xsi="http://www.w3.org/2001/XMLSchema-instance" xsi:noNamespaceSchemaLocation="https://maven.apache.org/surefire/maven-surefire-plugin/xsd/surefire-test-report-3.0.xsd" version="3.0" name="br.com.techchallenge.fiap.neighborfood.core.usecase.pagamento.PagamentoUseCaseTest" time="15.689" tests="1" errors="0" skipped="0" failures="0">
  <properties>
[...]
</properties>
  <testcase name="pagamento" classname="br.com.techchallenge.fiap.neighborfood.core.usecase.pagamento.PagamentoUseCaseTest" time="0.502">
    <system-out><![CDATA[12:36:43.040 [main] INFO org.springframework.test.context.support.AnnotationConfigContextLoaderUtils -- Could not detect default configuration classes for test class [br.com.techchallenge.fiap.neighborfood.core.usecase.pagamento.PagamentoUseCaseTest]: PagamentoUseCaseTest does not declare any static, non-private, non-final, nested classes annotated with @Configuration.
12:36:43.701 [main] INFO org.springframework.boot.test.context.SpringBootTestContextBootstrapper -- Found @SpringBootConfiguration br.com.techchallenge.fiap.neighborfood.NeighborfoodApplication for test class br.com.techchallenge.fiap.neighborfood.core.usecase.pagamento.PagamentoUseCaseTest
2024-11-30T12:36:45.452-03:00 DEBUG 2676 --- [neighborfood-pagamento] [           main] o.s.c.e.PropertySourcesPropertyResolver  : Found key 'application.title' in PropertySource 'title' with value of type String
2024-11-30T12:36:45.456-03:00 DEBUG 2676 --- [neighborfood-pagamento] [           main] o.s.c.e.PropertySourcesPropertyResolver  : Found key 'application.version' in PropertySource 'version' with value of type String
2024-11-30T12:36:45.457-03:00 DEBUG 2676 --- [neighborfood-pagamento] [           main] o.s.c.e.PropertySourcesPropertyResolver  : Found key 'spring-boot.version' in PropertySource 'version' with value of type String
 __  __                      __      __                        ___                   __                   ____    ______   ______  ____
/\ \/\ \          __        /\ \    /\ \                     /'___\                 /\ \                 /\  _`\ /\__  _\ /\  _  \/\  _`\
\ \ `\\ \     __ /\_\     __\ \ \___\ \ \____    ___   _ __ /\ \__/  ___     ___    \_\ \                \ \ \L\_\/_/\ \/ \ \ \L\ \ \ \L\ \
 \ \ , ` \  /'__`\/\ \  /'_ `\ \  _ `\ \ '__`\  / __`\/\`'__\ \ ,__\/ __`\  / __`\  /'_` \      _______   \ \  _\/  \ \ \  \ \  __ \ \ ,__/
  \ \ \`\ \/\  __/\ \ \/\ \L\ \ \ \ \ \ \ \L\ \/\ \L\ \ \ \/ \ \ \_/\ \L\ \/\ \L\ \/\ \L\ \    /\______\   \ \ \/    \_\ \__\ \ \/\ \ \ \/
   \ \_\ \_\ \____\\ \_\ \____ \ \_\ \_\ \_,__/\ \____/\ \_\  \ \_\\ \____/\ \____/\ \___,_\   \/______/    \ \_\    /\_____\\ \_\ \_\ \_\
    \/_/\/_/\/____/ \/_/\/___L\ \/_/\/_/\/___/  \/___/  \/_/   \/_/ \/___/  \/___/  \/__,_ /                 \/_/    \/_____/ \/_/\/_/\/_/
                          /\____/
                          \_/__/
 
Powered by Spring Boot 3.2.5 - project for phase 4 - postgraduate - MiguelProgrammer

2024-11-30T12:36:45.698-03:00  INFO 2676 --- [neighborfood-pagamento] [           main] b.c.t.f.n.c.u.p.PagamentoUseCaseTest     : Starting PagamentoUseCaseTest using Java 17.0.6 with PID 2676 (started by Miguel Silva in C:\Users\Miguel Silva\Documents\Pos\fase4\neighborfood-pagamento)
2024-11-30T12:36:45.700-03:00  INFO 2676 --- [neighborfood-pagamento] [           main] b.c.t.f.n.c.u.p.PagamentoUseCaseTest     : The following 1 profile is active: "dev"
2024-11-30T12:36:45.701-03:00 DEBUG 2676 --- [neighborfood-pagamento] [           main] o.s.boot.SpringApplication               : Loading source class br.com.techchallenge.fiap.neighborfood.NeighborfoodApplication
2024-11-30T12:36:46.522-03:00 DEBUG 2676 --- [neighborfood-pagamento] [           main] o.s.w.c.s.GenericWebApplicationContext   : Refreshing org.springframework.web.context.support.GenericWebApplicationContext@4315c28c
2024-11-30T12:36:46.569-03:00 DEBUG 2676 --- [neighborfood-pagamento] [           main] o.s.b.f.s.DefaultListableBeanFactory     : Creating shared instance of singleton bean 'org.springframework.context.annotation.internalConfigurationAnnotationProcessor'
2024-11-30T12:36:46.614-03:00 DEBUG 2676 --- [neighborfood-pagamento] [           main] o.s.b.f.s.DefaultListableBeanFactory     : Creating shared instance of singleton bean 'org.springframework.boot.autoconfigure.internalCachingMetadataReaderFactory'
2024-11-30T12:36:46.755-03:00 DEBUG 2676 --- [neighborfood-pagamento] [           main] o.s.c.a.ClassPathBeanDefinitionScanner   : Identified candidate component class: file [C:\Users\Miguel Silva\Documents\Pos\fase4\neighborfood-pagamento\target\classes\br\com\techchallenge\fiap\neighborfood\adapter\controllers\PagamentoControllerDomain.class]
2024-11-30T12:36:46.766-03:00 DEBUG 2676 --- [neighborfood-pagamento] [           main] o.s.c.a.ClassPathBeanDefinitionScanner   : Identified candidate component class: file [C:\Users\Miguel Silva\Documents\Pos\fase4\neighborfood-pagamento\target\classes\br\com\techchallenge\fiap\neighborfood\config\beans\BeanConfig.class]
2024-11-30T12:36:46.788-03:00 DEBUG 2676 --- [neighborfood-pagamento] [           main] o.s.c.a.ClassPathBeanDefinitionScanner   : Identified candidate component class: file [C:\Users\Miguel Silva\Documents\Pos\fase4\neighborfood-pagamento\target\classes\br\com\techchallenge\fiap\neighborfood\core\usecase\pagamento\PagamentoUseCase.class]
2024-11-30T12:36:46.834-03:00 DEBUG 2676 --- [neighborfood-pagamento] [           main] o.s.c.a.ClassPathBeanDefinitionScanner   : Identified candidate component class: file [C:\Users\Miguel Silva\Documents\Pos\fase4\neighborfood-pagamento\target\classes\br\com\techchallenge\fiap\neighborfood\framework\web\PagamentoController.class]
2024-11-30T12:36:46.836-03:00 DEBUG 2676 --- [neighborfood-pagamento] [           main] o.s.c.a.ClassPathBeanDefinitionScanner   : Identified candidate component class: file [C:\Users\Miguel Silva\Documents\Pos\fase4\neighborfood-pagamento\target\classes\br\com\techchallenge\fiap\neighborfood\infrastructure\gateways\PagamentoRepositoryGateway.class]
2024-11-30T12:36:46.848-03:00 DEBUG 2676 --- [neighborfood-pagamento] [           main] o.s.c.a.ClassPathBeanDefinitionScanner   : Ignored because not a concrete top-level class: file [C:\Users\Miguel Silva\Documents\Pos\fase4\neighborfood-pagamento\target\classes\br\com\techchallenge\fiap\neighborfood\infrastructure\persistence\payment\PagamentoRepository.class]
2024-11-30T12:36:48.210-03:00  INFO 2676 --- [neighborfood-pagamento] [           main] .s.d.r.c.RepositoryConfigurationDelegate : Bootstrapping Spring Data JPA repositories in DEFAULT mode.
2024-11-30T12:36:48.238-03:00 DEBUG 2676 --- [neighborfood-pagamento] [           main] o.s.b.f.s.DefaultListableBeanFactory     : Creating shared instance of singleton bean 'org.springframework.boot.autoconfigure.AutoConfigurationPackages'
2024-11-30T12:36:48.256-03:00 DEBUG 2676 --- [neighborfood-pagamento] [           main] o.s.b.a.AutoConfigurationPackages        : @EnableAutoConfiguration was declared on a class in the package 'br.com.techchallenge.fiap.neighborfood'. Automatic @Repository and @Entity scanning is enabled.
2024-11-30T12:36:48.257-03:00 DEBUG 2676 --- [neighborfood-pagamento] [           main] .s.d.r.c.RepositoryConfigurationDelegate : Scanning for JPA repositories in packages br.com.techchallenge.fiap.neighborfood.
2024-11-30T12:36:48.287-03:00 DEBUG 2676 --- [neighborfood-pagamento] [           main] o.s.d.r.c.RepositoryComponentProvider    : Identified candidate component class: file [C:\Users\Miguel Silva\Documents\Pos\fase4\neighborfood-pagamento\target\classes\br\com\techchallenge\fiap\neighborfood\infrastructure\persistence\payment\PagamentoRepository.class]
2024-11-30T12:36:48.362-03:00  INFO 2676 --- [neighborfood-pagamento] [           main] .s.d.r.c.RepositoryConfigurationDelegate : Finished Spring Data repository scanning in 100 ms. Found 1 JPA repository interface.
2024-11-30T12:36:48.556-03:00 DEBUG 2676 --- [neighborfood-pagamento] [           main] o.s.b.f.s.DefaultListableBeanFactory     : Creating shared instance of singleton bean 'org.springframework.boot.test.context.ImportsContextCustomizer$ImportsCleanupPostProcessor'
2024-11-30T12:36:48.557-03:00 DEBUG 2676 --- [neighborfood-pagamento] [           main] o.s.b.f.s.DefaultListableBeanFactory     : Creating shared instance of singleton bean 'embeddedDataSourceBeanFactoryPostProcessor'
2024-11-30T12:36:48.574-03:00  INFO 2676 --- [neighborfood-pagamento] [           main] beddedDataSourceBeanFactoryPostProcessor : Replacing 'dataSource' DataSource bean with embedded version
2024-11-30T12:36:48.817-03:00 DEBUG 2676 --- [neighborfood-pagamento] [           main] o.s.b.f.s.DefaultListableBeanFactory     : Creating shared instance of singleton bean 'propertySourcesPlaceholderConfigurer'
2024-11-30T12:36:48.823-03:00 DEBUG 2676 --- [neighborfood-pagamento] [           main] o.s.b.f.s.DefaultListableBeanFactory     : Creating shared instance of singleton bean 'org.springframework.boot.test.mock.mockito.MockitoPostProcessor'
2024-11-30T12:36:48.825-03:00 DEBUG 2676 --- [neighborfood-pagamento] [           main] o.s.b.f.s.DefaultListableBeanFactory     : Creating shared instance of singleton bean 'emBeanDefinitionRegistrarPostProcessor'
2024-11-30T12:36:48.826-03:00 DEBUG 2676 --- [neighborfood-pagamento] [           main] o.s.b.f.s.DefaultListableBeanFactory     : Creating shared instance of singleton bean 'org.springframework.boot.sql.init.dependency.DatabaseInitializationDependencyConfigurer$DependsOnDatabaseInitializationPostProcessor'
2024-11-30T12:36:48.962-03:00 DEBUG 2676 --- [neighborfood-pagamento] [           main] o.s.b.f.s.DefaultListableBeanFactory     : Creating shared instance of singleton bean 'org.springframework.context.event.internalEventListenerProcessor'
2024-11-30T12:36:48.966-03:00 DEBUG 2676 --- [neighborfood-pagamento] [           main] o.s.b.f.s.DefaultListableBeanFactory     : Creating shared instance of singleton bean 'preserveErrorControllerTargetClassPostProcessor'
2024-11-30T12:36:48.968-03:00 DEBUG 2676 --- [neighborfood-pagamento] [           main] o.s.b.f.s.DefaultListableBeanFactory     : Creating shared instance of singleton bean 'org.springframework.context.event.internalEventListenerFactory'
2024-11-30T12:36:48.968-03:00 DEBUG 2676 --- [neighborfood-pagamento] [           main] o.s.b.f.s.DefaultListableBeanFactory     : Creating shared instance of singleton bean 'org.springframework.transaction.config.internalTransactionalEventListenerFactory'
2024-11-30T12:36:48.973-03:00 DEBUG 2676 --- [neighborfood-pagamento] [           main] o.s.b.f.s.DefaultListableBeanFactory     : Creating shared instance of singleton bean 'org.springframework.context.annotation.internalAutowiredAnnotationProcessor'
2024-11-30T12:36:48.977-03:00 DEBUG 2676 --- [neighborfood-pagamento] [           main] o.s.b.f.s.DefaultListableBeanFactory     : Creating shared instance of singleton bean 'org.springframework.context.annotation.internalCommonAnnotationProcessor'
2024-11-30T12:36:48.985-03:00 DEBUG 2676 --- [neighborfood-pagamento] [           main] o.s.b.f.s.DefaultListableBeanFactory     : Creating shared instance of singleton bean 'org.springframework.context.annotation.internalPersistenceAnnotationProcessor'
2024-11-30T12:36:48.986-03:00 DEBUG 2676 --- [neighborfood-pagamento] [           main] o.s.b.f.s.DefaultListableBeanFactory     : Creating shared instance of singleton bean 'org.springframework.boot.test.mock.mockito.MockitoPostProcessor$SpyPostProcessor'
2024-11-30T12:36:48.988-03:00 DEBUG 2676 --- [neighborfood-pagamento] [           main] o.s.b.f.s.DefaultListableBeanFactory     : Creating shared instance of singleton bean 'org.springframework.boot.context.properties.ConfigurationPropertiesBindingPostProcessor'
2024-11-30T12:36:48.988-03:00 DEBUG 2676 --- [neighborfood-pagamento] [           main] o.s.b.f.s.DefaultListableBeanFactory     : Creating shared instance of singleton bean 'org.springframework.boot.context.internalConfigurationPropertiesBinder'
2024-11-30T12:36:48.995-03:00 DEBUG 2676 --- [neighborfood-pagamento] [           main] o.s.b.f.s.DefaultListableBeanFactory     : Creating shared instance of singleton bean 'jdbcConnectionDetailsHikariBeanPostProcessor'
2024-11-30T12:36:49.002-03:00 DEBUG 2676 --- [neighborfood-pagamento] [           main] o.s.b.f.s.DefaultListableBeanFactory     : Creating shared instance of singleton bean 'org.springframework.aop.config.internalAutoProxyCreator'
2024-11-30T12:36:49.043-03:00 DEBUG 2676 --- [neighborfood-pagamento] [           main] o.s.b.f.s.DefaultListableBeanFactory     : Creating shared instance of singleton bean 'persistenceExceptionTranslationPostProcessor'
2024-11-30T12:36:49.047-03:00 DEBUG 2676 --- [neighborfood-pagamento] [           main] o.s.b.f.s.DefaultListableBeanFactory     : Autowiring by type from bean name 'persistenceExceptionTranslationPostProcessor' via factory method to bean named 'environment'
2024-11-30T12:36:49.056-03:00 DEBUG 2676 --- [neighborfood-pagamento] [           main] o.s.b.f.s.DefaultListableBeanFactory     : Creating shared instance of singleton bean 'webServerFactoryCustomizerBeanPostProcessor'
2024-11-30T12:36:49.058-03:00 DEBUG 2676 --- [neighborfood-pagamento] [           main] o.s.b.f.s.DefaultListableBeanFactory     : Creating shared instance of singleton bean 'errorPageRegistrarBeanPostProcessor'
2024-11-30T12:36:49.059-03:00 DEBUG 2676 --- [neighborfood-pagamento] [           main] o.s.b.f.s.DefaultListableBeanFactory     : Creating shared instance of singleton bean 'projectingArgumentResolverBeanPostProcessor'
2024-11-30T12:36:49.062-03:00 DEBUG 2676 --- [neighborfood-pagamento] [           main] o.s.b.f.s.DefaultListableBeanFactory     : Creating shared instance of singleton bean 'org.springframework.transaction.config.internalTransactionAdvisor'
2024-11-30T12:36:49.063-03:00 DEBUG 2676 --- [neighborfood-pagamento] [           main] o.s.b.f.s.DefaultListableBeanFactory     : Creating shared instance of singleton bean 'org.springframework.transaction.annotation.ProxyTransactionManagementConfiguration'
2024-11-30T12:36:49.085-03:00 DEBUG 2676 --- [neighborfood-pagamento] [           main] o.s.b.f.s.DefaultListableBeanFactory     : Creating shared instance of singleton bean 'transactionAttributeSource'
2024-11-30T12:36:49.087-03:00 DEBUG 2676 --- [neighborfood-pagamento] [           main] o.s.b.f.s.DefaultListableBeanFactory     : Creating shared instance of singleton bean 'transactionInterceptor'
2024-11-30T12:36:49.089-03:00 DEBUG 2676 --- [neighborfood-pagamento] [           main] o.s.b.f.s.DefaultListableBeanFactory     : Autowiring by type from bean name 'transactionInterceptor' via factory method to bean named 'transactionAttributeSource'
2024-11-30T12:36:49.107-03:00 DEBUG 2676 --- [neighborfood-pagamento] [           main] o.s.b.f.s.DefaultListableBeanFactory     : Autowiring by type from bean name 'org.springframework.transaction.config.internalTransactionAdvisor' via factory method to bean named 'transactionAttributeSource'
2024-11-30T12:36:49.107-03:00 DEBUG 2676 --- [neighborfood-pagamento] [           main] o.s.b.f.s.DefaultListableBeanFactory     : Autowiring by type from bean name 'org.springframework.transaction.config.internalTransactionAdvisor' via factory method to bean named 'transactionInterceptor'
2024-11-30T12:36:49.180-03:00 DEBUG 2676 --- [neighborfood-pagamento] [           main] o.s.u.c.s.UiApplicationContextUtils      : Unable to locate ThemeSource with name 'themeSource': using default [org.springframework.ui.context.support.ResourceBundleThemeSource@7f289126]
2024-11-30T12:36:49.182-03:00 DEBUG 2676 --- [neighborfood-pagamento] [           main] o.s.b.f.s.DefaultListableBeanFactory     : Creating shared instance of singleton bean 'dataSourceScriptDatabaseInitializer'
2024-11-30T12:36:49.183-03:00 DEBUG 2676 --- [neighborfood-pagamento] [           main] o.s.b.f.s.DefaultListableBeanFactory     : Creating shared instance of singleton bean 'org.springframework.boot.autoconfigure.sql.init.DataSourceInitializationConfiguration'
2024-11-30T12:36:49.186-03:00 DEBUG 2676 --- [neighborfood-pagamento] [           main] o.s.b.f.s.DefaultListableBeanFactory     : Creating shared instance of singleton bean 'dataSource'
2024-11-30T12:36:49.368-03:00  INFO 2676 --- [neighborfood-pagamento] [           main] o.s.j.d.e.EmbeddedDatabaseFactory        : Starting embedded database: url='jdbc:h2:mem:04de1e99-e35d-4194-b8e0-de13b85477a0;DB_CLOSE_DELAY=-1;DB_CLOSE_ON_EXIT=false', username='sa'
2024-11-30T12:36:49.380-03:00 DEBUG 2676 --- [neighborfood-pagamento] [           main] o.s.jdbc.datasource.DataSourceUtils      : Fetching JDBC Connection from DataSource
2024-11-30T12:36:49.381-03:00 DEBUG 2676 --- [neighborfood-pagamento] [           main] o.s.j.datasource.SimpleDriverDataSource  : Creating new JDBC Driver Connection to [jdbc:h2:mem:04de1e99-e35d-4194-b8e0-de13b85477a0;DB_CLOSE_DELAY=-1;DB_CLOSE_ON_EXIT=false]
2024-11-30T12:36:49.996-03:00 DEBUG 2676 --- [neighborfood-pagamento] [           main] o.s.b.f.s.DefaultListableBeanFactory     : Creating shared instance of singleton bean 'spring.sql.init-org.springframework.boot.autoconfigure.sql.init.SqlInitializationProperties'
2024-11-30T12:36:49.998-03:00 DEBUG 2676 --- [neighborfood-pagamento] [           main] o.s.b.f.s.DefaultListableBeanFactory     : Creating shared instance of singleton bean 'org.springframework.boot.context.properties.BoundConfigurationProperties'
2024-11-30T12:36:50.025-03:00 DEBUG 2676 --- [neighborfood-pagamento] [           main] o.s.b.f.s.DefaultListableBeanFactory     : Autowiring by type from bean name 'dataSourceScriptDatabaseInitializer' via factory method to bean named 'dataSource'
2024-11-30T12:36:50.026-03:00 DEBUG 2676 --- [neighborfood-pagamento] [           main] o.s.b.f.s.DefaultListableBeanFactory     : Autowiring by type from bean name 'dataSourceScriptDatabaseInitializer' via factory method to bean named 'spring.sql.init-org.springframework.boot.autoconfigure.sql.init.SqlInitializationProperties'
2024-11-30T12:36:50.034-03:00 DEBUG 2676 --- [neighborfood-pagamento] [           main] o.s.b.f.s.DefaultListableBeanFactory     : Creating shared instance of singleton bean 'entityManagerFactory'
2024-11-30T12:36:50.035-03:00 DEBUG 2676 --- [neighborfood-pagamento] [           main] o.s.b.f.s.DefaultListableBeanFactory     : Creating shared instance of singleton bean 'org.springframework.boot.autoconfigure.orm.jpa.HibernateJpaConfiguration'
2024-11-30T12:36:50.038-03:00 DEBUG 2676 --- [neighborfood-pagamento] [           main] o.s.b.f.s.DefaultListableBeanFactory     : Creating shared instance of singleton bean 'spring.jpa-org.springframework.boot.autoconfigure.orm.jpa.JpaProperties'
2024-11-30T12:36:50.051-03:00 DEBUG 2676 --- [neighborfood-pagamento] [           main] o.s.b.f.s.DefaultListableBeanFactory     : Creating shared instance of singleton bean 'spring.jpa.hibernate-org.springframework.boot.autoconfigure.orm.jpa.HibernateProperties'
2024-11-30T12:36:50.055-03:00 DEBUG 2676 --- [neighborfood-pagamento] [           main] o.s.b.f.s.DefaultListableBeanFactory     : Autowiring by type from bean name 'org.springframework.boot.autoconfigure.orm.jpa.HibernateJpaConfiguration' via constructor to bean named 'dataSource'
2024-11-30T12:36:50.056-03:00 DEBUG 2676 --- [neighborfood-pagamento] [           main] o.s.b.f.s.DefaultListableBeanFactory     : Autowiring by type from bean name 'org.springframework.boot.autoconfigure.orm.jpa.HibernateJpaConfiguration' via constructor to bean named 'spring.jpa-org.springframework.boot.autoconfigure.orm.jpa.JpaProperties'
2024-11-30T12:36:50.056-03:00 DEBUG 2676 --- [neighborfood-pagamento] [           main] o.s.b.f.s.DefaultListableBeanFactory     : Autowiring by type from bean name 'org.springframework.boot.autoconfigure.orm.jpa.HibernateJpaConfiguration' via constructor to bean named 'org.springframework.beans.factory.support.DefaultListableBeanFactory@3291d9c2'
2024-11-30T12:36:50.056-03:00 DEBUG 2676 --- [neighborfood-pagamento] [           main] o.s.b.f.s.DefaultListableBeanFactory     : Autowiring by type from bean name 'org.springframework.boot.autoconfigure.orm.jpa.HibernateJpaConfiguration' via constructor to bean named 'spring.jpa.hibernate-org.springframework.boot.autoconfigure.orm.jpa.HibernateProperties'
2024-11-30T12:36:50.059-03:00 DEBUG 2676 --- [neighborfood-pagamento] [           main] o.s.b.f.s.DefaultListableBeanFactory     : Creating shared instance of singleton bean 'hikariPoolDataSourceMetadataProvider'
2024-11-30T12:36:50.060-03:00 DEBUG 2676 --- [neighborfood-pagamento] [           main] o.s.b.f.s.DefaultListableBeanFactory     : Creating shared instance of singleton bean 'org.springframework.boot.autoconfigure.jdbc.metadata.DataSourcePoolMetadataProvidersConfiguration$HikariPoolDataSourceMetadataProviderConfiguration'
2024-11-30T12:36:50.071-03:00 DEBUG 2676 --- [neighborfood-pagamento] [           main] o.s.b.f.s.DefaultListableBeanFactory     : Creating shared instance of singleton bean 'entityManagerFactoryBuilder'
2024-11-30T12:36:50.072-03:00 DEBUG 2676 --- [neighborfood-pagamento] [           main] o.s.b.f.s.DefaultListableBeanFactory     : Creating shared instance of singleton bean 'jpaVendorAdapter'
2024-11-30T12:36:50.113-03:00 DEBUG 2676 --- [neighborfood-pagamento] [           main] o.s.b.f.s.DefaultListableBeanFactory     : Autowiring by type from bean name 'entityManagerFactoryBuilder' via factory method to bean named 'jpaVendorAdapter'
2024-11-30T12:36:50.118-03:00 DEBUG 2676 --- [neighborfood-pagamento] [           main] o.s.b.f.s.DefaultListableBeanFactory     : Creating shared instance of singleton bean 'persistenceManagedTypes'
2024-11-30T12:36:50.120-03:00 DEBUG 2676 --- [neighborfood-pagamento] [           main] o.s.b.f.s.DefaultListableBeanFactory     : Autowiring by type from bean name 'persistenceManagedTypes' via factory method to bean named 'org.springframework.beans.factory.support.DefaultListableBeanFactory@3291d9c2'
2024-11-30T12:36:50.120-03:00 DEBUG 2676 --- [neighborfood-pagamento] [           main] o.s.b.f.s.DefaultListableBeanFactory     : Autowiring by type from bean name 'persistenceManagedTypes' via factory method to bean named 'org.springframework.web.context.support.GenericWebApplicationContext@4315c28c'
2024-11-30T12:36:50.141-03:00 DEBUG 2676 --- [neighborfood-pagamento] [           main] o.s.b.f.s.DefaultListableBeanFactory     : Autowiring by type from bean name 'entityManagerFactory' via factory method to bean named 'entityManagerFactoryBuilder'
2024-11-30T12:36:50.141-03:00 DEBUG 2676 --- [neighborfood-pagamento] [           main] o.s.b.f.s.DefaultListableBeanFactory     : Autowiring by type from bean name 'entityManagerFactory' via factory method to bean named 'persistenceManagedTypes'
2024-11-30T12:36:50.192-03:00 DEBUG 2676 --- [neighborfood-pagamento] [           main] j.LocalContainerEntityManagerFactoryBean : Building JPA container EntityManagerFactory for persistence unit 'default'
2024-11-30T12:36:50.237-03:00  INFO 2676 --- [neighborfood-pagamento] [           main] o.hibernate.jpa.internal.util.LogHelper  : HHH000204: Processing PersistenceUnitInfo [name: default]
2024-11-30T12:36:50.446-03:00  INFO 2676 --- [neighborfood-pagamento] [           main] org.hibernate.Version                    : HHH000412: Hibernate ORM core version 6.4.4.Final
2024-11-30T12:36:50.566-03:00  INFO 2676 --- [neighborfood-pagamento] [           main] o.h.c.internal.RegionFactoryInitiator    : HHH000026: Second-level cache disabled
2024-11-30T12:36:51.344-03:00  INFO 2676 --- [neighborfood-pagamento] [           main] o.s.o.j.p.SpringPersistenceUnitInfo      : No LoadTimeWeaver setup: ignoring JPA class transformer
2024-11-30T12:36:51.433-03:00 DEBUG 2676 --- [neighborfood-pagamento] [           main] o.s.j.datasource.SimpleDriverDataSource  : Creating new JDBC Driver Connection to [jdbc:h2:mem:04de1e99-e35d-4194-b8e0-de13b85477a0;DB_CLOSE_DELAY=-1;DB_CLOSE_ON_EXIT=false]
2024-11-30T12:36:51.493-03:00  WARN 2676 --- [neighborfood-pagamento] [           main] org.hibernate.dialect.Dialect            : HHH000511: The 2.2.0 version for [org.hibernate.dialect.PostgreSQLDialect] is no longer supported, hence certain features may not work properly. The minimum supported version is 12.0.0. Check the community dialects project for available legacy versions.
2024-11-30T12:36:51.508-03:00  WARN 2676 --- [neighborfood-pagamento] [           main] org.hibernate.orm.deprecation            : HHH90000025: PostgreSQLDialect does not need to be specified explicitly using 'hibernate.dialect' (remove the property setting and it will be selected by default)
2024-11-30T12:36:52.075-03:00 DEBUG 2676 --- [neighborfood-pagamento] [           main] o.s.j.datasource.SimpleDriverDataSource  : Creating new JDBC Driver Connection to [jdbc:h2:mem:04de1e99-e35d-4194-b8e0-de13b85477a0;DB_CLOSE_DELAY=-1;DB_CLOSE_ON_EXIT=false]
2024-11-30T12:36:53.610-03:00  INFO 2676 --- [neighborfood-pagamento] [           main] o.h.e.t.j.p.i.JtaPlatformInitiator       : HHH000489: No JTA platform available (set 'hibernate.transaction.jta.platform' to enable JTA platform integration)
2024-11-30T12:36:53.665-03:00 DEBUG 2676 --- [neighborfood-pagamento] [           main] o.s.j.datasource.SimpleDriverDataSource  : Creating new JDBC Driver Connection to [jdbc:h2:mem:04de1e99-e35d-4194-b8e0-de13b85477a0;DB_CLOSE_DELAY=-1;DB_CLOSE_ON_EXIT=false]
2024-11-30T12:36:53.680-03:00 DEBUG 2676 --- [neighborfood-pagamento] [           main] o.s.j.datasource.SimpleDriverDataSource  : Creating new JDBC Driver Connection to [jdbc:h2:mem:04de1e99-e35d-4194-b8e0-de13b85477a0;DB_CLOSE_DELAY=-1;DB_CLOSE_ON_EXIT=false]
2024-11-30T12:36:53.713-03:00  INFO 2676 --- [neighborfood-pagamento] [           main] j.LocalContainerEntityManagerFactoryBean : Initialized JPA EntityManagerFactory for persistence unit 'default'
2024-11-30T12:36:53.723-03:00 DEBUG 2676 --- [neighborfood-pagamento] [           main] o.s.b.f.s.DefaultListableBeanFactory     : Creating shared instance of singleton bean 'neighborfoodApplication'
2024-11-30T12:36:53.725-03:00 DEBUG 2676 --- [neighborfood-pagamento] [           main] o.s.b.f.s.DefaultListableBeanFactory     : Creating shared instance of singleton bean 'pagamentoControllerDomain'
2024-11-30T12:36:53.730-03:00 DEBUG 2676 --- [neighborfood-pagamento] [           main] o.s.b.f.s.DefaultListableBeanFactory     : Creating shared instance of singleton bean 'pagamentoUseCase'
2024-11-30T12:36:53.731-03:00 DEBUG 2676 --- [neighborfood-pagamento] [           main] o.s.b.f.s.DefaultListableBeanFactory     : Creating shared instance of singleton bean 'pagamentoRepositoryGateway'
2024-11-30T12:36:53.733-03:00 DEBUG 2676 --- [neighborfood-pagamento] [           main] o.s.b.f.s.DefaultListableBeanFactory     : Creating shared instance of singleton bean 'pagamentoRepository'
2024-11-30T12:36:53.760-03:00 DEBUG 2676 --- [neighborfood-pagamento] [           main] o.s.b.f.s.DefaultListableBeanFactory     : Creating shared instance of singleton bean 'jpa.named-queries#0'
2024-11-30T12:36:53.769-03:00 DEBUG 2676 --- [neighborfood-pagamento] [           main] o.s.b.f.s.DefaultListableBeanFactory     : Creating shared instance of singleton bean 'jpa.PagamentoRepository.fragments#0'
2024-11-30T12:36:53.783-03:00 DEBUG 2676 --- [neighborfood-pagamento] [           main] o.s.b.f.s.DefaultListableBeanFactory     : Creating shared instance of singleton bean 'jpaSharedEM_entityManagerFactory'
2024-11-30T12:36:53.889-03:00 DEBUG 2676 --- [neighborfood-pagamento] [           main] o.s.b.f.s.DefaultListableBeanFactory     : Creating shared instance of singleton bean 'jpaMappingContext'
2024-11-30T12:36:53.891-03:00 DEBUG 2676 --- [neighborfood-pagamento] [           main] .c.JpaMetamodelMappingContextFactoryBean : Initializing JpaMetamodelMappingContext…
2024-11-30T12:36:53.970-03:00 DEBUG 2676 --- [neighborfood-pagamento] [           main] .c.JpaMetamodelMappingContextFactoryBean : Finished initializing JpaMetamodelMappingContext
2024-11-30T12:36:54.041-03:00 DEBUG 2676 --- [neighborfood-pagamento] [           main] tor$SharedEntityManagerInvocationHandler : Creating new EntityManager for shared EntityManager invocation
2024-11-30T12:36:54.207-03:00 DEBUG 2676 --- [neighborfood-pagamento] [           main] tor$SharedEntityManagerInvocationHandler : Creating new EntityManager for shared EntityManager invocation
2024-11-30T12:36:54.303-03:00 DEBUG 2676 --- [neighborfood-pagamento] [           main] o.s.d.r.c.s.RepositoryFactorySupport     : Initializing repository instance for br.com.techchallenge.fiap.neighborfood.infrastructure.persistence.payment.PagamentoRepository…
2024-11-30T12:36:54.355-03:00 DEBUG 2676 --- [neighborfood-pagamento] [           main] tor$SharedEntityManagerInvocationHandler : Creating new EntityManager for shared EntityManager invocation
2024-11-30T12:36:54.484-03:00 DEBUG 2676 --- [neighborfood-pagamento] [           main] o.s.d.jpa.repository.query.NamedQuery    : Looking up named query PagamentoEntity.findByIdPedido
2024-11-30T12:36:54.493-03:00 DEBUG 2676 --- [neighborfood-pagamento] [           main] o.s.d.jpa.repository.query.NamedQuery    : Did not find named query PagamentoEntity.findByIdPedido
2024-11-30T12:36:54.507-03:00 DEBUG 2676 --- [neighborfood-pagamento] [           main] tor$SharedEntityManagerInvocationHandler : Creating new EntityManager for shared EntityManager invocation
2024-11-30T12:36:54.712-03:00 DEBUG 2676 --- [neighborfood-pagamento] [           main] o.s.d.r.c.s.RepositoryFactorySupport     : Finished creation of repository instance for br.com.techchallenge.fiap.neighborfood.infrastructure.persistence.payment.PagamentoRepository.
2024-11-30T12:36:54.728-03:00 DEBUG 2676 --- [neighborfood-pagamento] [           main] o.s.b.f.s.DefaultListableBeanFactory     : Autowiring by type from bean name 'pagamentoRepositoryGateway' via constructor to bean named 'pagamentoRepository'
2024-11-30T12:36:54.729-03:00 DEBUG 2676 --- [neighborfood-pagamento] [           main] o.s.b.f.s.DefaultListableBeanFactory     : Autowiring by type from bean name 'pagamentoUseCase' via constructor to bean named 'pagamentoRepositoryGateway'
2024-11-30T12:36:54.731-03:00 DEBUG 2676 --- [neighborfood-pagamento] [           main] o.s.b.f.s.DefaultListableBeanFactory     : Autowiring by type from bean name 'pagamentoControllerDomain' via constructor to bean named 'pagamentoUseCase'
2024-11-30T12:36:54.732-03:00 DEBUG 2676 --- [neighborfood-pagamento] [           main] o.s.b.f.s.DefaultListableBeanFactory     : Creating shared instance of singleton bean 'beanConfig'
2024-11-30T12:36:54.734-03:00 DEBUG 2676 --- [neighborfood-pagamento] [           main] o.s.b.f.s.DefaultListableBeanFactory     : Creating shared instance of singleton bean 'pagamentoController'
2024-11-30T12:36:54.750-03:00 DEBUG 2676 --- [neighborfood-pagamento] [           main] o.s.b.f.s.DefaultListableBeanFactory     : Autowiring by type from bean name 'pagamentoController' via constructor to bean named 'pagamentoControllerDomain'
2024-11-30T12:36:54.754-03:00 DEBUG 2676 --- [neighborfood-pagamento] [           main] o.s.b.f.s.DefaultListableBeanFactory     : Creating shared instance of singleton bean 'gera'
2024-11-30T12:36:54.755-03:00 DEBUG 2676 --- [neighborfood-pagamento] [           main] o.s.b.f.s.DefaultListableBeanFactory     : Autowiring by type from bean name 'gera' via factory method to bean named 'pagamentoRepository'
2024-11-30T12:36:54.757-03:00 DEBUG 2676 --- [neighborfood-pagamento] [           main] o.s.b.f.s.DefaultListableBeanFactory     : Creating shared instance of singleton bean 'org.springframework.boot.autoconfigure.context.PropertyPlaceholderAutoConfiguration'
2024-11-30T12:36:54.758-03:00 DEBUG 2676 --- [neighborfood-pagamento] [           main] o.s.b.f.s.DefaultListableBeanFactory     : Creating shared instance of singleton bean 'org.springframework.boot.autoconfigure.ssl.SslAutoConfiguration'
2024-11-30T12:36:54.760-03:00 DEBUG 2676 --- [neighborfood-pagamento] [           main] o.s.b.f.s.DefaultListableBeanFactory     : Creating shared instance of singleton bean 'spring.ssl-org.springframework.boot.autoconfigure.ssl.SslProperties'
2024-11-30T12:36:54.769-03:00 DEBUG 2676 --- [neighborfood-pagamento] [           main] o.s.b.f.s.DefaultListableBeanFactory     : Autowiring by type from bean name 'org.springframework.boot.autoconfigure.ssl.SslAutoConfiguration' via constructor to bean named 'spring.ssl-org.springframework.boot.autoconfigure.ssl.SslProperties'
2024-11-30T12:36:54.771-03:00 DEBUG 2676 --- [neighborfood-pagamento] [           main] o.s.b.f.s.DefaultListableBeanFactory     : Creating shared instance of singleton bean 'fileWatcher'
2024-11-30T12:36:54.777-03:00 DEBUG 2676 --- [neighborfood-pagamento] [           main] o.s.b.f.s.DefaultListableBeanFactory     : Creating shared instance of singleton bean 'sslPropertiesSslBundleRegistrar'
2024-11-30T12:36:54.779-03:00 DEBUG 2676 --- [neighborfood-pagamento] [           main] o.s.b.f.s.DefaultListableBeanFactory     : Autowiring by type from bean name 'sslPropertiesSslBundleRegistrar' via factory method to bean named 'fileWatcher'
2024-11-30T12:36:54.793-03:00 DEBUG 2676 --- [neighborfood-pagamento] [           main] o.s.b.f.s.DefaultListableBeanFactory     : Creating shared instance of singleton bean 'sslBundleRegistry'
2024-11-30T12:36:54.833-03:00 DEBUG 2676 --- [neighborfood-pagamento] [           main] o.s.b.f.s.DefaultListableBeanFactory     : Creating shared instance of singleton bean 'org.springframework.boot.context.properties.EnableConfigurationPropertiesRegistrar.methodValidationExcludeFilter'
2024-11-30T12:36:54.845-03:00 DEBUG 2676 --- [neighborfood-pagamento] [           main] o.s.b.f.s.DefaultListableBeanFactory     : Creating shared instance of singleton bean 'org.springframework.boot.autoconfigure.websocket.servlet.WebSocketServletAutoConfiguration$TomcatWebSocketConfiguration'
2024-11-30T12:36:54.847-03:00 DEBUG 2676 --- [neighborfood-pagamento] [           main] o.s.b.f.s.DefaultListableBeanFactory     : Creating shared instance of singleton bean 'websocketServletWebServerCustomizer'
2024-11-30T12:36:54.857-03:00 DEBUG 2676 --- [neighborfood-pagamento] [           main] o.s.b.f.s.DefaultListableBeanFactory     : Creating shared instance of singleton bean 'org.springframework.boot.autoconfigure.websocket.servlet.WebSocketServletAutoConfiguration'
2024-11-30T12:36:54.860-03:00 DEBUG 2676 --- [neighborfood-pagamento] [           main] o.s.b.f.s.DefaultListableBeanFactory     : Creating shared instance of singleton bean 'org.springframework.boot.autoconfigure.web.servlet.ServletWebServerFactoryConfiguration$EmbeddedTomcat'
2024-11-30T12:36:54.862-03:00 DEBUG 2676 --- [neighborfood-pagamento] [           main] o.s.b.f.s.DefaultListableBeanFactory     : Creating shared instance of singleton bean 'tomcatServletWebServerFactory'
2024-11-30T12:36:55.106-03:00 DEBUG 2676 --- [neighborfood-pagamento] [           main] o.s.b.f.s.DefaultListableBeanFactory     : Creating shared instance of singleton bean 'servletWebServerFactoryCustomizer'
2024-11-30T12:36:55.107-03:00 DEBUG 2676 --- [neighborfood-pagamento] [           main] o.s.b.f.s.DefaultListableBeanFactory     : Creating shared instance of singleton bean 'org.springframework.boot.autoconfigure.web.servlet.ServletWebServerFactoryAutoConfiguration'
2024-11-30T12:36:55.112-03:00 DEBUG 2676 --- [neighborfood-pagamento] [           main] o.s.b.f.s.DefaultListableBeanFactory     : Creating shared instance of singleton bean 'server-org.springframework.boot.autoconfigure.web.ServerProperties'
2024-11-30T12:36:55.141-03:00 DEBUG 2676 --- [neighborfood-pagamento] [           main] o.s.b.f.s.DefaultListableBeanFactory     : Autowiring by type from bean name 'servletWebServerFactoryCustomizer' via factory method to bean named 'server-org.springframework.boot.autoconfigure.web.ServerProperties'
2024-11-30T12:36:55.147-03:00 DEBUG 2676 --- [neighborfood-pagamento] [           main] o.s.b.f.s.DefaultListableBeanFactory     : Creating shared instance of singleton bean 'tomcatServletWebServerFactoryCustomizer'
2024-11-30T12:36:55.147-03:00 DEBUG 2676 --- [neighborfood-pagamento] [           main] o.s.b.f.s.DefaultListableBeanFactory     : Autowiring by type from bean name 'tomcatServletWebServerFactoryCustomizer' via factory method to bean named 'server-org.springframework.boot.autoconfigure.web.ServerProperties'
2024-11-30T12:36:55.148-03:00 DEBUG 2676 --- [neighborfood-pagamento] [           main] o.s.b.f.s.DefaultListableBeanFactory     : Creating shared instance of singleton bean 'localeCharsetMappingsCustomizer'
2024-11-30T12:36:55.149-03:00 DEBUG 2676 --- [neighborfood-pagamento] [           main] o.s.b.f.s.DefaultListableBeanFactory     : Creating shared instance of singleton bean 'org.springframework.boot.autoconfigure.web.servlet.HttpEncodingAutoConfiguration'
2024-11-30T12:36:55.149-03:00 DEBUG 2676 --- [neighborfood-pagamento] [           main] o.s.b.f.s.DefaultListableBeanFactory     : Autowiring by type from bean name 'org.springframework.boot.autoconfigure.web.servlet.HttpEncodingAutoConfiguration' via constructor to bean named 'server-org.springframework.boot.autoconfigure.web.ServerProperties'
2024-11-30T12:36:55.191-03:00 DEBUG 2676 --- [neighborfood-pagamento] [           main] o.s.b.f.s.DefaultListableBeanFactory     : Creating shared instance of singleton bean 'errorPageCustomizer'
2024-11-30T12:36:55.191-03:00 DEBUG 2676 --- [neighborfood-pagamento] [           main] o.s.b.f.s.DefaultListableBeanFactory     : Creating shared instance of singleton bean 'org.springframework.boot.autoconfigure.web.servlet.error.ErrorMvcAutoConfiguration'
2024-11-30T12:36:55.192-03:00 DEBUG 2676 --- [neighborfood-pagamento] [           main] o.s.b.f.s.DefaultListableBeanFactory     : Autowiring by type from bean name 'org.springframework.boot.autoconfigure.web.servlet.error.ErrorMvcAutoConfiguration' via constructor to bean named 'server-org.springframework.boot.autoconfigure.web.ServerProperties'
2024-11-30T12:36:55.194-03:00 DEBUG 2676 --- [neighborfood-pagamento] [           main] o.s.b.f.s.DefaultListableBeanFactory     : Creating shared instance of singleton bean 'dispatcherServletRegistration'
2024-11-30T12:36:55.195-03:00 DEBUG 2676 --- [neighborfood-pagamento] [           main] o.s.b.f.s.DefaultListableBeanFactory     : Creating shared instance of singleton bean 'org.springframework.boot.autoconfigure.web.servlet.DispatcherServletAutoConfiguration$DispatcherServletRegistrationConfiguration'
2024-11-30T12:36:55.197-03:00 DEBUG 2676 --- [neighborfood-pagamento] [           main] o.s.b.f.s.DefaultListableBeanFactory     : Creating shared instance of singleton bean 'dispatcherServlet'
2024-11-30T12:36:55.197-03:00 DEBUG 2676 --- [neighborfood-pagamento] [           main] o.s.b.f.s.DefaultListableBeanFactory     : Creating shared instance of singleton bean 'org.springframework.boot.autoconfigure.web.servlet.DispatcherServletAutoConfiguration$DispatcherServletConfiguration'
2024-11-30T12:36:55.199-03:00 DEBUG 2676 --- [neighborfood-pagamento] [           main] o.s.b.f.s.DefaultListableBeanFactory     : Creating shared instance of singleton bean 'spring.mvc-org.springframework.boot.autoconfigure.web.servlet.WebMvcProperties'
2024-11-30T12:36:55.214-03:00 DEBUG 2676 --- [neighborfood-pagamento] [           main] o.s.b.f.s.DefaultListableBeanFactory     : Autowiring by type from bean name 'dispatcherServlet' via factory method to bean named 'spring.mvc-org.springframework.boot.autoconfigure.web.servlet.WebMvcProperties'
2024-11-30T12:36:55.254-03:00 DEBUG 2676 --- [neighborfood-pagamento] [           main] o.s.b.f.s.DefaultListableBeanFactory     : Autowiring by type from bean name 'dispatcherServletRegistration' via factory method to bean named 'dispatcherServlet'
2024-11-30T12:36:55.255-03:00 DEBUG 2676 --- [neighborfood-pagamento] [           main] o.s.b.f.s.DefaultListableBeanFactory     : Autowiring by type from bean name 'dispatcherServletRegistration' via factory method to bean named 'spring.mvc-org.springframework.boot.autoconfigure.web.servlet.WebMvcProperties'
2024-11-30T12:36:55.258-03:00 DEBUG 2676 --- [neighborfood-pagamento] [           main] o.s.b.f.s.DefaultListableBeanFactory     : Creating shared instance of singleton bean 'multipartConfigElement'
2024-11-30T12:36:55.259-03:00 DEBUG 2676 --- [neighborfood-pagamento] [           main] o.s.b.f.s.DefaultListableBeanFactory     : Creating shared instance of singleton bean 'org.springframework.boot.autoconfigure.web.servlet.MultipartAutoConfiguration'
2024-11-30T12:36:55.260-03:00 DEBUG 2676 --- [neighborfood-pagamento] [           main] o.s.b.f.s.DefaultListableBeanFactory     : Creating shared instance of singleton bean 'spring.servlet.multipart-org.springframework.boot.autoconfigure.web.servlet.MultipartProperties'
2024-11-30T12:36:55.270-03:00 DEBUG 2676 --- [neighborfood-pagamento] [           main] o.s.b.f.s.DefaultListableBeanFactory     : Autowiring by type from bean name 'org.springframework.boot.autoconfigure.web.servlet.MultipartAutoConfiguration' via constructor to bean named 'spring.servlet.multipart-org.springframework.boot.autoconfigure.web.servlet.MultipartProperties'
2024-11-30T12:36:55.279-03:00 DEBUG 2676 --- [neighborfood-pagamento] [           main] o.s.b.f.s.DefaultListableBeanFactory     : Autowiring by type from bean name 'errorPageCustomizer' via factory method to bean named 'dispatcherServletRegistration'
2024-11-30T12:36:55.286-03:00 DEBUG 2676 --- [neighborfood-pagamento] [           main] o.s.b.f.s.DefaultListableBeanFactory     : Creating shared instance of singleton bean 'org.springframework.boot.autoconfigure.web.servlet.DispatcherServletAutoConfiguration'
2024-11-30T12:36:55.287-03:00 DEBUG 2676 --- [neighborfood-pagamento] [           main] o.s.b.f.s.DefaultListableBeanFactory     : Creating shared instance of singleton bean 'org.springframework.boot.autoconfigure.task.TaskExecutorConfigurations$ThreadPoolTaskExecutorBuilderConfiguration'
2024-11-30T12:36:55.289-03:00 DEBUG 2676 --- [neighborfood-pagamento] [           main] o.s.b.f.s.DefaultListableBeanFactory     : Creating shared instance of singleton bean 'threadPoolTaskExecutorBuilder'
2024-11-30T12:36:55.290-03:00 DEBUG 2676 --- [neighborfood-pagamento] [           main] o.s.b.f.s.DefaultListableBeanFactory     : Creating shared instance of singleton bean 'spring.task.execution-org.springframework.boot.autoconfigure.task.TaskExecutionProperties'
2024-11-30T12:36:55.295-03:00 DEBUG 2676 --- [neighborfood-pagamento] [           main] o.s.b.f.s.DefaultListableBeanFactory     : Autowiring by type from bean name 'threadPoolTaskExecutorBuilder' via factory method to bean named 'spring.task.execution-org.springframework.boot.autoconfigure.task.TaskExecutionProperties'
2024-11-30T12:36:55.301-03:00 DEBUG 2676 --- [neighborfood-pagamento] [           main] o.s.b.f.s.DefaultListableBeanFactory     : Creating shared instance of singleton bean 'org.springframework.boot.autoconfigure.task.TaskExecutorConfigurations$TaskExecutorBuilderConfiguration'
2024-11-30T12:36:55.302-03:00 DEBUG 2676 --- [neighborfood-pagamento] [           main] o.s.b.f.s.DefaultListableBeanFactory     : Creating shared instance of singleton bean 'taskExecutorBuilder'
2024-11-30T12:36:55.303-03:00 DEBUG 2676 --- [neighborfood-pagamento] [           main] o.s.b.f.s.DefaultListableBeanFactory     : Autowiring by type from bean name 'taskExecutorBuilder' via factory method to bean named 'spring.task.execution-org.springframework.boot.autoconfigure.task.TaskExecutionProperties'
2024-11-30T12:36:55.306-03:00 DEBUG 2676 --- [neighborfood-pagamento] [           main] o.s.b.f.s.DefaultListableBeanFactory     : Creating shared instance of singleton bean 'org.springframework.boot.autoconfigure.task.TaskExecutorConfigurations$SimpleAsyncTaskExecutorBuilderConfiguration'
2024-11-30T12:36:55.308-03:00 DEBUG 2676 --- [neighborfood-pagamento] [           main] o.s.b.f.s.DefaultListableBeanFactory     : Autowiring by type from bean name 'org.springframework.boot.autoconfigure.task.TaskExecutorConfigurations$SimpleAsyncTaskExecutorBuilderConfiguration' via constructor to bean named 'spring.task.execution-org.springframework.boot.autoconfigure.task.TaskExecutionProperties'
2024-11-30T12:36:55.310-03:00 DEBUG 2676 --- [neighborfood-pagamento] [           main] o.s.b.f.s.DefaultListableBeanFactory     : Creating shared instance of singleton bean 'simpleAsyncTaskExecutorBuilder'
2024-11-30T12:36:55.313-03:00 DEBUG 2676 --- [neighborfood-pagamento] [           main] o.s.b.f.s.DefaultListableBeanFactory     : Creating shared instance of singleton bean 'org.springframework.boot.autoconfigure.task.TaskExecutorConfigurations$TaskExecutorConfiguration'
2024-11-30T12:36:55.315-03:00 DEBUG 2676 --- [neighborfood-pagamento] [           main] o.s.b.f.s.DefaultListableBeanFactory     : Creating shared instance of singleton bean 'org.springframework.boot.autoconfigure.task.TaskExecutionAutoConfiguration'
2024-11-30T12:36:55.316-03:00 DEBUG 2676 --- [neighborfood-pagamento] [           main] o.s.b.f.s.DefaultListableBeanFactory     : Creating shared instance of singleton bean 'org.springframework.boot.autoconfigure.web.servlet.error.ErrorMvcAutoConfiguration$WhitelabelErrorViewConfiguration'
2024-11-30T12:36:55.318-03:00 DEBUG 2676 --- [neighborfood-pagamento] [           main] o.s.b.f.s.DefaultListableBeanFactory     : Creating shared instance of singleton bean 'error'
2024-11-30T12:36:55.319-03:00 DEBUG 2676 --- [neighborfood-pagamento] [           main] o.s.b.f.s.DefaultListableBeanFactory     : Creating shared instance of singleton bean 'beanNameViewResolver'
2024-11-30T12:36:55.323-03:00 DEBUG 2676 --- [neighborfood-pagamento] [           main] o.s.b.f.s.DefaultListableBeanFactory     : Creating shared instance of singleton bean 'org.springframework.boot.autoconfigure.web.servlet.error.ErrorMvcAutoConfiguration$DefaultErrorViewResolverConfiguration'
2024-11-30T12:36:55.325-03:00 DEBUG 2676 --- [neighborfood-pagamento] [           main] o.s.b.f.s.DefaultListableBeanFactory     : Creating shared instance of singleton bean 'spring.web-org.springframework.boot.autoconfigure.web.WebProperties'
2024-11-30T12:36:55.335-03:00 DEBUG 2676 --- [neighborfood-pagamento] [           main] o.s.b.f.s.DefaultListableBeanFactory     : Autowiring by type from bean name 'org.springframework.boot.autoconfigure.web.servlet.error.ErrorMvcAutoConfiguration$DefaultErrorViewResolverConfiguration' via constructor to bean named 'org.springframework.web.context.support.GenericWebApplicationContext@4315c28c'
2024-11-30T12:36:55.336-03:00 DEBUG 2676 --- [neighborfood-pagamento] [           main] o.s.b.f.s.DefaultListableBeanFactory     : Autowiring by type from bean name 'org.springframework.boot.autoconfigure.web.servlet.error.ErrorMvcAutoConfiguration$DefaultErrorViewResolverConfiguration' via constructor to bean named 'spring.web-org.springframework.boot.autoconfigure.web.WebProperties'
2024-11-30T12:36:55.338-03:00 DEBUG 2676 --- [neighborfood-pagamento] [           main] o.s.b.f.s.DefaultListableBeanFactory     : Creating shared instance of singleton bean 'conventionErrorViewResolver'
2024-11-30T12:36:55.340-03:00 DEBUG 2676 --- [neighborfood-pagamento] [           main] o.s.b.f.s.DefaultListableBeanFactory     : Creating shared instance of singleton bean 'errorAttributes'
2024-11-30T12:36:55.345-03:00 DEBUG 2676 --- [neighborfood-pagamento] [           main] o.s.b.f.s.DefaultListableBeanFactory     : Creating shared instance of singleton bean 'basicErrorController'
2024-11-30T12:36:55.346-03:00 DEBUG 2676 --- [neighborfood-pagamento] [           main] o.s.b.f.s.DefaultListableBeanFactory     : Autowiring by type from bean name 'basicErrorController' via factory method to bean named 'errorAttributes'
2024-11-30T12:36:55.359-03:00 DEBUG 2676 --- [neighborfood-pagamento] [           main] o.s.b.f.s.DefaultListableBeanFactory     : Creating shared instance of singleton bean 'org.springframework.boot.autoconfigure.web.servlet.WebMvcAutoConfiguration$EnableWebMvcConfiguration'
2024-11-30T12:36:55.362-03:00 DEBUG 2676 --- [neighborfood-pagamento] [           main] o.s.b.f.s.DefaultListableBeanFactory     : Autowiring by type from bean name 'org.springframework.boot.autoconfigure.web.servlet.WebMvcAutoConfiguration$EnableWebMvcConfiguration' via constructor to bean named 'spring.mvc-org.springframework.boot.autoconfigure.web.servlet.WebMvcProperties'
2024-11-30T12:36:55.362-03:00 DEBUG 2676 --- [neighborfood-pagamento] [           main] o.s.b.f.s.DefaultListableBeanFactory     : Autowiring by type from bean name 'org.springframework.boot.autoconfigure.web.servlet.WebMvcAutoConfiguration$EnableWebMvcConfiguration' via constructor to bean named 'spring.web-org.springframework.boot.autoconfigure.web.WebProperties'
2024-11-30T12:36:55.362-03:00 DEBUG 2676 --- [neighborfood-pagamento] [           main] o.s.b.f.s.DefaultListableBeanFactory     : Autowiring by type from bean name 'org.springframework.boot.autoconfigure.web.servlet.WebMvcAutoConfiguration$EnableWebMvcConfiguration' via constructor to bean named 'org.springframework.beans.factory.support.DefaultListableBeanFactory@3291d9c2'
2024-11-30T12:36:55.373-03:00 DEBUG 2676 --- [neighborfood-pagamento] [           main] o.s.b.f.s.DefaultListableBeanFactory     : Creating shared instance of singleton bean 'org.springframework.boot.autoconfigure.web.servlet.WebMvcAutoConfiguration$WebMvcAutoConfigurationAdapter'
2024-11-30T12:36:55.374-03:00 DEBUG 2676 --- [neighborfood-pagamento] [           main] o.s.b.f.s.DefaultListableBeanFactory     : Autowiring by type from bean name 'org.springframework.boot.autoconfigure.web.servlet.WebMvcAutoConfiguration$WebMvcAutoConfigurationAdapter' via constructor to bean named 'spring.web-org.springframework.boot.autoconfigure.web.WebProperties'
2024-11-30T12:36:55.375-03:00 DEBUG 2676 --- [neighborfood-pagamento] [           main] o.s.b.f.s.DefaultListableBeanFactory     : Autowiring by type from bean name 'org.springframework.boot.autoconfigure.web.servlet.WebMvcAutoConfiguration$WebMvcAutoConfigurationAdapter' via constructor to bean named 'spring.mvc-org.springframework.boot.autoconfigure.web.servlet.WebMvcProperties'
2024-11-30T12:36:55.375-03:00 DEBUG 2676 --- [neighborfood-pagamento] [           main] o.s.b.f.s.DefaultListableBeanFactory     : Autowiring by type from bean name 'org.springframework.boot.autoconfigure.web.servlet.WebMvcAutoConfiguration$WebMvcAutoConfigurationAdapter' via constructor to bean named 'org.springframework.beans.factory.support.DefaultListableBeanFactory@3291d9c2'
2024-11-30T12:36:55.388-03:00 DEBUG 2676 --- [neighborfood-pagamento] [           main] o.s.b.f.s.DefaultListableBeanFactory     : Creating shared instance of singleton bean 'swaggerWebMvcConfigurer'
2024-11-30T12:36:55.388-03:00 DEBUG 2676 --- [neighborfood-pagamento] [           main] o.s.b.f.s.DefaultListableBeanFactory     : Creating shared instance of singleton bean 'org.springdoc.webmvc.ui.SwaggerConfig'
2024-11-30T12:36:55.392-03:00 DEBUG 2676 --- [neighborfood-pagamento] [           main] o.s.b.f.s.DefaultListableBeanFactory     : Creating shared instance of singleton bean 'org.springdoc.core.properties.SwaggerUiConfigParameters'
2024-11-30T12:36:55.395-03:00 DEBUG 2676 --- [neighborfood-pagamento] [           main] o.s.b.f.s.DefaultListableBeanFactory     : Creating shared instance of singleton bean 'org.springdoc.core.properties.SwaggerUiConfigProperties'
2024-11-30T12:36:55.415-03:00 DEBUG 2676 --- [neighborfood-pagamento] [           main] o.s.b.f.s.DefaultListableBeanFactory     : Autowiring by type from bean name 'org.springdoc.core.properties.SwaggerUiConfigParameters' via constructor to bean named 'org.springdoc.core.properties.SwaggerUiConfigProperties'
2024-11-30T12:36:55.430-03:00 DEBUG 2676 --- [neighborfood-pagamento] [           main] o.s.b.f.s.DefaultListableBeanFactory     : Creating shared instance of singleton bean 'indexPageTransformer'
2024-11-30T12:36:55.431-03:00 DEBUG 2676 --- [neighborfood-pagamento] [           main] o.s.b.f.s.DefaultListableBeanFactory     : Creating shared instance of singleton bean 'org.springdoc.core.properties.SwaggerUiOAuthProperties'
2024-11-30T12:36:55.440-03:00 DEBUG 2676 --- [neighborfood-pagamento] [           main] o.s.b.f.s.DefaultListableBeanFactory     : Creating shared instance of singleton bean 'swaggerWelcome'
2024-11-30T12:36:55.441-03:00 DEBUG 2676 --- [neighborfood-pagamento] [           main] o.s.b.f.s.DefaultListableBeanFactory     : Creating shared instance of singleton bean 'org.springdoc.core.properties.SpringDocConfigProperties'
2024-11-30T12:36:55.457-03:00 DEBUG 2676 --- [neighborfood-pagamento] [           main] o.s.b.f.s.DefaultListableBeanFactory     : Creating shared instance of singleton bean 'springWebProvider'
2024-11-30T12:36:55.457-03:00 DEBUG 2676 --- [neighborfood-pagamento] [           main] o.s.b.f.s.DefaultListableBeanFactory     : Creating shared instance of singleton bean 'org.springdoc.webmvc.core.configuration.SpringDocWebMvcConfiguration'
2024-11-30T12:36:55.470-03:00 DEBUG 2676 --- [neighborfood-pagamento] [           main] o.s.b.f.s.DefaultListableBeanFactory     : Autowiring by type from bean name 'swaggerWelcome' via factory method to bean named 'org.springdoc.core.properties.SwaggerUiConfigProperties'
2024-11-30T12:36:55.470-03:00 DEBUG 2676 --- [neighborfood-pagamento] [           main] o.s.b.f.s.DefaultListableBeanFactory     : Autowiring by type from bean name 'swaggerWelcome' via factory method to bean named 'org.springdoc.core.properties.SpringDocConfigProperties'
2024-11-30T12:36:55.471-03:00 DEBUG 2676 --- [neighborfood-pagamento] [           main] o.s.b.f.s.DefaultListableBeanFactory     : Autowiring by type from bean name 'swaggerWelcome' via factory method to bean named 'org.springdoc.core.properties.SwaggerUiConfigParameters'
2024-11-30T12:36:55.471-03:00 DEBUG 2676 --- [neighborfood-pagamento] [           main] o.s.b.f.s.DefaultListableBeanFactory     : Autowiring by type from bean name 'swaggerWelcome' via factory method to bean named 'springWebProvider'
2024-11-30T12:36:55.483-03:00 DEBUG 2676 --- [neighborfood-pagamento] [           main] o.s.b.f.s.DefaultListableBeanFactory     : Creating shared instance of singleton bean 'objectMapperProvider'
2024-11-30T12:36:55.484-03:00 DEBUG 2676 --- [neighborfood-pagamento] [           main] o.s.b.f.s.DefaultListableBeanFactory     : Creating shared instance of singleton bean 'org.springdoc.core.configuration.SpringDocConfiguration'
2024-11-30T12:36:55.489-03:00 DEBUG 2676 --- [neighborfood-pagamento] [           main] o.s.b.f.s.DefaultListableBeanFactory     : Autowiring by type from bean name 'objectMapperProvider' via factory method to bean named 'org.springdoc.core.properties.SpringDocConfigProperties'
2024-11-30T12:36:55.531-03:00 DEBUG 2676 --- [neighborfood-pagamento] [           main] o.s.b.f.s.DefaultListableBeanFactory     : Autowiring by type from bean name 'indexPageTransformer' via factory method to bean named 'org.springdoc.core.properties.SwaggerUiConfigProperties'
2024-11-30T12:36:55.531-03:00 DEBUG 2676 --- [neighborfood-pagamento] [           main] o.s.b.f.s.DefaultListableBeanFactory     : Autowiring by type from bean name 'indexPageTransformer' via factory method to bean named 'org.springdoc.core.properties.SwaggerUiOAuthProperties'
2024-11-30T12:36:55.531-03:00 DEBUG 2676 --- [neighborfood-pagamento] [           main] o.s.b.f.s.DefaultListableBeanFactory     : Autowiring by type from bean name 'indexPageTransformer' via factory method to bean named 'org.springdoc.core.properties.SwaggerUiConfigParameters'
2024-11-30T12:36:55.532-03:00 DEBUG 2676 --- [neighborfood-pagamento] [           main] o.s.b.f.s.DefaultListableBeanFactory     : Autowiring by type from bean name 'indexPageTransformer' via factory method to bean named 'swaggerWelcome'
2024-11-30T12:36:55.532-03:00 DEBUG 2676 --- [neighborfood-pagamento] [           main] o.s.b.f.s.DefaultListableBeanFactory     : Autowiring by type from bean name 'indexPageTransformer' via factory method to bean named 'objectMapperProvider'
2024-11-30T12:36:55.535-03:00 DEBUG 2676 --- [neighborfood-pagamento] [           main] o.s.b.f.s.DefaultListableBeanFactory     : Creating shared instance of singleton bean 'swaggerResourceResolver'
2024-11-30T12:36:55.536-03:00 DEBUG 2676 --- [neighborfood-pagamento] [           main] o.s.b.f.s.DefaultListableBeanFactory     : Autowiring by type from bean name 'swaggerResourceResolver' via factory method to bean named 'org.springdoc.core.properties.SwaggerUiConfigProperties'
2024-11-30T12:36:55.537-03:00 DEBUG 2676 --- [neighborfood-pagamento] [           main] o.s.b.f.s.DefaultListableBeanFactory     : Autowiring by type from bean name 'swaggerWebMvcConfigurer' via factory method to bean named 'org.springdoc.core.properties.SwaggerUiConfigParameters'
2024-11-30T12:36:55.537-03:00 DEBUG 2676 --- [neighborfood-pagamento] [           main] o.s.b.f.s.DefaultListableBeanFactory     : Autowiring by type from bean name 'swaggerWebMvcConfigurer' via factory method to bean named 'indexPageTransformer'
2024-11-30T12:36:55.537-03:00 DEBUG 2676 --- [neighborfood-pagamento] [           main] o.s.b.f.s.DefaultListableBeanFactory     : Autowiring by type from bean name 'swaggerWebMvcConfigurer' via factory method to bean named 'swaggerResourceResolver'
2024-11-30T12:36:55.538-03:00 DEBUG 2676 --- [neighborfood-pagamento] [           main] o.s.b.f.s.DefaultListableBeanFactory     : Creating shared instance of singleton bean 'openEntityManagerInViewInterceptorConfigurer'
2024-11-30T12:36:55.539-03:00 DEBUG 2676 --- [neighborfood-pagamento] [           main] o.s.b.f.s.DefaultListableBeanFactory     : Creating shared instance of singleton bean 'org.springframework.boot.autoconfigure.orm.jpa.JpaBaseConfiguration$JpaWebConfiguration'
2024-11-30T12:36:55.539-03:00 DEBUG 2676 --- [neighborfood-pagamento] [           main] o.s.b.f.s.DefaultListableBeanFactory     : Autowiring by type from bean name 'org.springframework.boot.autoconfigure.orm.jpa.JpaBaseConfiguration$JpaWebConfiguration' via constructor to bean named 'spring.jpa-org.springframework.boot.autoconfigure.orm.jpa.JpaProperties'
2024-11-30T12:36:55.540-03:00 DEBUG 2676 --- [neighborfood-pagamento] [           main] o.s.b.f.s.DefaultListableBeanFactory     : Creating shared instance of singleton bean 'openEntityManagerInViewInterceptor'
2024-11-30T12:36:55.540-03:00  WARN 2676 --- [neighborfood-pagamento] [           main] JpaBaseConfiguration$JpaWebConfiguration : spring.jpa.open-in-view is enabled by default. Therefore, database queries may be performed during view rendering. Explicitly configure spring.jpa.open-in-view to disable this warning
2024-11-30T12:36:55.543-03:00 DEBUG 2676 --- [neighborfood-pagamento] [           main] o.s.b.f.s.DefaultListableBeanFactory     : Autowiring by type from bean name 'openEntityManagerInViewInterceptorConfigurer' via factory method to bean named 'openEntityManagerInViewInterceptor'
2024-11-30T12:36:55.544-03:00 DEBUG 2676 --- [neighborfood-pagamento] [           main] o.s.b.f.s.DefaultListableBeanFactory     : Creating shared instance of singleton bean 'org.springframework.data.web.config.SpringDataWebConfiguration'
2024-11-30T12:36:55.545-03:00 DEBUG 2676 --- [neighborfood-pagamento] [           main] o.s.b.f.s.DefaultListableBeanFactory     : Autowiring by type from bean name 'org.springframework.data.web.config.SpringDataWebConfiguration' via constructor to bean named 'org.springframework.web.context.support.GenericWebApplicationContext@4315c28c'
2024-11-30T12:36:55.550-03:00 DEBUG 2676 --- [neighborfood-pagamento] [           main] o.s.b.f.s.DefaultListableBeanFactory     : Creating shared instance of singleton bean 'welcomePageHandlerMapping'
2024-11-30T12:36:55.551-03:00 DEBUG 2676 --- [neighborfood-pagamento] [           main] o.s.b.f.s.DefaultListableBeanFactory     : Creating shared instance of singleton bean 'mvcConversionService'
2024-11-30T12:36:55.570-03:00 DEBUG 2676 --- [neighborfood-pagamento] [           main] o.s.b.f.s.DefaultListableBeanFactory     : Creating shared instance of singleton bean 'mvcResourceUrlProvider'
2024-11-30T12:36:55.575-03:00 DEBUG 2676 --- [neighborfood-pagamento] [           main] o.s.b.f.s.DefaultListableBeanFactory     : Autowiring by type from bean name 'welcomePageHandlerMapping' via factory method to bean named 'org.springframework.web.context.support.GenericWebApplicationContext@4315c28c'
2024-11-30T12:36:55.576-03:00 DEBUG 2676 --- [neighborfood-pagamento] [           main] o.s.b.f.s.DefaultListableBeanFactory     : Autowiring by type from bean name 'welcomePageHandlerMapping' via factory method to bean named 'mvcConversionService'
2024-11-30T12:36:55.576-03:00 DEBUG 2676 --- [neighborfood-pagamento] [           main] o.s.b.f.s.DefaultListableBeanFactory     : Autowiring by type from bean name 'welcomePageHandlerMapping' via factory method to bean named 'mvcResourceUrlProvider'
2024-11-30T12:36:55.617-03:00 DEBUG 2676 --- [neighborfood-pagamento] [           main] o.s.b.f.s.DefaultListableBeanFactory     : Creating shared instance of singleton bean 'welcomePageNotAcceptableHandlerMapping'
2024-11-30T12:36:55.618-03:00 DEBUG 2676 --- [neighborfood-pagamento] [           main] o.s.b.f.s.DefaultListableBeanFactory     : Autowiring by type from bean name 'welcomePageNotAcceptableHandlerMapping' via factory method to bean named 'org.springframework.web.context.support.GenericWebApplicationContext@4315c28c'
2024-11-30T12:36:55.618-03:00 DEBUG 2676 --- [neighborfood-pagamento] [           main] o.s.b.f.s.DefaultListableBeanFactory     : Autowiring by type from bean name 'welcomePageNotAcceptableHandlerMapping' via factory method to bean named 'mvcConversionService'
2024-11-30T12:36:55.618-03:00 DEBUG 2676 --- [neighborfood-pagamento] [           main] o.s.b.f.s.DefaultListableBeanFactory     : Autowiring by type from bean name 'welcomePageNotAcceptableHandlerMapping' via factory method to bean named 'mvcResourceUrlProvider'
2024-11-30T12:36:55.632-03:00 DEBUG 2676 --- [neighborfood-pagamento] [           main] o.s.b.f.s.DefaultListableBeanFactory     : Creating shared instance of singleton bean 'localeResolver'
2024-11-30T12:36:55.636-03:00 DEBUG 2676 --- [neighborfood-pagamento] [           main] o.s.b.f.s.DefaultListableBeanFactory     : Creating shared instance of singleton bean 'themeResolver'
2024-11-30T12:36:55.639-03:00 DEBUG 2676 --- [neighborfood-pagamento] [           main] o.s.b.f.s.DefaultListableBeanFactory     : Creating shared instance of singleton bean 'flashMapManager'
2024-11-30T12:36:55.645-03:00 DEBUG 2676 --- [neighborfood-pagamento] [           main] o.s.b.f.s.DefaultListableBeanFactory     : Creating shared instance of singleton bean 'mvcValidator'
2024-11-30T12:36:55.669-03:00 DEBUG 2676 --- [neighborfood-pagamento] [           main] o.s.v.b.OptionalValidatorFactoryBean     : Failed to set up a Bean Validation provider

jakarta.validation.NoProviderFoundException: Unable to create a Configuration, because no Jakarta Bean Validation provider could be found. Add a provider like Hibernate Validator (RI) to your classpath.
	at jakarta.validation.Validation$GenericBootstrapImpl.configure(Validation.java:291) ~[jakarta.validation-api-3.0.2.jar:na]
	at org.springframework.validation.beanvalidation.LocalValidatorFactoryBean.afterPropertiesSet(LocalValidatorFactoryBean.java:270) ~[spring-context-6.1.6.jar:6.1.6]
	at org.springframework.validation.beanvalidation.OptionalValidatorFactoryBean.afterPropertiesSet(OptionalValidatorFactoryBean.java:39) ~[spring-context-6.1.6.jar:6.1.6]
	at org.springframework.boot.autoconfigure.validation.ValidatorAdapter.afterPropertiesSet(ValidatorAdapter.java:85) ~[spring-boot-autoconfigure-3.2.5.jar:3.2.5]
	at org.springframework.beans.factory.support.AbstractAutowireCapableBeanFactory.invokeInitMethods(AbstractAutowireCapableBeanFactory.java:1833) ~[spring-beans-6.1.6.jar:6.1.6]
	at org.springframework.beans.factory.support.AbstractAutowireCapableBeanFactory.initializeBean(AbstractAutowireCapableBeanFactory.java:1782) ~[spring-beans-6.1.6.jar:6.1.6]
	at org.springframework.beans.factory.support.AbstractAutowireCapableBeanFactory.doCreateBean(AbstractAutowireCapableBeanFactory.java:600) ~[spring-beans-6.1.6.jar:6.1.6]
	at org.springframework.beans.factory.support.AbstractAutowireCapableBeanFactory.createBean(AbstractAutowireCapableBeanFactory.java:522) ~[spring-beans-6.1.6.jar:6.1.6]
	at org.springframework.beans.factory.support.AbstractBeanFactory.lambda$doGetBean$0(AbstractBeanFactory.java:326) ~[spring-beans-6.1.6.jar:6.1.6]
	at org.springframework.beans.factory.support.DefaultSingletonBeanRegistry.getSingleton(DefaultSingletonBeanRegistry.java:234) ~[spring-beans-6.1.6.jar:6.1.6]
	at org.springframework.beans.factory.support.AbstractBeanFactory.doGetBean(AbstractBeanFactory.java:324) ~[spring-beans-6.1.6.jar:6.1.6]
	at org.springframework.beans.factory.support.AbstractBeanFactory.getBean(AbstractBeanFactory.java:200) ~[spring-beans-6.1.6.jar:6.1.6]
	at org.springframework.beans.factory.support.DefaultListableBeanFactory.preInstantiateSingletons(DefaultListableBeanFactory.java:975) ~[spring-beans-6.1.6.jar:6.1.6]
	at org.springframework.context.support.AbstractApplicationContext.finishBeanFactoryInitialization(AbstractApplicationContext.java:962) ~[spring-context-6.1.6.jar:6.1.6]
	at org.springframework.context.support.AbstractApplicationContext.refresh(AbstractApplicationContext.java:624) ~[spring-context-6.1.6.jar:6.1.6]
	at org.springframework.boot.SpringApplication.refresh(SpringApplication.java:754) ~[spring-boot-3.2.5.jar:3.2.5]
	at org.springframework.boot.SpringApplication.refreshContext(SpringApplication.java:456) ~[spring-boot-3.2.5.jar:3.2.5]
	at org.springframework.boot.SpringApplication.run(SpringApplication.java:334) ~[spring-boot-3.2.5.jar:3.2.5]
	at org.springframework.boot.test.context.SpringBootContextLoader.lambda$loadContext$3(SpringBootContextLoader.java:137) ~[spring-boot-test-3.2.5.jar:3.2.5]
	at org.springframework.util.function.ThrowingSupplier.get(ThrowingSupplier.java:58) ~[spring-core-6.1.6.jar:6.1.6]
	at org.springframework.util.function.ThrowingSupplier.get(ThrowingSupplier.java:46) ~[spring-core-6.1.6.jar:6.1.6]
	at org.springframework.boot.SpringApplication.withHook(SpringApplication.java:1454) ~[spring-boot-3.2.5.jar:3.2.5]
	at org.springframework.boot.test.context.SpringBootContextLoader$ContextLoaderHook.run(SpringBootContextLoader.java:553) ~[spring-boot-test-3.2.5.jar:3.2.5]
	at org.springframework.boot.test.context.SpringBootContextLoader.loadContext(SpringBootContextLoader.java:137) ~[spring-boot-test-3.2.5.jar:3.2.5]
	at org.springframework.boot.test.context.SpringBootContextLoader.loadContext(SpringBootContextLoader.java:108) ~[spring-boot-test-3.2.5.jar:3.2.5]
	at org.springframework.test.context.cache.DefaultCacheAwareContextLoaderDelegate.loadContextInternal(DefaultCacheAwareContextLoaderDelegate.java:225) ~[spring-test-6.1.6.jar:6.1.6]
	at org.springframework.test.context.cache.DefaultCacheAwareContextLoaderDelegate.loadContext(DefaultCacheAwareContextLoaderDelegate.java:152) ~[spring-test-6.1.6.jar:6.1.6]
	at org.springframework.test.context.support.DefaultTestContext.getApplicationContext(DefaultTestContext.java:130) ~[spring-test-6.1.6.jar:6.1.6]
	at org.springframework.test.context.web.ServletTestExecutionListener.setUpRequestContextIfNecessary(ServletTestExecutionListener.java:191) ~[spring-test-6.1.6.jar:6.1.6]
	at org.springframework.test.context.web.ServletTestExecutionListener.prepareTestInstance(ServletTestExecutionListener.java:130) ~[spring-test-6.1.6.jar:6.1.6]
	at org.springframework.test.context.TestContextManager.prepareTestInstance(TestContextManager.java:260) ~[spring-test-6.1.6.jar:6.1.6]
	at org.springframework.test.context.junit.jupiter.SpringExtension.postProcessTestInstance(SpringExtension.java:163) ~[spring-test-6.1.6.jar:6.1.6]
	at org.junit.jupiter.engine.descriptor.ClassBasedTestDescriptor.lambda$invokeTestInstancePostProcessors$10(ClassBasedTestDescriptor.java:377) ~[junit-jupiter-engine-5.9.1.jar:5.9.1]
	at org.junit.jupiter.engine.descriptor.ClassBasedTestDescriptor.executeAndMaskThrowable(ClassBasedTestDescriptor.java:382) ~[junit-jupiter-engine-5.9.1.jar:5.9.1]
	at org.junit.jupiter.engine.descriptor.ClassBasedTestDescriptor.lambda$invokeTestInstancePostProcessors$11(ClassBasedTestDescriptor.java:377) ~[junit-jupiter-engine-5.9.1.jar:5.9.1]
	at java.base/java.util.stream.ReferencePipeline$3$1.accept(ReferencePipeline.java:197) ~[na:na]
	at java.base/java.util.stream.ReferencePipeline$2$1.accept(ReferencePipeline.java:179) ~[na:na]
	at java.base/java.util.ArrayList$ArrayListSpliterator.forEachRemaining(ArrayList.java:1625) ~[na:na]
	at java.base/java.util.stream.AbstractPipeline.copyInto(AbstractPipeline.java:509) ~[na:na]
	at java.base/java.util.stream.AbstractPipeline.wrapAndCopyInto(AbstractPipeline.java:499) ~[na:na]
	at java.base/java.util.stream.StreamSpliterators$WrappingSpliterator.forEachRemaining(StreamSpliterators.java:310) ~[na:na]
	at java.base/java.util.stream.Streams$ConcatSpliterator.forEachRemaining(Streams.java:735) ~[na:na]
	at java.base/java.util.stream.Streams$ConcatSpliterator.forEachRemaining(Streams.java:734) ~[na:na]
	at java.base/java.util.stream.ReferencePipeline$Head.forEach(ReferencePipeline.java:762) ~[na:na]
	at org.junit.jupiter.engine.descriptor.ClassBasedTestDescriptor.invokeTestInstancePostProcessors(ClassBasedTestDescriptor.java:376) ~[junit-jupiter-engine-5.9.1.jar:5.9.1]
	at org.junit.jupiter.engine.descriptor.ClassBasedTestDescriptor.lambda$instantiateAndPostProcessTestInstance$6(ClassBasedTestDescriptor.java:289) ~[junit-jupiter-engine-5.9.1.jar:5.9.1]
	at org.junit.platform.engine.support.hierarchical.ThrowableCollector.execute(ThrowableCollector.java:73) ~[junit-platform-engine-1.10.2.jar:1.10.2]
	at org.junit.jupiter.engine.descriptor.ClassBasedTestDescriptor.instantiateAndPostProcessTestInstance(ClassBasedTestDescriptor.java:288) ~[junit-jupiter-engine-5.9.1.jar:5.9.1]
	at org.junit.jupiter.engine.descriptor.ClassBasedTestDescriptor.lambda$testInstancesProvider$4(ClassBasedTestDescriptor.java:278) ~[junit-jupiter-engine-5.9.1.jar:5.9.1]
	at java.base/java.util.Optional.orElseGet(Optional.java:364) ~[na:na]
	at org.junit.jupiter.engine.descriptor.ClassBasedTestDescriptor.lambda$testInstancesProvider$5(ClassBasedTestDescriptor.java:277) ~[junit-jupiter-engine-5.9.1.jar:5.9.1]
	at org.junit.jupiter.engine.execution.TestInstancesProvider.getTestInstances(TestInstancesProvider.java:31) ~[junit-jupiter-engine-5.9.1.jar:5.9.1]
	at org.junit.jupiter.engine.descriptor.TestMethodTestDescriptor.lambda$prepare$0(TestMethodTestDescriptor.java:105) ~[junit-jupiter-engine-5.9.1.jar:5.9.1]
	at org.junit.platform.engine.support.hierarchical.ThrowableCollector.execute(ThrowableCollector.java:73) ~[junit-platform-engine-1.10.2.jar:1.10.2]
	at org.junit.jupiter.engine.descriptor.TestMethodTestDescriptor.prepare(TestMethodTestDescriptor.java:104) ~[junit-jupiter-engine-5.9.1.jar:5.9.1]
	at org.junit.jupiter.engine.descriptor.TestMethodTestDescriptor.prepare(TestMethodTestDescriptor.java:68) ~[junit-jupiter-engine-5.9.1.jar:5.9.1]
	at org.junit.platform.engine.support.hierarchical.NodeTestTask.lambda$prepare$2(NodeTestTask.java:123) ~[junit-platform-engine-1.10.2.jar:1.10.2]
	at org.junit.platform.engine.support.hierarchical.ThrowableCollector.execute(ThrowableCollector.java:73) ~[junit-platform-engine-1.10.2.jar:1.10.2]
	at org.junit.platform.engine.support.hierarchical.NodeTestTask.prepare(NodeTestTask.java:123) ~[junit-platform-engine-1.10.2.jar:1.10.2]
	at org.junit.platform.engine.support.hierarchical.NodeTestTask.execute(NodeTestTask.java:90) ~[junit-platform-engine-1.10.2.jar:1.10.2]
	at java.base/java.util.ArrayList.forEach(ArrayList.java:1511) ~[na:na]
	at org.junit.platform.engine.support.hierarchical.SameThreadHierarchicalTestExecutorService.invokeAll(SameThreadHierarchicalTestExecutorService.java:41) ~[junit-platform-engine-1.10.2.jar:1.10.2]
	at org.junit.platform.engine.support.hierarchical.NodeTestTask.lambda$executeRecursively$6(NodeTestTask.java:155) ~[junit-platform-engine-1.10.2.jar:1.10.2]
	at org.junit.platform.engine.support.hierarchical.ThrowableCollector.execute(ThrowableCollector.java:73) ~[junit-platform-engine-1.10.2.jar:1.10.2]
	at org.junit.platform.engine.support.hierarchical.NodeTestTask.lambda$executeRecursively$8(NodeTestTask.java:141) ~[junit-platform-engine-1.10.2.jar:1.10.2]
	at org.junit.platform.engine.support.hierarchical.Node.around(Node.java:137) ~[junit-platform-engine-1.10.2.jar:1.10.2]
	at org.junit.platform.engine.support.hierarchical.NodeTestTask.lambda$executeRecursively$9(NodeTestTask.java:139) ~[junit-platform-engine-1.10.2.jar:1.10.2]
	at org.junit.platform.engine.support.hierarchical.ThrowableCollector.execute(ThrowableCollector.java:73) ~[junit-platform-engine-1.10.2.jar:1.10.2]
	at org.junit.platform.engine.support.hierarchical.NodeTestTask.executeRecursively(NodeTestTask.java:138) ~[junit-platform-engine-1.10.2.jar:1.10.2]
	at org.junit.platform.engine.support.hierarchical.NodeTestTask.execute(NodeTestTask.java:95) ~[junit-platform-engine-1.10.2.jar:1.10.2]
	at java.base/java.util.ArrayList.forEach(ArrayList.java:1511) ~[na:na]
	at org.junit.platform.engine.support.hierarchical.SameThreadHierarchicalTestExecutorService.invokeAll(SameThreadHierarchicalTestExecutorService.java:41) ~[junit-platform-engine-1.10.2.jar:1.10.2]
	at org.junit.platform.engine.support.hierarchical.NodeTestTask.lambda$executeRecursively$6(NodeTestTask.java:155) ~[junit-platform-engine-1.10.2.jar:1.10.2]
	at org.junit.platform.engine.support.hierarchical.ThrowableCollector.execute(ThrowableCollector.java:73) ~[junit-platform-engine-1.10.2.jar:1.10.2]
	at org.junit.platform.engine.support.hierarchical.NodeTestTask.lambda$executeRecursively$8(NodeTestTask.java:141) ~[junit-platform-engine-1.10.2.jar:1.10.2]
	at org.junit.platform.engine.support.hierarchical.Node.around(Node.java:137) ~[junit-platform-engine-1.10.2.jar:1.10.2]
	at org.junit.platform.engine.support.hierarchical.NodeTestTask.lambda$executeRecursively$9(NodeTestTask.java:139) ~[junit-platform-engine-1.10.2.jar:1.10.2]
	at org.junit.platform.engine.support.hierarchical.ThrowableCollector.execute(ThrowableCollector.java:73) ~[junit-platform-engine-1.10.2.jar:1.10.2]
	at org.junit.platform.engine.support.hierarchical.NodeTestTask.executeRecursively(NodeTestTask.java:138) ~[junit-platform-engine-1.10.2.jar:1.10.2]
	at org.junit.platform.engine.support.hierarchical.NodeTestTask.execute(NodeTestTask.java:95) ~[junit-platform-engine-1.10.2.jar:1.10.2]
	at org.junit.platform.engine.support.hierarchical.SameThreadHierarchicalTestExecutorService.submit(SameThreadHierarchicalTestExecutorService.java:35) ~[junit-platform-engine-1.10.2.jar:1.10.2]
	at org.junit.platform.engine.support.hierarchical.HierarchicalTestExecutor.execute(HierarchicalTestExecutor.java:57) ~[junit-platform-engine-1.10.2.jar:1.10.2]
	at org.junit.platform.engine.support.hierarchical.HierarchicalTestEngine.execute(HierarchicalTestEngine.java:54) ~[junit-platform-engine-1.10.2.jar:1.10.2]
	at org.junit.platform.launcher.core.EngineExecutionOrchestrator.execute(EngineExecutionOrchestrator.java:198) ~[junit-platform-launcher-1.10.2.jar:1.10.2]
	at org.junit.platform.launcher.core.EngineExecutionOrchestrator.execute(EngineExecutionOrchestrator.java:169) ~[junit-platform-launcher-1.10.2.jar:1.10.2]
	at org.junit.platform.launcher.core.EngineExecutionOrchestrator.execute(EngineExecutionOrchestrator.java:93) ~[junit-platform-launcher-1.10.2.jar:1.10.2]
	at org.junit.platform.launcher.core.EngineExecutionOrchestrator.lambda$execute$0(EngineExecutionOrchestrator.java:58) ~[junit-platform-launcher-1.10.2.jar:1.10.2]
	at org.junit.platform.launcher.core.EngineExecutionOrchestrator.withInterceptedStreams(EngineExecutionOrchestrator.java:141) ~[junit-platform-launcher-1.10.2.jar:1.10.2]
	at org.junit.platform.launcher.core.EngineExecutionOrchestrator.execute(EngineExecutionOrchestrator.java:57) ~[junit-platform-launcher-1.10.2.jar:1.10.2]
	at org.junit.platform.launcher.core.DefaultLauncher.execute(DefaultLauncher.java:103) ~[junit-platform-launcher-1.10.2.jar:1.10.2]
	at org.junit.platform.launcher.core.DefaultLauncher.execute(DefaultLauncher.java:85) ~[junit-platform-launcher-1.10.2.jar:1.10.2]
	at org.junit.platform.launcher.core.DelegatingLauncher.execute(DelegatingLauncher.java:47) ~[junit-platform-launcher-1.10.2.jar:1.10.2]
	at org.apache.maven.surefire.junitplatform.LazyLauncher.execute(LazyLauncher.java:56) ~[surefire-junit-platform-3.1.2.jar:3.1.2]
	at org.apache.maven.surefire.junitplatform.JUnitPlatformProvider.execute(JUnitPlatformProvider.java:184) ~[surefire-junit-platform-3.1.2.jar:3.1.2]
	at org.apache.maven.surefire.junitplatform.JUnitPlatformProvider.invokeAllTests(JUnitPlatformProvider.java:148) ~[surefire-junit-platform-3.1.2.jar:3.1.2]
	at org.apache.maven.surefire.junitplatform.JUnitPlatformProvider.invoke(JUnitPlatformProvider.java:122) ~[surefire-junit-platform-3.1.2.jar:3.1.2]
	at org.apache.maven.surefire.booter.ForkedBooter.runSuitesInProcess(ForkedBooter.java:385) ~[surefire-booter-3.1.2.jar:3.1.2]
	at org.apache.maven.surefire.booter.ForkedBooter.execute(ForkedBooter.java:162) ~[surefire-booter-3.1.2.jar:3.1.2]
	at org.apache.maven.surefire.booter.ForkedBooter.run(ForkedBooter.java:507) ~[surefire-booter-3.1.2.jar:3.1.2]
	at org.apache.maven.surefire.booter.ForkedBooter.main(ForkedBooter.java:495) ~[surefire-booter-3.1.2.jar:3.1.2]

2024-11-30T12:36:55.682-03:00 DEBUG 2676 --- [neighborfood-pagamento] [           main] o.s.b.f.s.DefaultListableBeanFactory     : Creating shared instance of singleton bean 'mvcContentNegotiationManager'
2024-11-30T12:36:55.691-03:00 DEBUG 2676 --- [neighborfood-pagamento] [           main] o.s.b.f.s.DefaultListableBeanFactory     : Creating shared instance of singleton bean 'requestMappingHandlerMapping'
2024-11-30T12:36:55.693-03:00 DEBUG 2676 --- [neighborfood-pagamento] [           main] o.s.b.f.s.DefaultListableBeanFactory     : Autowiring by type from bean name 'requestMappingHandlerMapping' via factory method to bean named 'mvcContentNegotiationManager'
2024-11-30T12:36:55.693-03:00 DEBUG 2676 --- [neighborfood-pagamento] [           main] o.s.b.f.s.DefaultListableBeanFactory     : Autowiring by type from bean name 'requestMappingHandlerMapping' via factory method to bean named 'mvcConversionService'
2024-11-30T12:36:55.693-03:00 DEBUG 2676 --- [neighborfood-pagamento] [           main] o.s.b.f.s.DefaultListableBeanFactory     : Autowiring by type from bean name 'requestMappingHandlerMapping' via factory method to bean named 'mvcResourceUrlProvider'
2024-11-30T12:36:55.824-03:00 DEBUG 2676 --- [neighborfood-pagamento] [           main] s.w.s.m.m.a.RequestMappingHandlerMapping : 7 mappings in 'requestMappingHandlerMapping'
2024-11-30T12:36:55.834-03:00 DEBUG 2676 --- [neighborfood-pagamento] [           main] o.s.b.f.s.DefaultListableBeanFactory     : Creating shared instance of singleton bean 'mvcPatternParser'
2024-11-30T12:36:55.835-03:00 DEBUG 2676 --- [neighborfood-pagamento] [           main] o.s.b.f.s.DefaultListableBeanFactory     : Creating shared instance of singleton bean 'mvcUrlPathHelper'
[...]

   SpringDocFunctionCatalogConfiguration:
      Did not match:
         - @ConditionalOnClass did not find required class 'org.springframework.cloud.function.web.function.FunctionEndpointInitializer' (OnClassCondition)

   SpringDocHateoasConfiguration:
      Did not match:
         - @ConditionalOnClass did not find required class 'org.springframework.hateoas.server.LinkRelationProvider' (OnClassCondition)

   SpringDocJacksonKotlinModuleConfiguration:
      Did not match:
         - @ConditionalOnClass did not find required class 'com.fasterxml.jackson.module.kotlin.KotlinModule' (OnClassCondition)

   SpringDocJavadocConfiguration:
      Did not match:
         - @ConditionalOnClass did not find required class 'com.github.therapi.runtimejavadoc.CommentFormatter' (OnClassCondition)

   SpringDocKotlinConfiguration:
      Did not match:
         - @ConditionalOnClass did not find required class 'kotlin.coroutines.Continuation' (OnClassCondition)

   SpringDocKotlinxConfiguration:
      Did not match:
         - @ConditionalOnClass did not find required class 'kotlinx.coroutines.flow.Flow' (OnClassCondition)

   SpringDocSecurityConfiguration:
      Did not match:
         - @ConditionalOnClass did not find required class 'org.springframework.security.web.SecurityFilterChain' (OnClassCondition)

   SpringDocSortConfiguration#delegatingMethodParameterCustomizer:
      Did not match:
         - @ConditionalOnMissingBean (types: org.springdoc.core.customizers.DelegatingMethodParameterCustomizer; SearchStrategy: all) found beans of type 'org.springdoc.core.customizers.DelegatingMethodParameterCustomizer' delegatingMethodParameterCustomizer (OnBeanCondition)

   SpringDocWebMvcConfiguration.SpringDocWebMvcActuatorConfiguration:
      Did not match:
         - @ConditionalOnClass did not find required class 'org.springframework.boot.actuate.endpoint.web.servlet.WebMvcEndpointHandlerMapping' (OnClassCondition)

   SwaggerConfig#springWebProvider:
      Did not match:
         - @ConditionalOnMissingBean (types: org.springdoc.core.providers.SpringWebProvider; SearchStrategy: all) found beans of type 'org.springdoc.core.providers.SpringWebProvider' springWebProvider (OnBeanCondition)

   SwaggerConfig#swaggerUiConfigParameters:
      Did not match:
         - @ConditionalOnMissingBean (types: org.springdoc.core.properties.SwaggerUiConfigParameters; SearchStrategy: all) found beans of type 'org.springdoc.core.properties.SwaggerUiConfigParameters' org.springdoc.core.properties.SwaggerUiConfigParameters (OnBeanCondition)

   SwaggerConfig#swaggerUiHome:
      Did not match:
         - @ConditionalOnProperty (springdoc.swagger-ui.use-root-path=true) did not find property 'springdoc.swagger-ui.use-root-path' (OnPropertyCondition)

   SwaggerConfig.SwaggerActuatorWelcomeConfiguration:
      Did not match:
         - @ConditionalOnClass did not find required class 'org.springframework.boot.actuate.endpoint.web.servlet.WebMvcEndpointHandlerMapping' (OnClassCondition)

   TaskExecutorConfigurations.SimpleAsyncTaskExecutorBuilderConfiguration#simpleAsyncTaskExecutorBuilderVirtualThreads:
      Did not match:
         - @ConditionalOnMissingBean (types: org.springframework.boot.task.SimpleAsyncTaskExecutorBuilder; SearchStrategy: all) found beans of type 'org.springframework.boot.task.SimpleAsyncTaskExecutorBuilder' simpleAsyncTaskExecutorBuilder (OnBeanCondition)

   TaskExecutorConfigurations.TaskExecutorConfiguration#applicationTaskExecutorVirtualThreads:
      Did not match:
         - @ConditionalOnThreading did not find VIRTUAL (OnThreadingCondition)

   TaskSchedulingAutoConfiguration#scheduledBeanLazyInitializationExcludeFilter:
      Did not match:
         - @ConditionalOnBean (names: org.springframework.context.annotation.internalScheduledAnnotationProcessor; SearchStrategy: all) did not find any beans named org.springframework.context.annotation.internalScheduledAnnotationProcessor (OnBeanCondition)

   TaskSchedulingConfigurations.SimpleAsyncTaskSchedulerBuilderConfiguration#simpleAsyncTaskSchedulerBuilderVirtualThreads:
      Did not match:
         - @ConditionalOnMissingBean (types: org.springframework.boot.task.SimpleAsyncTaskSchedulerBuilder; SearchStrategy: all) found beans of type 'org.springframework.boot.task.SimpleAsyncTaskSchedulerBuilder' simpleAsyncTaskSchedulerBuilder (OnBeanCondition)

   TaskSchedulingConfigurations.TaskSchedulerConfiguration:
      Did not match:
         - @ConditionalOnBean (names: org.springframework.context.annotation.internalScheduledAnnotationProcessor; SearchStrategy: all) did not find any beans named org.springframework.context.annotation.internalScheduledAnnotationProcessor (OnBeanCondition)

   TestDatabaseAutoConfiguration#dataSource:
      Did not match:
         - @ConditionalOnProperty (spring.test.database.replace=AUTO_CONFIGURED) did not find property 'replace' (OnPropertyCondition)

   ThymeleafAutoConfiguration:
      Did not match:
         - @ConditionalOnClass did not find required class 'org.thymeleaf.spring6.SpringTemplateEngine' (OnClassCondition)

   TransactionAutoConfiguration#transactionalOperator:
      Did not match:
         - @ConditionalOnSingleCandidate (types: org.springframework.transaction.ReactiveTransactionManager; SearchStrategy: all) did not find any beans (OnBeanCondition)

   TransactionAutoConfiguration.AspectJTransactionManagementConfiguration:
      Did not match:
         - @ConditionalOnBean (types: org.springframework.transaction.aspectj.AbstractTransactionAspect; SearchStrategy: all) did not find any beans of type org.springframework.transaction.aspectj.AbstractTransactionAspect (OnBeanCondition)

   TransactionAutoConfiguration.EnableTransactionManagementConfiguration.JdkDynamicAutoProxyConfiguration:
      Did not match:
         - @ConditionalOnProperty (spring.aop.proxy-target-class=false) did not find property 'proxy-target-class' (OnPropertyCondition)

   UserDetailsServiceAutoConfiguration:
      Did not match:
         - @ConditionalOnClass did not find required class 'org.springframework.security.authentication.AuthenticationManager' (OnClassCondition)

   ValidationAutoConfiguration:
      Did not match:
         - @ConditionalOnResource did not find resource 'classpath:META-INF/services/jakarta.validation.spi.ValidationProvider' (OnResourceCondition)
      Matched:
         - @ConditionalOnClass found required class 'jakarta.validation.executable.ExecutableValidator' (OnClassCondition)

   WebClientAutoConfiguration:
      Did not match:
         - @ConditionalOnClass did not find required class 'org.springframework.web.reactive.function.client.WebClient' (OnClassCondition)

   WebFluxAutoConfiguration:
      Did not match:
         - @ConditionalOnClass did not find required class 'org.springframework.web.reactive.config.WebFluxConfigurer' (OnClassCondition)

   WebMvcAutoConfiguration#hiddenHttpMethodFilter:
      Did not match:
         - @ConditionalOnProperty (spring.mvc.hiddenmethod.filter.enabled) did not find property 'enabled' (OnPropertyCondition)

   WebMvcAutoConfiguration.ProblemDetailsErrorHandlingConfiguration:
      Did not match:
         - @ConditionalOnProperty (spring.mvc.problemdetails.enabled=true) did not find property 'enabled' (OnPropertyCondition)

   WebMvcAutoConfiguration.ResourceChainCustomizerConfiguration:
      Did not match:
         - @ConditionalOnEnabledResourceChain did not find class org.webjars.WebJarAssetLocator (OnEnabledResourceChainCondition)

   WebMvcAutoConfiguration.WebMvcAutoConfigurationAdapter#beanNameViewResolver:
      Did not match:
         - @ConditionalOnMissingBean (types: org.springframework.web.servlet.view.BeanNameViewResolver; SearchStrategy: all) found beans of type 'org.springframework.web.servlet.view.BeanNameViewResolver' beanNameViewResolver (OnBeanCondition)

   WebServiceTemplateAutoConfiguration:
      Did not match:
         - @ConditionalOnClass did not find required class 'org.springframework.oxm.Marshaller' (OnClassCondition)

   WebServicesAutoConfiguration:
      Did not match:
         - @ConditionalOnClass did not find required class 'org.springframework.ws.transport.http.MessageDispatcherServlet' (OnClassCondition)

   WebSessionIdResolverAutoConfiguration:
      Did not match:
         - @ConditionalOnClass did not find required class 'reactor.core.publisher.Mono' (OnClassCondition)

   WebSocketMessagingAutoConfiguration:
      Did not match:
         - @ConditionalOnClass did not find required class 'org.springframework.web.socket.config.annotation.WebSocketMessageBrokerConfigurer' (OnClassCondition)

   WebSocketReactiveAutoConfiguration:
      Did not match:
         - @ConditionalOnWebApplication did not find reactive web application classes (OnWebApplicationCondition)

   WebSocketServletAutoConfiguration.JettyWebSocketConfiguration:
      Did not match:
         - @ConditionalOnClass did not find required class 'org.eclipse.jetty.ee10.websocket.jakarta.server.config.JakartaWebSocketServletContainerInitializer' (OnClassCondition)

   WebSocketServletAutoConfiguration.UndertowWebSocketConfiguration:
      Did not match:
         - @ConditionalOnClass did not find required class 'io.undertow.websockets.jsr.Bootstrap' (OnClassCondition)

   XADataSourceAutoConfiguration:
      Did not match:
         - @ConditionalOnBean (types: org.springframework.boot.jdbc.XADataSourceWrapper; SearchStrategy: all) did not find any beans of type org.springframework.boot.jdbc.XADataSourceWrapper (OnBeanCondition)
      Matched:
         - @ConditionalOnClass found required classes 'javax.sql.DataSource', 'jakarta.transaction.TransactionManager', 'org.springframework.jdbc.datasource.embedded.EmbeddedDatabaseType' (OnClassCondition)


Exclusions:
-----------

    None


Unconditional classes:
----------------------

    org.springframework.boot.autoconfigure.context.ConfigurationPropertiesAutoConfiguration

    org.springframework.boot.autoconfigure.ssl.SslAutoConfiguration

    org.springframework.boot.autoconfigure.context.PropertyPlaceholderAutoConfiguration

    org.springframework.boot.autoconfigure.context.LifecycleAutoConfiguration

    org.springframework.boot.test.autoconfigure.jdbc.TestDatabaseAutoConfiguration

    org.springframework.boot.autoconfigure.availability.ApplicationAvailabilityAutoConfiguration

    org.springframework.boot.autoconfigure.info.ProjectInfoAutoConfiguration



2024-11-30T12:36:57.179-03:00  INFO 2676 --- [neighborfood-pagamento] [           main] b.c.t.f.n.c.u.p.PagamentoUseCaseTest     : Started PagamentoUseCaseTest in 12.639 seconds (process running for 17.714)
2024-11-30T12:36:57.184-03:00 DEBUG 2676 --- [neighborfood-pagamento] [           main] o.s.b.a.ApplicationAvailabilityBean      : Application availability state LivenessState changed to CORRECT
2024-11-30T12:36:57.188-03:00 DEBUG 2676 --- [neighborfood-pagamento] [           main] o.s.b.a.ApplicationAvailabilityBean      : Application availability state ReadinessState changed to ACCEPTING_TRAFFIC
2024-11-30T12:36:57.195-03:00 DEBUG 2676 --- [neighborfood-pagamento] [           main] org.springframework.test.context.cache   : Spring test ApplicationContext cache statistics: [DefaultContextCache@5fc62453 size = 1, maxSize = 32, parentContextCount = 0, hitCount = 0, missCount = 1, failureCount = 0]
2024-11-30T12:36:57.195-03:00 DEBUG 2676 --- [neighborfood-pagamento] [           main] o.s.t.c.w.ServletTestExecutionListener   : Setting up MockHttpServletRequest, MockHttpServletResponse, ServletWebRequest, and RequestContextHolder for test class br.com.techchallenge.fiap.neighborfood.core.usecase.pagamento.PagamentoUseCaseTest
2024-11-30T12:36:57.219-03:00 DEBUG 2676 --- [neighborfood-pagamento] [           main] DependencyInjectionTestExecutionListener : Performing dependency injection for test class br.com.techchallenge.fiap.neighborfood.core.usecase.pagamento.PagamentoUseCaseTest
2024-11-30T12:36:57.219-03:00 DEBUG 2676 --- [neighborfood-pagamento] [           main] org.springframework.test.context.cache   : Spring test ApplicationContext cache statistics: [DefaultContextCache@5fc62453 size = 1, maxSize = 32, parentContextCount = 0, hitCount = 1, missCount = 1, failureCount = 0]
2024-11-30T12:36:57.223-03:00 DEBUG 2676 --- [neighborfood-pagamento] [           main] org.springframework.test.context.cache   : Spring test ApplicationContext cache statistics: [DefaultContextCache@5fc62453 size = 1, maxSize = 32, parentContextCount = 0, hitCount = 2, missCount = 1, failureCount = 0]
2024-11-30T12:36:57.241-03:00 DEBUG 2676 --- [neighborfood-pagamento] [           main] sContextBeforeModesTestExecutionListener : Before test method: class [PagamentoUseCaseTest], method [pagamento], class annotated with @DirtiesContext [false] with mode [null], method annotated with @DirtiesContext [false] with mode [null]
2024-11-30T12:36:57.248-03:00 DEBUG 2676 --- [neighborfood-pagamento] [           main] t.c.t.TransactionalTestExecutionListener : Explicit transaction definition [PROPAGATION_REQUIRED,ISOLATION_DEFAULT] found for test class [br.com.techchallenge.fiap.neighborfood.core.usecase.pagamento.PagamentoUseCaseTest] and test method [pagamento]
2024-11-30T12:36:57.248-03:00 DEBUG 2676 --- [neighborfood-pagamento] [           main] org.springframework.test.context.cache   : Spring test ApplicationContext cache statistics: [DefaultContextCache@5fc62453 size = 1, maxSize = 32, parentContextCount = 0, hitCount = 3, missCount = 1, failureCount = 0]
2024-11-30T12:36:57.250-03:00 DEBUG 2676 --- [neighborfood-pagamento] [           main] t.c.t.TransactionalTestExecutionListener : No method-level @Rollback override: using default rollback [true] for test method [void br.com.techchallenge.fiap.neighborfood.core.usecase.pagamento.PagamentoUseCaseTest.pagamento()]
2024-11-30T12:36:57.252-03:00 DEBUG 2676 --- [neighborfood-pagamento] [           main] o.s.orm.jpa.JpaTransactionManager        : Creating new transaction with name [br.com.techchallenge.fiap.neighborfood.core.usecase.pagamento.PagamentoUseCaseTest.pagamento]: PROPAGATION_REQUIRED,ISOLATION_DEFAULT
2024-11-30T12:36:57.254-03:00 DEBUG 2676 --- [neighborfood-pagamento] [           main] o.s.orm.jpa.JpaTransactionManager        : Opened new EntityManager [SessionImpl(1673616779<open>)] for JPA transaction
2024-11-30T12:36:57.257-03:00 DEBUG 2676 --- [neighborfood-pagamento] [           main] o.s.j.datasource.SimpleDriverDataSource  : Creating new JDBC Driver Connection to [jdbc:h2:mem:04de1e99-e35d-4194-b8e0-de13b85477a0;DB_CLOSE_DELAY=-1;DB_CLOSE_ON_EXIT=false]
2024-11-30T12:36:57.262-03:00 DEBUG 2676 --- [neighborfood-pagamento] [           main] o.s.orm.jpa.JpaTransactionManager        : Exposing JPA transaction as JDBC [org.springframework.orm.jpa.vendor.HibernateJpaDialect$HibernateConnectionHandle@1a62a6db]
2024-11-30T12:36:57.263-03:00 DEBUG 2676 --- [neighborfood-pagamento] [           main] o.s.t.c.transaction.TransactionContext   : Began transaction (1) for test class [br.com.techchallenge.fiap.neighborfood.core.usecase.pagamento.PagamentoUseCaseTest]; test method [pagamento]; transaction manager [org.springframework.orm.jpa.JpaTransactionManager@89beadb]; rollback [true]
2024-11-30T12:36:57.265-03:00 DEBUG 2676 --- [neighborfood-pagamento] [           main] org.springframework.test.context.cache   : Spring test ApplicationContext cache statistics: [DefaultContextCache@5fc62453 size = 1, maxSize = 32, parentContextCount = 0, hitCount = 4, missCount = 1, failureCount = 0]
2024-11-30T12:36:57.265-03:00 DEBUG 2676 --- [neighborfood-pagamento] [           main] org.springframework.test.context.cache   : Spring test ApplicationContext cache statistics: [DefaultContextCache@5fc62453 size = 1, maxSize = 32, parentContextCount = 0, hitCount = 5, missCount = 1, failureCount = 0]
2024-11-30T12:36:57.502-03:00 DEBUG 2676 --- [neighborfood-pagamento] [           main] org.springframework.test.context.cache   : Spring test ApplicationContext cache statistics: [DefaultContextCache@5fc62453 size = 1, maxSize = 32, parentContextCount = 0, hitCount = 6, missCount = 1, failureCount = 0]
2024-11-30T12:36:57.518-03:00 DEBUG 2676 --- [neighborfood-pagamento] [           main] o.s.orm.jpa.JpaTransactionManager        : Found thread-bound EntityManager [SessionImpl(1673616779<open>)] for JPA transaction
2024-11-30T12:36:57.518-03:00 DEBUG 2676 --- [neighborfood-pagamento] [           main] o.s.orm.jpa.JpaTransactionManager        : Participating in existing transaction
2024-11-30T12:36:57.712-03:00 DEBUG 2676 --- [neighborfood-pagamento] [           main] org.springframework.test.context.cache   : Spring test ApplicationContext cache statistics: [DefaultContextCache@5fc62453 size = 1, maxSize = 32, parentContextCount = 0, hitCount = 7, missCount = 1, failureCount = 0]
2024-11-30T12:36:57.713-03:00 DEBUG 2676 --- [neighborfood-pagamento] [           main] org.springframework.test.context.cache   : Spring test ApplicationContext cache statistics: [DefaultContextCache@5fc62453 size = 1, maxSize = 32, parentContextCount = 0, hitCount = 8, missCount = 1, failureCount = 0]
2024-11-30T12:36:57.714-03:00 DEBUG 2676 --- [neighborfood-pagamento] [           main] org.springframework.test.context.cache   : Spring test ApplicationContext cache statistics: [DefaultContextCache@5fc62453 size = 1, maxSize = 32, parentContextCount = 0, hitCount = 9, missCount = 1, failureCount = 0]
2024-11-30T12:36:57.714-03:00 DEBUG 2676 --- [neighborfood-pagamento] [           main] org.springframework.test.context.cache   : Spring test ApplicationContext cache statistics: [DefaultContextCache@5fc62453 size = 1, maxSize = 32, parentContextCount = 0, hitCount = 10, missCount = 1, failureCount = 0]
2024-11-30T12:36:57.716-03:00 DEBUG 2676 --- [neighborfood-pagamento] [           main] org.springframework.test.context.cache   : Spring test ApplicationContext cache statistics: [DefaultContextCache@5fc62453 size = 1, maxSize = 32, parentContextCount = 0, hitCount = 11, missCount = 1, failureCount = 0]
2024-11-30T12:36:57.717-03:00 DEBUG 2676 --- [neighborfood-pagamento] [           main] org.springframework.test.context.cache   : Spring test ApplicationContext cache statistics: [DefaultContextCache@5fc62453 size = 1, maxSize = 32, parentContextCount = 0, hitCount = 12, missCount = 1, failureCount = 0]
2024-11-30T12:36:57.718-03:00 DEBUG 2676 --- [neighborfood-pagamento] [           main] o.s.orm.jpa.JpaTransactionManager        : Initiating transaction rollback
2024-11-30T12:36:57.719-03:00 DEBUG 2676 --- [neighborfood-pagamento] [           main] o.s.orm.jpa.JpaTransactionManager        : Rolling back JPA transaction on EntityManager [SessionImpl(1673616779<open>)]
2024-11-30T12:36:57.721-03:00 DEBUG 2676 --- [neighborfood-pagamento] [           main] o.s.orm.jpa.JpaTransactionManager        : Closing JPA EntityManager [SessionImpl(1673616779<open>)] after transaction
2024-11-30T12:36:57.722-03:00 DEBUG 2676 --- [neighborfood-pagamento] [           main] o.s.t.c.transaction.TransactionContext   : Rolled back transaction (1) for test class [br.com.techchallenge.fiap.neighborfood.core.usecase.pagamento.PagamentoUseCaseTest]; test method [pagamento]
2024-11-30T12:36:57.722-03:00 DEBUG 2676 --- [neighborfood-pagamento] [           main] .c.s.DirtiesContextTestExecutionListener : After test method: class [PagamentoUseCaseTest], method [pagamento], class annotated with @DirtiesContext [false] with mode [null], method annotated with @DirtiesContext [false] with mode [null]
2024-11-30T12:36:57.722-03:00 DEBUG 2676 --- [neighborfood-pagamento] [           main] o.s.t.c.w.ServletTestExecutionListener   : Resetting RequestContextHolder for test class br.com.techchallenge.fiap.neighborfood.core.usecase.pagamento.PagamentoUseCaseTest
]]></system-out>
  </testcase>
</testsuite>