<?xml version="1.0" encoding="UTF-8"?>
<testsuite xmlns:xsi="http://www.w3.org/2001/XMLSchema-instance" xsi:noNamespaceSchemaLocation="https://maven.apache.org/surefire/maven-surefire-plugin/xsd/surefire-test-report-3.0.xsd" version="3.0" name="br.com.techchallenge.fiap.neighborfood.framework.web.PagamentoControllerTest" time="3.203" tests="1" errors="0" skipped="0" failures="0">
  <properties>
[...]
</properties>
  <testcase name="payment" classname="br.com.techchallenge.fiap.neighborfood.framework.web.PagamentoControllerTest" time="0.126">
    <system-out><![CDATA[2024-11-30T14:00:09.651-03:00 DEBUG 16800 --- [neighborfood-pagamento] [           main] .b.t.c.SpringBootTestContextBootstrapper : Neither @ContextConfiguration nor @ContextHierarchy found for test class [PagamentoControllerTest]: using SpringBootContextLoader
2024-11-30T14:00:09.652-03:00 DEBUG 16800 --- [neighborfood-pagamento] [           main] o.s.t.c.support.AbstractContextLoader    : Could not detect default resource locations for test class [br.com.techchallenge.fiap.neighborfood.framework.web.PagamentoControllerTest]: no resource found for suffixes {-context.xml, Context.groovy}.
2024-11-30T14:00:09.652-03:00  INFO 16800 --- [neighborfood-pagamento] [           main] t.c.s.AnnotationConfigContextLoaderUtils : Could not detect default configuration classes for test class [br.com.techchallenge.fiap.neighborfood.framework.web.PagamentoControllerTest]: PagamentoControllerTest does not declare any static, non-private, non-final, nested classes annotated with @Configuration.
2024-11-30T14:00:09.653-03:00 DEBUG 16800 --- [neighborfood-pagamento] [           main] .b.t.c.SpringBootTestContextBootstrapper : Using ContextCustomizerFactory implementations for test class [PagamentoControllerTest]: [OverrideAutoConfigurationContextCustomizerFactory, ObservabilityContextCustomizerFactory, TypeExcludeFiltersContextCustomizerFactory, PropertyMappingContextCustomizerFactory, WebDriverContextCustomizerFactory, ImportsContextCustomizerFactory, ExcludeFilterContextCustomizerFactory, HttpGraphQlTesterContextCustomizerFactory, DuplicateJsonObjectContextCustomizerFactory, MockitoContextCustomizerFactory, TestRestTemplateContextCustomizerFactory, WebTestClientContextCustomizerFactory, MockServerContainerContextCustomizerFactory, DynamicPropertiesContextCustomizerFactory]
2024-11-30T14:00:09.654-03:00 DEBUG 16800 --- [neighborfood-pagamento] [           main] .b.t.c.SpringBootTestContextBootstrapper : Using ContextCustomizers for test class [PagamentoControllerTest]: [DisableObservabilityContextCustomizer, PropertyMappingContextCustomizer, WebDriverContextCustomizer, ExcludeFilterContextCustomizer, DuplicateJsonObjectContextCustomizer, MockitoContextCustomizer, TestRestTemplateContextCustomizer]
2024-11-30T14:00:09.674-03:00 DEBUG 16800 --- [neighborfood-pagamento] [           main] ssPathScanningCandidateComponentProvider : Identified candidate component class: file [C:\Users\Miguel Silva\Documents\Pos\fase4\neighborfood-pagamento\target\classes\br\com\techchallenge\fiap\neighborfood\NeighborfoodApplication.class]
2024-11-30T14:00:09.674-03:00  INFO 16800 --- [neighborfood-pagamento] [           main] .b.t.c.SpringBootTestContextBootstrapper : Found @SpringBootConfiguration br.com.techchallenge.fiap.neighborfood.NeighborfoodApplication for test class br.com.techchallenge.fiap.neighborfood.framework.web.PagamentoControllerTest
2024-11-30T14:00:09.676-03:00 DEBUG 16800 --- [neighborfood-pagamento] [           main] .s.t.c.u.TestContextSpringFactoriesUtils : Skipping candidate TestExecutionListener [org.springframework.test.context.observation.MicrometerObservationRegistryTestExecutionListener] due to a missing dependency. Specify custom TestExecutionListener classes or make the default TestExecutionListener classes and their required dependencies available. Offending class: io.micrometer.context.ThreadLocalAccessor. MicrometerObservationRegistryTestExecutionListener requires io.micrometer:micrometer-observation:1.10.8 or higher and io.micrometer:context-propagation:1.0.3 or higher.
2024-11-30T14:00:09.676-03:00 DEBUG 16800 --- [neighborfood-pagamento] [           main] .b.t.c.SpringBootTestContextBootstrapper : Using TestExecutionListeners for test class [PagamentoControllerTest]: [ServletTestExecutionListener, DirtiesContextBeforeModesTestExecutionListener, ApplicationEventsTestExecutionListener, MockitoTestExecutionListener, DependencyInjectionTestExecutionListener, DirtiesContextTestExecutionListener, TransactionalTestExecutionListener, SqlScriptsTestExecutionListener, EventPublishingTestExecutionListener, RestDocsTestExecutionListener, MockRestServiceServerResetTestExecutionListener, MockMvcPrintOnlyOnFailureTestExecutionListener, WebDriverTestExecutionListener, MockWebServiceServerTestExecutionListener, ResetMocksTestExecutionListener]
2024-11-30T14:00:09.676-03:00 DEBUG 16800 --- [neighborfood-pagamento] [           main] sContextBeforeModesTestExecutionListener : Before test class: class [PagamentoControllerTest], class annotated with @DirtiesContext [false] with mode [null]
2024-11-30T14:00:09.705-03:00 DEBUG 16800 --- [neighborfood-pagamento] [           main] .s.b.w.s.c.ApplicationServletEnvironment : Activating profiles [dev]
2024-11-30T14:00:09.706-03:00 DEBUG 16800 --- [neighborfood-pagamento] [           main] o.s.c.e.PropertySourcesPropertyResolver  : Found key 'spring.application.name' in PropertySource 'configurationProperties' with value of type String
2024-11-30T14:00:09.713-03:00 DEBUG 16800 --- [neighborfood-pagamento] [           main] o.s.c.e.PropertySourcesPropertyResolver  : Found key 'application.title' in PropertySource 'title' with value of type String
2024-11-30T14:00:09.713-03:00 DEBUG 16800 --- [neighborfood-pagamento] [           main] o.s.c.e.PropertySourcesPropertyResolver  : Found key 'application.version' in PropertySource 'version' with value of type String
2024-11-30T14:00:09.714-03:00 DEBUG 16800 --- [neighborfood-pagamento] [           main] o.s.c.e.PropertySourcesPropertyResolver  : Found key 'spring-boot.version' in PropertySource 'version' with value of type String
 __  __                      __      __                        ___                   __                   ____    ______   ______  ____
/\ \/\ \          __        /\ \    /\ \                     /'___\                 /\ \                 /\  _`\ /\__  _\ /\  _  \/\  _`\
\ \ `\\ \     __ /\_\     __\ \ \___\ \ \____    ___   _ __ /\ \__/  ___     ___    \_\ \                \ \ \L\_\/_/\ \/ \ \ \L\ \ \ \L\ \
 \ \ , ` \  /'__`\/\ \  /'_ `\ \  _ `\ \ '__`\  / __`\/\`'__\ \ ,__\/ __`\  / __`\  /'_` \      _______   \ \  _\/  \ \ \  \ \  __ \ \ ,__/
  \ \ \`\ \/\  __/\ \ \/\ \L\ \ \ \ \ \ \ \L\ \/\ \L\ \ \ \/ \ \ \_/\ \L\ \/\ \L\ \/\ \L\ \    /\______\   \ \ \/    \_\ \__\ \ \/\ \ \ \/
   \ \_\ \_\ \____\\ \_\ \____ \ \_\ \_\ \_,__/\ \____/\ \_\  \ \_\\ \____/\ \____/\ \___,_\   \/______/    \ \_\    /\_____\\ \_\ \_\ \_\
    \/_/\/_/\/____/ \/_/\/___L\ \/_/\/_/\/___/  \/___/  \/_/   \/_/ \/___/  \/___/  \/__,_ /                 \/_/    \/_____/ \/_/\/_/\/_/
                          /\____/
                          \_/__/
 
Powered by Spring Boot 3.2.5 - project for phase 4 - postgraduate - MiguelProgrammer

2024-11-30T14:00:09.716-03:00  INFO 16800 --- [neighborfood-pagamento] [           main] b.c.t.f.n.f.web.PagamentoControllerTest  : Starting PagamentoControllerTest using Java 17.0.6 with PID 16800 (started by Miguel Silva in C:\Users\Miguel Silva\Documents\Pos\fase4\neighborfood-pagamento)
2024-11-30T14:00:09.716-03:00  INFO 16800 --- [neighborfood-pagamento] [           main] b.c.t.f.n.f.web.PagamentoControllerTest  : The following 1 profile is active: "dev"
2024-11-30T14:00:09.717-03:00 DEBUG 16800 --- [neighborfood-pagamento] [           main] o.s.boot.SpringApplication               : Loading source class br.com.techchallenge.fiap.neighborfood.NeighborfoodApplication
2024-11-30T14:00:09.719-03:00 DEBUG 16800 --- [neighborfood-pagamento] [           main] o.s.w.c.s.GenericWebApplicationContext   : Refreshing org.springframework.web.context.support.GenericWebApplicationContext@75703f81
2024-11-30T14:00:09.720-03:00 DEBUG 16800 --- [neighborfood-pagamento] [           main] o.s.b.f.s.DefaultListableBeanFactory     : Creating shared instance of singleton bean 'org.springframework.context.annotation.internalConfigurationAnnotationProcessor'
2024-11-30T14:00:09.720-03:00 DEBUG 16800 --- [neighborfood-pagamento] [           main] o.s.b.f.s.DefaultListableBeanFactory     : Creating shared instance of singleton bean 'org.springframework.boot.autoconfigure.internalCachingMetadataReaderFactory'
2024-11-30T14:00:09.738-03:00 DEBUG 16800 --- [neighborfood-pagamento] [           main] o.s.c.a.ClassPathBeanDefinitionScanner   : Identified candidate component class: file [C:\Users\Miguel Silva\Documents\Pos\fase4\neighborfood-pagamento\target\classes\br\com\techchallenge\fiap\neighborfood\adapter\controllers\PagamentoControllerDomain.class]
2024-11-30T14:00:09.742-03:00 DEBUG 16800 --- [neighborfood-pagamento] [           main] o.s.c.a.ClassPathBeanDefinitionScanner   : Identified candidate component class: file [C:\Users\Miguel Silva\Documents\Pos\fase4\neighborfood-pagamento\target\classes\br\com\techchallenge\fiap\neighborfood\config\beans\BeanConfig.class]
2024-11-30T14:00:09.746-03:00 DEBUG 16800 --- [neighborfood-pagamento] [           main] o.s.c.a.ClassPathBeanDefinitionScanner   : Identified candidate component class: file [C:\Users\Miguel Silva\Documents\Pos\fase4\neighborfood-pagamento\target\classes\br\com\techchallenge\fiap\neighborfood\core\usecase\pagamento\PagamentoUseCase.class]
2024-11-30T14:00:09.750-03:00 DEBUG 16800 --- [neighborfood-pagamento] [           main] o.s.c.a.ClassPathBeanDefinitionScanner   : Identified candidate component class: file [C:\Users\Miguel Silva\Documents\Pos\fase4\neighborfood-pagamento\target\classes\br\com\techchallenge\fiap\neighborfood\framework\web\PagamentoController.class]
2024-11-30T14:00:09.751-03:00 DEBUG 16800 --- [neighborfood-pagamento] [           main] o.s.c.a.ClassPathBeanDefinitionScanner   : Identified candidate component class: file [C:\Users\Miguel Silva\Documents\Pos\fase4\neighborfood-pagamento\target\classes\br\com\techchallenge\fiap\neighborfood\infrastructure\gateways\PagamentoRepositoryGateway.class]
2024-11-30T14:00:09.753-03:00 DEBUG 16800 --- [neighborfood-pagamento] [           main] o.s.c.a.ClassPathBeanDefinitionScanner   : Ignored because not a concrete top-level class: file [C:\Users\Miguel Silva\Documents\Pos\fase4\neighborfood-pagamento\target\classes\br\com\techchallenge\fiap\neighborfood\infrastructure\persistence\payment\PagamentoRepository.class]
2024-11-30T14:00:10.235-03:00  INFO 16800 --- [neighborfood-pagamento] [           main] .s.d.r.c.RepositoryConfigurationDelegate : Bootstrapping Spring Data JPA repositories in DEFAULT mode.
2024-11-30T14:00:10.237-03:00 DEBUG 16800 --- [neighborfood-pagamento] [           main] o.s.b.f.s.DefaultListableBeanFactory     : Creating shared instance of singleton bean 'org.springframework.boot.autoconfigure.AutoConfigurationPackages'
2024-11-30T14:00:10.237-03:00 DEBUG 16800 --- [neighborfood-pagamento] [           main] o.s.b.a.AutoConfigurationPackages        : @EnableAutoConfiguration was declared on a class in the package 'br.com.techchallenge.fiap.neighborfood'. Automatic @Repository and @Entity scanning is enabled.
2024-11-30T14:00:10.238-03:00 DEBUG 16800 --- [neighborfood-pagamento] [           main] .s.d.r.c.RepositoryConfigurationDelegate : Scanning for JPA repositories in packages br.com.techchallenge.fiap.neighborfood.
2024-11-30T14:00:10.261-03:00 DEBUG 16800 --- [neighborfood-pagamento] [           main] o.s.d.r.c.RepositoryComponentProvider    : Identified candidate component class: file [C:\Users\Miguel Silva\Documents\Pos\fase4\neighborfood-pagamento\target\classes\br\com\techchallenge\fiap\neighborfood\infrastructure\persistence\payment\PagamentoRepository.class]
2024-11-30T14:00:10.279-03:00  INFO 16800 --- [neighborfood-pagamento] [           main] .s.d.r.c.RepositoryConfigurationDelegate : Finished Spring Data repository scanning in 41 ms. Found 1 JPA repository interface.
2024-11-30T14:00:10.381-03:00 DEBUG 16800 --- [neighborfood-pagamento] [           main] o.s.b.f.s.DefaultListableBeanFactory     : Creating shared instance of singleton bean 'propertySourcesPlaceholderConfigurer'
2024-11-30T14:00:10.383-03:00 DEBUG 16800 --- [neighborfood-pagamento] [           main] o.s.b.f.s.DefaultListableBeanFactory     : Creating shared instance of singleton bean 'org.springframework.boot.test.mock.mockito.MockitoPostProcessor'
2024-11-30T14:00:10.385-03:00 DEBUG 16800 --- [neighborfood-pagamento] [           main] o.s.b.f.s.DefaultListableBeanFactory     : Creating shared instance of singleton bean 'emBeanDefinitionRegistrarPostProcessor'
2024-11-30T14:00:10.385-03:00 DEBUG 16800 --- [neighborfood-pagamento] [           main] o.s.b.f.s.DefaultListableBeanFactory     : Creating shared instance of singleton bean 'org.springframework.boot.sql.init.dependency.DatabaseInitializationDependencyConfigurer$DependsOnDatabaseInitializationPostProcessor'
2024-11-30T14:00:10.401-03:00 DEBUG 16800 --- [neighborfood-pagamento] [           main] o.s.b.f.s.DefaultListableBeanFactory     : Creating shared instance of singleton bean 'org.springframework.context.event.internalEventListenerProcessor'
2024-11-30T14:00:10.402-03:00 DEBUG 16800 --- [neighborfood-pagamento] [           main] o.s.b.f.s.DefaultListableBeanFactory     : Creating shared instance of singleton bean 'preserveErrorControllerTargetClassPostProcessor'
2024-11-30T14:00:10.403-03:00 DEBUG 16800 --- [neighborfood-pagamento] [           main] o.s.b.f.s.DefaultListableBeanFactory     : Creating shared instance of singleton bean 'org.springframework.context.event.internalEventListenerFactory'
2024-11-30T14:00:10.404-03:00 DEBUG 16800 --- [neighborfood-pagamento] [           main] o.s.b.f.s.DefaultListableBeanFactory     : Creating shared instance of singleton bean 'org.springframework.transaction.config.internalTransactionalEventListenerFactory'
2024-11-30T14:00:10.409-03:00 DEBUG 16800 --- [neighborfood-pagamento] [           main] o.s.b.f.s.DefaultListableBeanFactory     : Creating shared instance of singleton bean 'org.springframework.boot.test.mock.mockito.MockitoPostProcessor$SpyPostProcessor'
2024-11-30T14:00:10.410-03:00 DEBUG 16800 --- [neighborfood-pagamento] [           main] o.s.b.f.s.DefaultListableBeanFactory     : Creating shared instance of singleton bean 'org.springframework.context.annotation.internalAutowiredAnnotationProcessor'
2024-11-30T14:00:10.411-03:00 DEBUG 16800 --- [neighborfood-pagamento] [           main] o.s.b.f.s.DefaultListableBeanFactory     : Creating shared instance of singleton bean 'org.springframework.context.annotation.internalCommonAnnotationProcessor'
2024-11-30T14:00:10.413-03:00 DEBUG 16800 --- [neighborfood-pagamento] [           main] o.s.b.f.s.DefaultListableBeanFactory     : Creating shared instance of singleton bean 'org.springframework.context.annotation.internalPersistenceAnnotationProcessor'
2024-11-30T14:00:10.417-03:00 DEBUG 16800 --- [neighborfood-pagamento] [           main] o.s.b.f.s.DefaultListableBeanFactory     : Creating shared instance of singleton bean 'org.springframework.boot.context.properties.ConfigurationPropertiesBindingPostProcessor'
2024-11-30T14:00:10.417-03:00 DEBUG 16800 --- [neighborfood-pagamento] [           main] o.s.b.f.s.DefaultListableBeanFactory     : Creating shared instance of singleton bean 'org.springframework.boot.context.internalConfigurationPropertiesBinder'
2024-11-30T14:00:10.418-03:00 DEBUG 16800 --- [neighborfood-pagamento] [           main] o.s.b.f.s.DefaultListableBeanFactory     : Creating shared instance of singleton bean 'jdbcConnectionDetailsHikariBeanPostProcessor'
2024-11-30T14:00:10.420-03:00 DEBUG 16800 --- [neighborfood-pagamento] [           main] o.s.b.f.s.DefaultListableBeanFactory     : Creating shared instance of singleton bean 'org.springframework.aop.config.internalAutoProxyCreator'
2024-11-30T14:00:10.423-03:00 DEBUG 16800 --- [neighborfood-pagamento] [           main] o.s.b.f.s.DefaultListableBeanFactory     : Creating shared instance of singleton bean 'persistenceExceptionTranslationPostProcessor'
2024-11-30T14:00:10.426-03:00 DEBUG 16800 --- [neighborfood-pagamento] [           main] o.s.b.f.s.DefaultListableBeanFactory     : Autowiring by type from bean name 'persistenceExceptionTranslationPostProcessor' via factory method to bean named 'environment'
2024-11-30T14:00:10.427-03:00 DEBUG 16800 --- [neighborfood-pagamento] [           main] o.s.b.f.s.DefaultListableBeanFactory     : Creating shared instance of singleton bean 'webServerFactoryCustomizerBeanPostProcessor'
2024-11-30T14:00:10.428-03:00 DEBUG 16800 --- [neighborfood-pagamento] [           main] o.s.b.f.s.DefaultListableBeanFactory     : Creating shared instance of singleton bean 'errorPageRegistrarBeanPostProcessor'
2024-11-30T14:00:10.430-03:00 DEBUG 16800 --- [neighborfood-pagamento] [           main] o.s.b.f.s.DefaultListableBeanFactory     : Creating shared instance of singleton bean 'projectingArgumentResolverBeanPostProcessor'
2024-11-30T14:00:10.431-03:00 DEBUG 16800 --- [neighborfood-pagamento] [           main] o.s.b.f.s.DefaultListableBeanFactory     : Creating shared instance of singleton bean 'org.springframework.transaction.config.internalTransactionAdvisor'
2024-11-30T14:00:10.431-03:00 DEBUG 16800 --- [neighborfood-pagamento] [           main] o.s.b.f.s.DefaultListableBeanFactory     : Creating shared instance of singleton bean 'org.springframework.transaction.annotation.ProxyTransactionManagementConfiguration'
2024-11-30T14:00:10.440-03:00 DEBUG 16800 --- [neighborfood-pagamento] [           main] o.s.b.f.s.DefaultListableBeanFactory     : Creating shared instance of singleton bean 'transactionAttributeSource'
2024-11-30T14:00:10.441-03:00 DEBUG 16800 --- [neighborfood-pagamento] [           main] o.s.b.f.s.DefaultListableBeanFactory     : Creating shared instance of singleton bean 'transactionInterceptor'
2024-11-30T14:00:10.442-03:00 DEBUG 16800 --- [neighborfood-pagamento] [           main] o.s.b.f.s.DefaultListableBeanFactory     : Autowiring by type from bean name 'transactionInterceptor' via factory method to bean named 'transactionAttributeSource'
2024-11-30T14:00:10.443-03:00 DEBUG 16800 --- [neighborfood-pagamento] [           main] o.s.b.f.s.DefaultListableBeanFactory     : Autowiring by type from bean name 'org.springframework.transaction.config.internalTransactionAdvisor' via factory method to bean named 'transactionAttributeSource'
2024-11-30T14:00:10.443-03:00 DEBUG 16800 --- [neighborfood-pagamento] [           main] o.s.b.f.s.DefaultListableBeanFactory     : Autowiring by type from bean name 'org.springframework.transaction.config.internalTransactionAdvisor' via factory method to bean named 'transactionInterceptor'
2024-11-30T14:00:10.445-03:00 DEBUG 16800 --- [neighborfood-pagamento] [           main] o.s.u.c.s.UiApplicationContextUtils      : Unable to locate ThemeSource with name 'themeSource': using default [org.springframework.ui.context.support.ResourceBundleThemeSource@3ff252]
2024-11-30T14:00:10.448-03:00 DEBUG 16800 --- [neighborfood-pagamento] [           main] o.s.b.f.s.DefaultListableBeanFactory     : Creating shared instance of singleton bean 'dataSourceScriptDatabaseInitializer'
2024-11-30T14:00:10.449-03:00 DEBUG 16800 --- [neighborfood-pagamento] [           main] o.s.b.f.s.DefaultListableBeanFactory     : Creating shared instance of singleton bean 'org.springframework.boot.autoconfigure.sql.init.DataSourceInitializationConfiguration'
2024-11-30T14:00:10.451-03:00 DEBUG 16800 --- [neighborfood-pagamento] [           main] o.s.b.f.s.DefaultListableBeanFactory     : Creating shared instance of singleton bean 'dataSource'
2024-11-30T14:00:10.451-03:00 DEBUG 16800 --- [neighborfood-pagamento] [           main] o.s.b.f.s.DefaultListableBeanFactory     : Creating shared instance of singleton bean 'org.springframework.boot.autoconfigure.jdbc.DataSourceConfiguration$Hikari'
2024-11-30T14:00:10.452-03:00 DEBUG 16800 --- [neighborfood-pagamento] [           main] o.s.b.f.s.DefaultListableBeanFactory     : Creating shared instance of singleton bean 'spring.datasource-org.springframework.boot.autoconfigure.jdbc.DataSourceProperties'
2024-11-30T14:00:10.453-03:00 DEBUG 16800 --- [neighborfood-pagamento] [           main] o.s.b.f.s.DefaultListableBeanFactory     : Creating shared instance of singleton bean 'org.springframework.boot.context.properties.BoundConfigurationProperties'
2024-11-30T14:00:10.463-03:00 DEBUG 16800 --- [neighborfood-pagamento] [           main] o.s.b.f.s.DefaultListableBeanFactory     : Creating shared instance of singleton bean 'jdbcConnectionDetails'
2024-11-30T14:00:10.463-03:00 DEBUG 16800 --- [neighborfood-pagamento] [           main] o.s.b.f.s.DefaultListableBeanFactory     : Creating shared instance of singleton bean 'org.springframework.boot.autoconfigure.jdbc.DataSourceAutoConfiguration$PooledDataSourceConfiguration'
2024-11-30T14:00:10.465-03:00 DEBUG 16800 --- [neighborfood-pagamento] [           main] o.s.b.f.s.DefaultListableBeanFactory     : Autowiring by type from bean name 'jdbcConnectionDetails' via factory method to bean named 'spring.datasource-org.springframework.boot.autoconfigure.jdbc.DataSourceProperties'
2024-11-30T14:00:10.467-03:00 DEBUG 16800 --- [neighborfood-pagamento] [           main] o.s.b.f.s.DefaultListableBeanFactory     : Autowiring by type from bean name 'dataSource' via factory method to bean named 'spring.datasource-org.springframework.boot.autoconfigure.jdbc.DataSourceProperties'
2024-11-30T14:00:10.467-03:00 DEBUG 16800 --- [neighborfood-pagamento] [           main] o.s.b.f.s.DefaultListableBeanFactory     : Autowiring by type from bean name 'dataSource' via factory method to bean named 'jdbcConnectionDetails'
2024-11-30T14:00:10.516-03:00 DEBUG 16800 --- [neighborfood-pagamento] [           main] o.s.b.f.s.DefaultListableBeanFactory     : Creating shared instance of singleton bean 'spring.sql.init-org.springframework.boot.autoconfigure.sql.init.SqlInitializationProperties'
2024-11-30T14:00:10.519-03:00 DEBUG 16800 --- [neighborfood-pagamento] [           main] o.s.b.f.s.DefaultListableBeanFactory     : Autowiring by type from bean name 'dataSourceScriptDatabaseInitializer' via factory method to bean named 'dataSource'
2024-11-30T14:00:10.519-03:00 DEBUG 16800 --- [neighborfood-pagamento] [           main] o.s.b.f.s.DefaultListableBeanFactory     : Autowiring by type from bean name 'dataSourceScriptDatabaseInitializer' via factory method to bean named 'spring.sql.init-org.springframework.boot.autoconfigure.sql.init.SqlInitializationProperties'
2024-11-30T14:00:10.522-03:00 DEBUG 16800 --- [neighborfood-pagamento] [           main] o.s.b.f.s.DefaultListableBeanFactory     : Creating shared instance of singleton bean 'entityManagerFactory'
2024-11-30T14:00:10.522-03:00 DEBUG 16800 --- [neighborfood-pagamento] [           main] o.s.b.f.s.DefaultListableBeanFactory     : Creating shared instance of singleton bean 'org.springframework.boot.autoconfigure.orm.jpa.HibernateJpaConfiguration'
2024-11-30T14:00:10.523-03:00 DEBUG 16800 --- [neighborfood-pagamento] [           main] o.s.b.f.s.DefaultListableBeanFactory     : Creating shared instance of singleton bean 'spring.jpa-org.springframework.boot.autoconfigure.orm.jpa.JpaProperties'
2024-11-30T14:00:10.535-03:00 DEBUG 16800 --- [neighborfood-pagamento] [           main] o.s.b.f.s.DefaultListableBeanFactory     : Creating shared instance of singleton bean 'spring.jpa.hibernate-org.springframework.boot.autoconfigure.orm.jpa.HibernateProperties'
2024-11-30T14:00:10.538-03:00 DEBUG 16800 --- [neighborfood-pagamento] [           main] o.s.b.f.s.DefaultListableBeanFactory     : Autowiring by type from bean name 'org.springframework.boot.autoconfigure.orm.jpa.HibernateJpaConfiguration' via constructor to bean named 'dataSource'
2024-11-30T14:00:10.538-03:00 DEBUG 16800 --- [neighborfood-pagamento] [           main] o.s.b.f.s.DefaultListableBeanFactory     : Autowiring by type from bean name 'org.springframework.boot.autoconfigure.orm.jpa.HibernateJpaConfiguration' via constructor to bean named 'spring.jpa-org.springframework.boot.autoconfigure.orm.jpa.JpaProperties'
2024-11-30T14:00:10.538-03:00 DEBUG 16800 --- [neighborfood-pagamento] [           main] o.s.b.f.s.DefaultListableBeanFactory     : Autowiring by type from bean name 'org.springframework.boot.autoconfigure.orm.jpa.HibernateJpaConfiguration' via constructor to bean named 'org.springframework.beans.factory.support.DefaultListableBeanFactory@5b031055'
2024-11-30T14:00:10.539-03:00 DEBUG 16800 --- [neighborfood-pagamento] [           main] o.s.b.f.s.DefaultListableBeanFactory     : Autowiring by type from bean name 'org.springframework.boot.autoconfigure.orm.jpa.HibernateJpaConfiguration' via constructor to bean named 'spring.jpa.hibernate-org.springframework.boot.autoconfigure.orm.jpa.HibernateProperties'
2024-11-30T14:00:10.540-03:00 DEBUG 16800 --- [neighborfood-pagamento] [           main] o.s.b.f.s.DefaultListableBeanFactory     : Creating shared instance of singleton bean 'hikariPoolDataSourceMetadataProvider'
2024-11-30T14:00:10.541-03:00 DEBUG 16800 --- [neighborfood-pagamento] [           main] o.s.b.f.s.DefaultListableBeanFactory     : Creating shared instance of singleton bean 'org.springframework.boot.autoconfigure.jdbc.metadata.DataSourcePoolMetadataProvidersConfiguration$HikariPoolDataSourceMetadataProviderConfiguration'
2024-11-30T14:00:10.548-03:00 DEBUG 16800 --- [neighborfood-pagamento] [           main] o.s.b.f.s.DefaultListableBeanFactory     : Creating shared instance of singleton bean 'entityManagerFactoryBuilder'
2024-11-30T14:00:10.549-03:00 DEBUG 16800 --- [neighborfood-pagamento] [           main] o.s.b.f.s.DefaultListableBeanFactory     : Creating shared instance of singleton bean 'jpaVendorAdapter'
2024-11-30T14:00:10.551-03:00 DEBUG 16800 --- [neighborfood-pagamento] [           main] o.s.b.f.s.DefaultListableBeanFactory     : Autowiring by type from bean name 'entityManagerFactoryBuilder' via factory method to bean named 'jpaVendorAdapter'
2024-11-30T14:00:10.555-03:00 DEBUG 16800 --- [neighborfood-pagamento] [           main] o.s.b.f.s.DefaultListableBeanFactory     : Creating shared instance of singleton bean 'persistenceManagedTypes'
2024-11-30T14:00:10.576-03:00 DEBUG 16800 --- [neighborfood-pagamento] [           main] o.s.b.f.s.DefaultListableBeanFactory     : Autowiring by type from bean name 'persistenceManagedTypes' via factory method to bean named 'org.springframework.beans.factory.support.DefaultListableBeanFactory@5b031055'
2024-11-30T14:00:10.576-03:00 DEBUG 16800 --- [neighborfood-pagamento] [           main] o.s.b.f.s.DefaultListableBeanFactory     : Autowiring by type from bean name 'persistenceManagedTypes' via factory method to bean named 'org.springframework.web.context.support.GenericWebApplicationContext@75703f81'
2024-11-30T14:00:10.624-03:00 DEBUG 16800 --- [neighborfood-pagamento] [           main] o.s.b.f.s.DefaultListableBeanFactory     : Autowiring by type from bean name 'entityManagerFactory' via factory method to bean named 'entityManagerFactoryBuilder'
2024-11-30T14:00:10.624-03:00 DEBUG 16800 --- [neighborfood-pagamento] [           main] o.s.b.f.s.DefaultListableBeanFactory     : Autowiring by type from bean name 'entityManagerFactory' via factory method to bean named 'persistenceManagedTypes'
2024-11-30T14:00:10.629-03:00 DEBUG 16800 --- [neighborfood-pagamento] [           main] j.LocalContainerEntityManagerFactoryBean : Building JPA container EntityManagerFactory for persistence unit 'default'
2024-11-30T14:00:10.629-03:00  INFO 16800 --- [neighborfood-pagamento] [           main] o.hibernate.jpa.internal.util.LogHelper  : HHH000204: Processing PersistenceUnitInfo [name: default]
2024-11-30T14:00:10.638-03:00  INFO 16800 --- [neighborfood-pagamento] [           main] o.h.c.internal.RegionFactoryInitiator    : HHH000026: Second-level cache disabled
2024-11-30T14:00:10.669-03:00  INFO 16800 --- [neighborfood-pagamento] [           main] o.s.o.j.p.SpringPersistenceUnitInfo      : No LoadTimeWeaver setup: ignoring JPA class transformer
2024-11-30T14:00:10.675-03:00  INFO 16800 --- [neighborfood-pagamento] [           main] com.zaxxer.hikari.HikariDataSource       : HikariPool-1 - Starting...
2024-11-30T14:00:11.478-03:00  INFO 16800 --- [neighborfood-pagamento] [           main] com.zaxxer.hikari.pool.HikariPool        : HikariPool-1 - Added connection org.postgresql.jdbc.PgConnection@61d225f0
2024-11-30T14:00:11.483-03:00  INFO 16800 --- [neighborfood-pagamento] [           main] com.zaxxer.hikari.HikariDataSource       : HikariPool-1 - Start completed.
2024-11-30T14:00:11.544-03:00  WARN 16800 --- [neighborfood-pagamento] [           main] org.hibernate.orm.deprecation            : HHH90000025: PostgreSQLDialect does not need to be specified explicitly using 'hibernate.dialect' (remove the property setting and it will be selected by default)
2024-11-30T14:00:11.736-03:00  INFO 16800 --- [neighborfood-pagamento] [           main] o.h.e.t.j.p.i.JtaPlatformInitiator       : HHH000489: No JTA platform available (set 'hibernate.transaction.jta.platform' to enable JTA platform integration)
2024-11-30T14:00:11.744-03:00  WARN 16800 --- [neighborfood-pagamento] [           main] o.h.engine.jdbc.spi.SqlExceptionHelper   : SQL Warning Code: 0, SQLState: 00000
2024-11-30T14:00:11.744-03:00  WARN 16800 --- [neighborfood-pagamento] [           main] o.h.engine.jdbc.spi.SqlExceptionHelper   : tabela "pagamento" não existe, ignorando
2024-11-30T14:00:11.746-03:00  WARN 16800 --- [neighborfood-pagamento] [           main] o.h.engine.jdbc.spi.SqlExceptionHelper   : SQL Warning Code: 0, SQLState: 00000
2024-11-30T14:00:11.746-03:00  WARN 16800 --- [neighborfood-pagamento] [           main] o.h.engine.jdbc.spi.SqlExceptionHelper   : sequência "pagamento_seq" não existe, ignorando
2024-11-30T14:00:11.829-03:00  INFO 16800 --- [neighborfood-pagamento] [           main] j.LocalContainerEntityManagerFactoryBean : Initialized JPA EntityManagerFactory for persistence unit 'default'
2024-11-30T14:00:11.829-03:00 DEBUG 16800 --- [neighborfood-pagamento] [           main] o.s.b.f.s.DefaultListableBeanFactory     : Creating shared instance of singleton bean 'neighborfoodApplication'
2024-11-30T14:00:11.830-03:00 DEBUG 16800 --- [neighborfood-pagamento] [           main] o.s.b.f.s.DefaultListableBeanFactory     : Creating shared instance of singleton bean 'pagamentoControllerDomain'
2024-11-30T14:00:11.833-03:00 DEBUG 16800 --- [neighborfood-pagamento] [           main] o.s.b.f.s.DefaultListableBeanFactory     : Creating shared instance of singleton bean 'pagamentoUseCase'
2024-11-30T14:00:11.834-03:00 DEBUG 16800 --- [neighborfood-pagamento] [           main] o.s.b.f.s.DefaultListableBeanFactory     : Creating shared instance of singleton bean 'pagamentoRepositoryGateway'
2024-11-30T14:00:11.834-03:00 DEBUG 16800 --- [neighborfood-pagamento] [           main] o.s.b.f.s.DefaultListableBeanFactory     : Creating shared instance of singleton bean 'pagamentoRepository'
2024-11-30T14:00:11.840-03:00 DEBUG 16800 --- [neighborfood-pagamento] [           main] o.s.b.f.s.DefaultListableBeanFactory     : Creating shared instance of singleton bean 'jpa.named-queries#0'
2024-11-30T14:00:11.843-03:00 DEBUG 16800 --- [neighborfood-pagamento] [           main] o.s.b.f.s.DefaultListableBeanFactory     : Creating shared instance of singleton bean 'jpa.PagamentoRepository.fragments#0'
2024-11-30T14:00:11.845-03:00 DEBUG 16800 --- [neighborfood-pagamento] [           main] o.s.b.f.s.DefaultListableBeanFactory     : Creating shared instance of singleton bean 'jpaSharedEM_entityManagerFactory'
2024-11-30T14:00:11.852-03:00 DEBUG 16800 --- [neighborfood-pagamento] [           main] o.s.b.f.s.DefaultListableBeanFactory     : Creating shared instance of singleton bean 'jpaMappingContext'
2024-11-30T14:00:11.853-03:00 DEBUG 16800 --- [neighborfood-pagamento] [           main] .c.JpaMetamodelMappingContextFactoryBean : Initializing JpaMetamodelMappingContext…
2024-11-30T14:00:11.854-03:00 DEBUG 16800 --- [neighborfood-pagamento] [           main] .c.JpaMetamodelMappingContextFactoryBean : Finished initializing JpaMetamodelMappingContext
2024-11-30T14:00:11.857-03:00 DEBUG 16800 --- [neighborfood-pagamento] [           main] tor$SharedEntityManagerInvocationHandler : Creating new EntityManager for shared EntityManager invocation
2024-11-30T14:00:11.865-03:00 DEBUG 16800 --- [neighborfood-pagamento] [           main] o.s.d.r.c.s.RepositoryFactorySupport     : Initializing repository instance for br.com.techchallenge.fiap.neighborfood.infrastructure.persistence.payment.PagamentoRepository…
2024-11-30T14:00:11.867-03:00 DEBUG 16800 --- [neighborfood-pagamento] [           main] tor$SharedEntityManagerInvocationHandler : Creating new EntityManager for shared EntityManager invocation
2024-11-30T14:00:11.871-03:00 DEBUG 16800 --- [neighborfood-pagamento] [           main] o.s.d.jpa.repository.query.NamedQuery    : Looking up named query PagamentoEntity.findByIdPedido
2024-11-30T14:00:11.872-03:00 DEBUG 16800 --- [neighborfood-pagamento] [           main] o.s.d.jpa.repository.query.NamedQuery    : Did not find named query PagamentoEntity.findByIdPedido
2024-11-30T14:00:11.872-03:00 DEBUG 16800 --- [neighborfood-pagamento] [           main] tor$SharedEntityManagerInvocationHandler : Creating new EntityManager for shared EntityManager invocation
2024-11-30T14:00:11.874-03:00 DEBUG 16800 --- [neighborfood-pagamento] [           main] o.s.d.r.c.s.RepositoryFactorySupport     : Finished creation of repository instance for br.com.techchallenge.fiap.neighborfood.infrastructure.persistence.payment.PagamentoRepository.
2024-11-30T14:00:11.876-03:00 DEBUG 16800 --- [neighborfood-pagamento] [           main] o.s.b.f.s.DefaultListableBeanFactory     : Autowiring by type from bean name 'pagamentoRepositoryGateway' via constructor to bean named 'pagamentoRepository'
2024-11-30T14:00:11.877-03:00 DEBUG 16800 --- [neighborfood-pagamento] [           main] o.s.b.f.s.DefaultListableBeanFactory     : Autowiring by type from bean name 'pagamentoUseCase' via constructor to bean named 'pagamentoRepositoryGateway'
2024-11-30T14:00:11.877-03:00 DEBUG 16800 --- [neighborfood-pagamento] [           main] o.s.b.f.s.DefaultListableBeanFactory     : Autowiring by type from bean name 'pagamentoControllerDomain' via constructor to bean named 'pagamentoUseCase'
2024-11-30T14:00:11.878-03:00 DEBUG 16800 --- [neighborfood-pagamento] [           main] o.s.b.f.s.DefaultListableBeanFactory     : Creating shared instance of singleton bean 'beanConfig'
2024-11-30T14:00:11.879-03:00 DEBUG 16800 --- [neighborfood-pagamento] [           main] o.s.b.f.s.DefaultListableBeanFactory     : Creating shared instance of singleton bean 'pagamentoController'
2024-11-30T14:00:11.880-03:00 DEBUG 16800 --- [neighborfood-pagamento] [           main] o.s.b.f.s.DefaultListableBeanFactory     : Autowiring by type from bean name 'pagamentoController' via constructor to bean named 'pagamentoControllerDomain'
2024-11-30T14:00:11.882-03:00 DEBUG 16800 --- [neighborfood-pagamento] [           main] o.s.b.f.s.DefaultListableBeanFactory     : Creating shared instance of singleton bean 'gera'
2024-11-30T14:00:11.882-03:00 DEBUG 16800 --- [neighborfood-pagamento] [           main] o.s.b.f.s.DefaultListableBeanFactory     : Autowiring by type from bean name 'gera' via factory method to bean named 'pagamentoRepository'
2024-11-30T14:00:11.883-03:00 DEBUG 16800 --- [neighborfood-pagamento] [           main] o.s.b.f.s.DefaultListableBeanFactory     : Creating shared instance of singleton bean 'org.springframework.boot.autoconfigure.context.PropertyPlaceholderAutoConfiguration'
2024-11-30T14:00:11.884-03:00 DEBUG 16800 --- [neighborfood-pagamento] [           main] o.s.b.f.s.DefaultListableBeanFactory     : Creating shared instance of singleton bean 'org.springframework.boot.autoconfigure.ssl.SslAutoConfiguration'
2024-11-30T14:00:11.885-03:00 DEBUG 16800 --- [neighborfood-pagamento] [           main] o.s.b.f.s.DefaultListableBeanFactory     : Creating shared instance of singleton bean 'spring.ssl-org.springframework.boot.autoconfigure.ssl.SslProperties'
2024-11-30T14:00:11.888-03:00 DEBUG 16800 --- [neighborfood-pagamento] [           main] o.s.b.f.s.DefaultListableBeanFactory     : Autowiring by type from bean name 'org.springframework.boot.autoconfigure.ssl.SslAutoConfiguration' via constructor to bean named 'spring.ssl-org.springframework.boot.autoconfigure.ssl.SslProperties'
2024-11-30T14:00:11.889-03:00 DEBUG 16800 --- [neighborfood-pagamento] [           main] o.s.b.f.s.DefaultListableBeanFactory     : Creating shared instance of singleton bean 'fileWatcher'
2024-11-30T14:00:11.889-03:00 DEBUG 16800 --- [neighborfood-pagamento] [           main] o.s.b.f.s.DefaultListableBeanFactory     : Creating shared instance of singleton bean 'sslPropertiesSslBundleRegistrar'
2024-11-30T14:00:11.890-03:00 DEBUG 16800 --- [neighborfood-pagamento] [           main] o.s.b.f.s.DefaultListableBeanFactory     : Autowiring by type from bean name 'sslPropertiesSslBundleRegistrar' via factory method to bean named 'fileWatcher'
2024-11-30T14:00:11.891-03:00 DEBUG 16800 --- [neighborfood-pagamento] [           main] o.s.b.f.s.DefaultListableBeanFactory     : Creating shared instance of singleton bean 'sslBundleRegistry'
2024-11-30T14:00:11.894-03:00 DEBUG 16800 --- [neighborfood-pagamento] [           main] o.s.b.f.s.DefaultListableBeanFactory     : Creating shared instance of singleton bean 'org.springframework.boot.context.properties.EnableConfigurationPropertiesRegistrar.methodValidationExcludeFilter'
2024-11-30T14:00:11.898-03:00 DEBUG 16800 --- [neighborfood-pagamento] [           main] o.s.b.f.s.DefaultListableBeanFactory     : Creating shared instance of singleton bean 'org.springframework.boot.autoconfigure.websocket.servlet.WebSocketServletAutoConfiguration$TomcatWebSocketConfiguration'
2024-11-30T14:00:11.899-03:00 DEBUG 16800 --- [neighborfood-pagamento] [           main] o.s.b.f.s.DefaultListableBeanFactory     : Creating shared instance of singleton bean 'websocketServletWebServerCustomizer'
2024-11-30T14:00:11.905-03:00 DEBUG 16800 --- [neighborfood-pagamento] [           main] o.s.b.f.s.DefaultListableBeanFactory     : Creating shared instance of singleton bean 'org.springframework.boot.autoconfigure.websocket.servlet.WebSocketServletAutoConfiguration'
2024-11-30T14:00:11.907-03:00 DEBUG 16800 --- [neighborfood-pagamento] [           main] o.s.b.f.s.DefaultListableBeanFactory     : Creating shared instance of singleton bean 'org.springframework.boot.autoconfigure.web.servlet.ServletWebServerFactoryConfiguration$EmbeddedTomcat'
2024-11-30T14:00:11.912-03:00 DEBUG 16800 --- [neighborfood-pagamento] [           main] o.s.b.f.s.DefaultListableBeanFactory     : Creating shared instance of singleton bean 'tomcatServletWebServerFactory'
2024-11-30T14:00:11.921-03:00 DEBUG 16800 --- [neighborfood-pagamento] [           main] o.s.b.f.s.DefaultListableBeanFactory     : Creating shared instance of singleton bean 'servletWebServerFactoryCustomizer'
2024-11-30T14:00:11.921-03:00 DEBUG 16800 --- [neighborfood-pagamento] [           main] o.s.b.f.s.DefaultListableBeanFactory     : Creating shared instance of singleton bean 'org.springframework.boot.autoconfigure.web.servlet.ServletWebServerFactoryAutoConfiguration'
2024-11-30T14:00:11.925-03:00 DEBUG 16800 --- [neighborfood-pagamento] [           main] o.s.b.f.s.DefaultListableBeanFactory     : Creating shared instance of singleton bean 'server-org.springframework.boot.autoconfigure.web.ServerProperties'
2024-11-30T14:00:11.929-03:00 DEBUG 16800 --- [neighborfood-pagamento] [           main] o.s.b.f.s.DefaultListableBeanFactory     : Autowiring by type from bean name 'servletWebServerFactoryCustomizer' via factory method to bean named 'server-org.springframework.boot.autoconfigure.web.ServerProperties'
2024-11-30T14:00:11.931-03:00 DEBUG 16800 --- [neighborfood-pagamento] [           main] o.s.b.f.s.DefaultListableBeanFactory     : Creating shared instance of singleton bean 'tomcatServletWebServerFactoryCustomizer'
2024-11-30T14:00:11.932-03:00 DEBUG 16800 --- [neighborfood-pagamento] [           main] o.s.b.f.s.DefaultListableBeanFactory     : Autowiring by type from bean name 'tomcatServletWebServerFactoryCustomizer' via factory method to bean named 'server-org.springframework.boot.autoconfigure.web.ServerProperties'
2024-11-30T14:00:11.933-03:00 DEBUG 16800 --- [neighborfood-pagamento] [           main] o.s.b.f.s.DefaultListableBeanFactory     : Creating shared instance of singleton bean 'localeCharsetMappingsCustomizer'
2024-11-30T14:00:11.933-03:00 DEBUG 16800 --- [neighborfood-pagamento] [           main] o.s.b.f.s.DefaultListableBeanFactory     : Creating shared instance of singleton bean 'org.springframework.boot.autoconfigure.web.servlet.HttpEncodingAutoConfiguration'
2024-11-30T14:00:11.933-03:00 DEBUG 16800 --- [neighborfood-pagamento] [           main] o.s.b.f.s.DefaultListableBeanFactory     : Autowiring by type from bean name 'org.springframework.boot.autoconfigure.web.servlet.HttpEncodingAutoConfiguration' via constructor to bean named 'server-org.springframework.boot.autoconfigure.web.ServerProperties'
2024-11-30T14:00:11.935-03:00 DEBUG 16800 --- [neighborfood-pagamento] [           main] o.s.b.f.s.DefaultListableBeanFactory     : Creating shared instance of singleton bean 'errorPageCustomizer'
2024-11-30T14:00:11.936-03:00 DEBUG 16800 --- [neighborfood-pagamento] [           main] o.s.b.f.s.DefaultListableBeanFactory     : Creating shared instance of singleton bean 'org.springframework.boot.autoconfigure.web.servlet.error.ErrorMvcAutoConfiguration'
2024-11-30T14:00:11.936-03:00 DEBUG 16800 --- [neighborfood-pagamento] [           main] o.s.b.f.s.DefaultListableBeanFactory     : Autowiring by type from bean name 'org.springframework.boot.autoconfigure.web.servlet.error.ErrorMvcAutoConfiguration' via constructor to bean named 'server-org.springframework.boot.autoconfigure.web.ServerProperties'
2024-11-30T14:00:11.938-03:00 DEBUG 16800 --- [neighborfood-pagamento] [           main] o.s.b.f.s.DefaultListableBeanFactory     : Creating shared instance of singleton bean 'dispatcherServletRegistration'
2024-11-30T14:00:11.938-03:00 DEBUG 16800 --- [neighborfood-pagamento] [           main] o.s.b.f.s.DefaultListableBeanFactory     : Creating shared instance of singleton bean 'org.springframework.boot.autoconfigure.web.servlet.DispatcherServletAutoConfiguration$DispatcherServletRegistrationConfiguration'
2024-11-30T14:00:11.940-03:00 DEBUG 16800 --- [neighborfood-pagamento] [           main] o.s.b.f.s.DefaultListableBeanFactory     : Creating shared instance of singleton bean 'dispatcherServlet'
2024-11-30T14:00:11.940-03:00 DEBUG 16800 --- [neighborfood-pagamento] [           main] o.s.b.f.s.DefaultListableBeanFactory     : Creating shared instance of singleton bean 'org.springframework.boot.autoconfigure.web.servlet.DispatcherServletAutoConfiguration$DispatcherServletConfiguration'
2024-11-30T14:00:11.941-03:00 DEBUG 16800 --- [neighborfood-pagamento] [           main] o.s.b.f.s.DefaultListableBeanFactory     : Creating shared instance of singleton bean 'spring.mvc-org.springframework.boot.autoconfigure.web.servlet.WebMvcProperties'
2024-11-30T14:00:11.958-03:00 DEBUG 16800 --- [neighborfood-pagamento] [           main] o.s.b.f.s.DefaultListableBeanFactory     : Autowiring by type from bean name 'dispatcherServlet' via factory method to bean named 'spring.mvc-org.springframework.boot.autoconfigure.web.servlet.WebMvcProperties'
2024-11-30T14:00:11.962-03:00 DEBUG 16800 --- [neighborfood-pagamento] [           main] o.s.b.f.s.DefaultListableBeanFactory     : Autowiring by type from bean name 'dispatcherServletRegistration' via factory method to bean named 'dispatcherServlet'
2024-11-30T14:00:11.962-03:00 DEBUG 16800 --- [neighborfood-pagamento] [           main] o.s.b.f.s.DefaultListableBeanFactory     : Autowiring by type from bean name 'dispatcherServletRegistration' via factory method to bean named 'spring.mvc-org.springframework.boot.autoconfigure.web.servlet.WebMvcProperties'
2024-11-30T14:00:11.963-03:00 DEBUG 16800 --- [neighborfood-pagamento] [           main] o.s.b.f.s.DefaultListableBeanFactory     : Creating shared instance of singleton bean 'multipartConfigElement'
2024-11-30T14:00:11.963-03:00 DEBUG 16800 --- [neighborfood-pagamento] [           main] o.s.b.f.s.DefaultListableBeanFactory     : Creating shared instance of singleton bean 'org.springframework.boot.autoconfigure.web.servlet.MultipartAutoConfiguration'
2024-11-30T14:00:11.964-03:00 DEBUG 16800 --- [neighborfood-pagamento] [           main] o.s.b.f.s.DefaultListableBeanFactory     : Creating shared instance of singleton bean 'spring.servlet.multipart-org.springframework.boot.autoconfigure.web.servlet.MultipartProperties'
2024-11-30T14:00:11.967-03:00 DEBUG 16800 --- [neighborfood-pagamento] [           main] o.s.b.f.s.DefaultListableBeanFactory     : Autowiring by type from bean name 'org.springframework.boot.autoconfigure.web.servlet.MultipartAutoConfiguration' via constructor to bean named 'spring.servlet.multipart-org.springframework.boot.autoconfigure.web.servlet.MultipartProperties'
2024-11-30T14:00:11.969-03:00 DEBUG 16800 --- [neighborfood-pagamento] [           main] o.s.b.f.s.DefaultListableBeanFactory     : Autowiring by type from bean name 'errorPageCustomizer' via factory method to bean named 'dispatcherServletRegistration'
2024-11-30T14:00:11.973-03:00 DEBUG 16800 --- [neighborfood-pagamento] [           main] o.s.b.f.s.DefaultListableBeanFactory     : Creating shared instance of singleton bean 'org.springframework.boot.autoconfigure.web.servlet.DispatcherServletAutoConfiguration'
2024-11-30T14:00:11.974-03:00 DEBUG 16800 --- [neighborfood-pagamento] [           main] o.s.b.f.s.DefaultListableBeanFactory     : Creating shared instance of singleton bean 'org.springframework.boot.autoconfigure.task.TaskExecutorConfigurations$ThreadPoolTaskExecutorBuilderConfiguration'
2024-11-30T14:00:11.975-03:00 DEBUG 16800 --- [neighborfood-pagamento] [           main] o.s.b.f.s.DefaultListableBeanFactory     : Creating shared instance of singleton bean 'threadPoolTaskExecutorBuilder'
2024-11-30T14:00:11.976-03:00 DEBUG 16800 --- [neighborfood-pagamento] [           main] o.s.b.f.s.DefaultListableBeanFactory     : Creating shared instance of singleton bean 'spring.task.execution-org.springframework.boot.autoconfigure.task.TaskExecutionProperties'
2024-11-30T14:00:11.979-03:00 DEBUG 16800 --- [neighborfood-pagamento] [           main] o.s.b.f.s.DefaultListableBeanFactory     : Autowiring by type from bean name 'threadPoolTaskExecutorBuilder' via factory method to bean named 'spring.task.execution-org.springframework.boot.autoconfigure.task.TaskExecutionProperties'
2024-11-30T14:00:11.981-03:00 DEBUG 16800 --- [neighborfood-pagamento] [           main] o.s.b.f.s.DefaultListableBeanFactory     : Creating shared instance of singleton bean 'org.springframework.boot.autoconfigure.task.TaskExecutorConfigurations$TaskExecutorBuilderConfiguration'
2024-11-30T14:00:11.982-03:00 DEBUG 16800 --- [neighborfood-pagamento] [           main] o.s.b.f.s.DefaultListableBeanFactory     : Creating shared instance of singleton bean 'taskExecutorBuilder'
2024-11-30T14:00:11.982-03:00 DEBUG 16800 --- [neighborfood-pagamento] [           main] o.s.b.f.s.DefaultListableBeanFactory     : Autowiring by type from bean name 'taskExecutorBuilder' via factory method to bean named 'spring.task.execution-org.springframework.boot.autoconfigure.task.TaskExecutionProperties'
2024-11-30T14:00:11.983-03:00 DEBUG 16800 --- [neighborfood-pagamento] [           main] o.s.b.f.s.DefaultListableBeanFactory     : Creating shared instance of singleton bean 'org.springframework.boot.autoconfigure.task.TaskExecutorConfigurations$SimpleAsyncTaskExecutorBuilderConfiguration'
2024-11-30T14:00:11.984-03:00 DEBUG 16800 --- [neighborfood-pagamento] [           main] o.s.b.f.s.DefaultListableBeanFactory     : Autowiring by type from bean name 'org.springframework.boot.autoconfigure.task.TaskExecutorConfigurations$SimpleAsyncTaskExecutorBuilderConfiguration' via constructor to bean named 'spring.task.execution-org.springframework.boot.autoconfigure.task.TaskExecutionProperties'
2024-11-30T14:00:11.991-03:00 DEBUG 16800 --- [neighborfood-pagamento] [           main] o.s.b.f.s.DefaultListableBeanFactory     : Creating shared instance of singleton bean 'simpleAsyncTaskExecutorBuilder'
2024-11-30T14:00:12.001-03:00 DEBUG 16800 --- [neighborfood-pagamento] [           main] o.s.b.f.s.DefaultListableBeanFactory     : Creating shared instance of singleton bean 'org.springframework.boot.autoconfigure.task.TaskExecutorConfigurations$TaskExecutorConfiguration'
2024-11-30T14:00:12.007-03:00 DEBUG 16800 --- [neighborfood-pagamento] [           main] o.s.b.f.s.DefaultListableBeanFactory     : Creating shared instance of singleton bean 'org.springframework.boot.autoconfigure.task.TaskExecutionAutoConfiguration'
2024-11-30T14:00:12.008-03:00 DEBUG 16800 --- [neighborfood-pagamento] [           main] o.s.b.f.s.DefaultListableBeanFactory     : Creating shared instance of singleton bean 'org.springframework.boot.autoconfigure.web.servlet.error.ErrorMvcAutoConfiguration$WhitelabelErrorViewConfiguration'
2024-11-30T14:00:12.009-03:00 DEBUG 16800 --- [neighborfood-pagamento] [           main] o.s.b.f.s.DefaultListableBeanFactory     : Creating shared instance of singleton bean 'error'
2024-11-30T14:00:12.010-03:00 DEBUG 16800 --- [neighborfood-pagamento] [           main] o.s.b.f.s.DefaultListableBeanFactory     : Creating shared instance of singleton bean 'beanNameViewResolver'
2024-11-30T14:00:12.013-03:00 DEBUG 16800 --- [neighborfood-pagamento] [           main] o.s.b.f.s.DefaultListableBeanFactory     : Creating shared instance of singleton bean 'org.springframework.boot.autoconfigure.web.servlet.error.ErrorMvcAutoConfiguration$DefaultErrorViewResolverConfiguration'
2024-11-30T14:00:12.015-03:00 DEBUG 16800 --- [neighborfood-pagamento] [           main] o.s.b.f.s.DefaultListableBeanFactory     : Creating shared instance of singleton bean 'spring.web-org.springframework.boot.autoconfigure.web.WebProperties'
2024-11-30T14:00:12.016-03:00 DEBUG 16800 --- [neighborfood-pagamento] [           main] o.s.b.f.s.DefaultListableBeanFactory     : Autowiring by type from bean name 'org.springframework.boot.autoconfigure.web.servlet.error.ErrorMvcAutoConfiguration$DefaultErrorViewResolverConfiguration' via constructor to bean named 'org.springframework.web.context.support.GenericWebApplicationContext@75703f81'
2024-11-30T14:00:12.016-03:00 DEBUG 16800 --- [neighborfood-pagamento] [           main] o.s.b.f.s.DefaultListableBeanFactory     : Autowiring by type from bean name 'org.springframework.boot.autoconfigure.web.servlet.error.ErrorMvcAutoConfiguration$DefaultErrorViewResolverConfiguration' via constructor to bean named 'spring.web-org.springframework.boot.autoconfigure.web.WebProperties'
2024-11-30T14:00:12.017-03:00 DEBUG 16800 --- [neighborfood-pagamento] [           main] o.s.b.f.s.DefaultListableBeanFactory     : Creating shared instance of singleton bean 'conventionErrorViewResolver'
2024-11-30T14:00:12.018-03:00 DEBUG 16800 --- [neighborfood-pagamento] [           main] o.s.b.f.s.DefaultListableBeanFactory     : Creating shared instance of singleton bean 'errorAttributes'
2024-11-30T14:00:12.019-03:00 DEBUG 16800 --- [neighborfood-pagamento] [           main] o.s.b.f.s.DefaultListableBeanFactory     : Creating shared instance of singleton bean 'basicErrorController'
2024-11-30T14:00:12.019-03:00 DEBUG 16800 --- [neighborfood-pagamento] [           main] o.s.b.f.s.DefaultListableBeanFactory     : Autowiring by type from bean name 'basicErrorController' via factory method to bean named 'errorAttributes'
2024-11-30T14:00:12.022-03:00 DEBUG 16800 --- [neighborfood-pagamento] [           main] o.s.b.f.s.DefaultListableBeanFactory     : Creating shared instance of singleton bean 'org.springframework.boot.autoconfigure.web.servlet.WebMvcAutoConfiguration$EnableWebMvcConfiguration'
2024-11-30T14:00:12.024-03:00 DEBUG 16800 --- [neighborfood-pagamento] [           main] o.s.b.f.s.DefaultListableBeanFactory     : Autowiring by type from bean name 'org.springframework.boot.autoconfigure.web.servlet.WebMvcAutoConfiguration$EnableWebMvcConfiguration' via constructor to bean named 'spring.mvc-org.springframework.boot.autoconfigure.web.servlet.WebMvcProperties'
2024-11-30T14:00:12.024-03:00 DEBUG 16800 --- [neighborfood-pagamento] [           main] o.s.b.f.s.DefaultListableBeanFactory     : Autowiring by type from bean name 'org.springframework.boot.autoconfigure.web.servlet.WebMvcAutoConfiguration$EnableWebMvcConfiguration' via constructor to bean named 'spring.web-org.springframework.boot.autoconfigure.web.WebProperties'
2024-11-30T14:00:12.024-03:00 DEBUG 16800 --- [neighborfood-pagamento] [           main] o.s.b.f.s.DefaultListableBeanFactory     : Autowiring by type from bean name 'org.springframework.boot.autoconfigure.web.servlet.WebMvcAutoConfiguration$EnableWebMvcConfiguration' via constructor to bean named 'org.springframework.beans.factory.support.DefaultListableBeanFactory@5b031055'
2024-11-30T14:00:12.027-03:00 DEBUG 16800 --- [neighborfood-pagamento] [           main] o.s.b.f.s.DefaultListableBeanFactory     : Creating shared instance of singleton bean 'org.springframework.boot.autoconfigure.web.servlet.WebMvcAutoConfiguration$WebMvcAutoConfigurationAdapter'
2024-11-30T14:00:12.028-03:00 DEBUG 16800 --- [neighborfood-pagamento] [           main] o.s.b.f.s.DefaultListableBeanFactory     : Autowiring by type from bean name 'org.springframework.boot.autoconfigure.web.servlet.WebMvcAutoConfiguration$WebMvcAutoConfigurationAdapter' via constructor to bean named 'spring.web-org.springframework.boot.autoconfigure.web.WebProperties'
2024-11-30T14:00:12.028-03:00 DEBUG 16800 --- [neighborfood-pagamento] [           main] o.s.b.f.s.DefaultListableBeanFactory     : Autowiring by type from bean name 'org.springframework.boot.autoconfigure.web.servlet.WebMvcAutoConfiguration$WebMvcAutoConfigurationAdapter' via constructor to bean named 'spring.mvc-org.springframework.boot.autoconfigure.web.servlet.WebMvcProperties'
2024-11-30T14:00:12.028-03:00 DEBUG 16800 --- [neighborfood-pagamento] [           main] o.s.b.f.s.DefaultListableBeanFactory     : Autowiring by type from bean name 'org.springframework.boot.autoconfigure.web.servlet.WebMvcAutoConfiguration$WebMvcAutoConfigurationAdapter' via constructor to bean named 'org.springframework.beans.factory.support.DefaultListableBeanFactory@5b031055'
2024-11-30T14:00:12.034-03:00 DEBUG 16800 --- [neighborfood-pagamento] [           main] o.s.b.f.s.DefaultListableBeanFactory     : Creating shared instance of singleton bean 'swaggerWebMvcConfigurer'
2024-11-30T14:00:12.034-03:00 DEBUG 16800 --- [neighborfood-pagamento] [           main] o.s.b.f.s.DefaultListableBeanFactory     : Creating shared instance of singleton bean 'org.springdoc.webmvc.ui.SwaggerConfig'
2024-11-30T14:00:12.035-03:00 DEBUG 16800 --- [neighborfood-pagamento] [           main] o.s.b.f.s.DefaultListableBeanFactory     : Creating shared instance of singleton bean 'org.springdoc.core.properties.SwaggerUiConfigParameters'
2024-11-30T14:00:12.036-03:00 DEBUG 16800 --- [neighborfood-pagamento] [           main] o.s.b.f.s.DefaultListableBeanFactory     : Creating shared instance of singleton bean 'org.springdoc.core.properties.SwaggerUiConfigProperties'
2024-11-30T14:00:12.071-03:00 DEBUG 16800 --- [neighborfood-pagamento] [           main] o.s.b.f.s.DefaultListableBeanFactory     : Autowiring by type from bean name 'org.springdoc.core.properties.SwaggerUiConfigParameters' via constructor to bean named 'org.springdoc.core.properties.SwaggerUiConfigProperties'
2024-11-30T14:00:12.074-03:00 DEBUG 16800 --- [neighborfood-pagamento] [           main] o.s.b.f.s.DefaultListableBeanFactory     : Creating shared instance of singleton bean 'indexPageTransformer'
2024-11-30T14:00:12.075-03:00 DEBUG 16800 --- [neighborfood-pagamento] [           main] o.s.b.f.s.DefaultListableBeanFactory     : Creating shared instance of singleton bean 'org.springdoc.core.properties.SwaggerUiOAuthProperties'
2024-11-30T14:00:12.088-03:00 DEBUG 16800 --- [neighborfood-pagamento] [           main] o.s.b.f.s.DefaultListableBeanFactory     : Creating shared instance of singleton bean 'swaggerWelcome'
2024-11-30T14:00:12.091-03:00 DEBUG 16800 --- [neighborfood-pagamento] [           main] o.s.b.f.s.DefaultListableBeanFactory     : Creating shared instance of singleton bean 'org.springdoc.core.properties.SpringDocConfigProperties'
2024-11-30T14:00:12.114-03:00 DEBUG 16800 --- [neighborfood-pagamento] [           main] o.s.b.f.s.DefaultListableBeanFactory     : Creating shared instance of singleton bean 'springWebProvider'
2024-11-30T14:00:12.114-03:00 DEBUG 16800 --- [neighborfood-pagamento] [           main] o.s.b.f.s.DefaultListableBeanFactory     : Creating shared instance of singleton bean 'org.springdoc.webmvc.core.configuration.SpringDocWebMvcConfiguration'
2024-11-30T14:00:12.116-03:00 DEBUG 16800 --- [neighborfood-pagamento] [           main] o.s.b.f.s.DefaultListableBeanFactory     : Autowiring by type from bean name 'swaggerWelcome' via factory method to bean named 'org.springdoc.core.properties.SwaggerUiConfigProperties'
2024-11-30T14:00:12.116-03:00 DEBUG 16800 --- [neighborfood-pagamento] [           main] o.s.b.f.s.DefaultListableBeanFactory     : Autowiring by type from bean name 'swaggerWelcome' via factory method to bean named 'org.springdoc.core.properties.SpringDocConfigProperties'
2024-11-30T14:00:12.116-03:00 DEBUG 16800 --- [neighborfood-pagamento] [           main] o.s.b.f.s.DefaultListableBeanFactory     : Autowiring by type from bean name 'swaggerWelcome' via factory method to bean named 'org.springdoc.core.properties.SwaggerUiConfigParameters'
2024-11-30T14:00:12.116-03:00 DEBUG 16800 --- [neighborfood-pagamento] [           main] o.s.b.f.s.DefaultListableBeanFactory     : Autowiring by type from bean name 'swaggerWelcome' via factory method to bean named 'springWebProvider'
2024-11-30T14:00:12.123-03:00 DEBUG 16800 --- [neighborfood-pagamento] [           main] o.s.b.f.s.DefaultListableBeanFactory     : Creating shared instance of singleton bean 'objectMapperProvider'
2024-11-30T14:00:12.125-03:00 DEBUG 16800 --- [neighborfood-pagamento] [           main] o.s.b.f.s.DefaultListableBeanFactory     : Creating shared instance of singleton bean 'org.springdoc.core.configuration.SpringDocConfiguration'
2024-11-30T14:00:12.129-03:00 DEBUG 16800 --- [neighborfood-pagamento] [           main] o.s.b.f.s.DefaultListableBeanFactory     : Autowiring by type from bean name 'objectMapperProvider' via factory method to bean named 'org.springdoc.core.properties.SpringDocConfigProperties'
2024-11-30T14:00:12.130-03:00 DEBUG 16800 --- [neighborfood-pagamento] [           main] o.s.b.f.s.DefaultListableBeanFactory     : Autowiring by type from bean name 'indexPageTransformer' via factory method to bean named 'org.springdoc.core.properties.SwaggerUiConfigProperties'
2024-11-30T14:00:12.131-03:00 DEBUG 16800 --- [neighborfood-pagamento] [           main] o.s.b.f.s.DefaultListableBeanFactory     : Autowiring by type from bean name 'indexPageTransformer' via factory method to bean named 'org.springdoc.core.properties.SwaggerUiOAuthProperties'
2024-11-30T14:00:12.131-03:00 DEBUG 16800 --- [neighborfood-pagamento] [           main] o.s.b.f.s.DefaultListableBeanFactory     : Autowiring by type from bean name 'indexPageTransformer' via factory method to bean named 'org.springdoc.core.properties.SwaggerUiConfigParameters'
2024-11-30T14:00:12.132-03:00 DEBUG 16800 --- [neighborfood-pagamento] [           main] o.s.b.f.s.DefaultListableBeanFactory     : Autowiring by type from bean name 'indexPageTransformer' via factory method to bean named 'swaggerWelcome'
2024-11-30T14:00:12.132-03:00 DEBUG 16800 --- [neighborfood-pagamento] [           main] o.s.b.f.s.DefaultListableBeanFactory     : Autowiring by type from bean name 'indexPageTransformer' via factory method to bean named 'objectMapperProvider'
2024-11-30T14:00:12.135-03:00 DEBUG 16800 --- [neighborfood-pagamento] [           main] o.s.b.f.s.DefaultListableBeanFactory     : Creating shared instance of singleton bean 'swaggerResourceResolver'
2024-11-30T14:00:12.136-03:00 DEBUG 16800 --- [neighborfood-pagamento] [           main] o.s.b.f.s.DefaultListableBeanFactory     : Autowiring by type from bean name 'swaggerResourceResolver' via factory method to bean named 'org.springdoc.core.properties.SwaggerUiConfigProperties'
2024-11-30T14:00:12.136-03:00 DEBUG 16800 --- [neighborfood-pagamento] [           main] o.s.b.f.s.DefaultListableBeanFactory     : Autowiring by type from bean name 'swaggerWebMvcConfigurer' via factory method to bean named 'org.springdoc.core.properties.SwaggerUiConfigParameters'
2024-11-30T14:00:12.137-03:00 DEBUG 16800 --- [neighborfood-pagamento] [           main] o.s.b.f.s.DefaultListableBeanFactory     : Autowiring by type from bean name 'swaggerWebMvcConfigurer' via factory method to bean named 'indexPageTransformer'
2024-11-30T14:00:12.137-03:00 DEBUG 16800 --- [neighborfood-pagamento] [           main] o.s.b.f.s.DefaultListableBeanFactory     : Autowiring by type from bean name 'swaggerWebMvcConfigurer' via factory method to bean named 'swaggerResourceResolver'
2024-11-30T14:00:12.137-03:00 DEBUG 16800 --- [neighborfood-pagamento] [           main] o.s.b.f.s.DefaultListableBeanFactory     : Creating shared instance of singleton bean 'openEntityManagerInViewInterceptorConfigurer'
2024-11-30T14:00:12.138-03:00 DEBUG 16800 --- [neighborfood-pagamento] [           main] o.s.b.f.s.DefaultListableBeanFactory     : Creating shared instance of singleton bean 'org.springframework.boot.autoconfigure.orm.jpa.JpaBaseConfiguration$JpaWebConfiguration'
2024-11-30T14:00:12.138-03:00 DEBUG 16800 --- [neighborfood-pagamento] [           main] o.s.b.f.s.DefaultListableBeanFactory     : Autowiring by type from bean name 'org.springframework.boot.autoconfigure.orm.jpa.JpaBaseConfiguration$JpaWebConfiguration' via constructor to bean named 'spring.jpa-org.springframework.boot.autoconfigure.orm.jpa.JpaProperties'
2024-11-30T14:00:12.139-03:00 DEBUG 16800 --- [neighborfood-pagamento] [           main] o.s.b.f.s.DefaultListableBeanFactory     : Creating shared instance of singleton bean 'openEntityManagerInViewInterceptor'
2024-11-30T14:00:12.139-03:00  WARN 16800 --- [neighborfood-pagamento] [           main] JpaBaseConfiguration$JpaWebConfiguration : spring.jpa.open-in-view is enabled by default. Therefore, database queries may be performed during view rendering. Explicitly configure spring.jpa.open-in-view to disable this warning
2024-11-30T14:00:12.140-03:00 DEBUG 16800 --- [neighborfood-pagamento] [           main] o.s.b.f.s.DefaultListableBeanFactory     : Autowiring by type from bean name 'openEntityManagerInViewInterceptorConfigurer' via factory method to bean named 'openEntityManagerInViewInterceptor'
2024-11-30T14:00:12.141-03:00 DEBUG 16800 --- [neighborfood-pagamento] [           main] o.s.b.f.s.DefaultListableBeanFactory     : Creating shared instance of singleton bean 'org.springframework.data.web.config.SpringDataWebConfiguration'
2024-11-30T14:00:12.142-03:00 DEBUG 16800 --- [neighborfood-pagamento] [           main] o.s.b.f.s.DefaultListableBeanFactory     : Autowiring by type from bean name 'org.springframework.data.web.config.SpringDataWebConfiguration' via constructor to bean named 'org.springframework.web.context.support.GenericWebApplicationContext@75703f81'
2024-11-30T14:00:12.144-03:00 DEBUG 16800 --- [neighborfood-pagamento] [           main] o.s.b.f.s.DefaultListableBeanFactory     : Creating shared instance of singleton bean 'welcomePageHandlerMapping'
2024-11-30T14:00:12.144-03:00 DEBUG 16800 --- [neighborfood-pagamento] [           main] o.s.b.f.s.DefaultListableBeanFactory     : Creating shared instance of singleton bean 'mvcConversionService'
2024-11-30T14:00:12.148-03:00 DEBUG 16800 --- [neighborfood-pagamento] [           main] o.s.b.f.s.DefaultListableBeanFactory     : Creating shared instance of singleton bean 'mvcResourceUrlProvider'
2024-11-30T14:00:12.149-03:00 DEBUG 16800 --- [neighborfood-pagamento] [           main] o.s.b.f.s.DefaultListableBeanFactory     : Autowiring by type from bean name 'welcomePageHandlerMapping' via factory method to bean named 'org.springframework.web.context.support.GenericWebApplicationContext@75703f81'
2024-11-30T14:00:12.149-03:00 DEBUG 16800 --- [neighborfood-pagamento] [           main] o.s.b.f.s.DefaultListableBeanFactory     : Autowiring by type from bean name 'welcomePageHandlerMapping' via factory method to bean named 'mvcConversionService'
2024-11-30T14:00:12.149-03:00 DEBUG 16800 --- [neighborfood-pagamento] [           main] o.s.b.f.s.DefaultListableBeanFactory     : Autowiring by type from bean name 'welcomePageHandlerMapping' via factory method to bean named 'mvcResourceUrlProvider'
2024-11-30T14:00:12.179-03:00 DEBUG 16800 --- [neighborfood-pagamento] [           main] o.s.b.f.s.DefaultListableBeanFactory     : Creating shared instance of singleton bean 'welcomePageNotAcceptableHandlerMapping'
2024-11-30T14:00:12.183-03:00 DEBUG 16800 --- [neighborfood-pagamento] [           main] o.s.b.f.s.DefaultListableBeanFactory     : Autowiring by type from bean name 'welcomePageNotAcceptableHandlerMapping' via factory method to bean named 'org.springframework.web.context.support.GenericWebApplicationContext@75703f81'
2024-11-30T14:00:12.183-03:00 DEBUG 16800 --- [neighborfood-pagamento] [           main] o.s.b.f.s.DefaultListableBeanFactory     : Autowiring by type from bean name 'welcomePageNotAcceptableHandlerMapping' via factory method to bean named 'mvcConversionService'
2024-11-30T14:00:12.183-03:00 DEBUG 16800 --- [neighborfood-pagamento] [           main] o.s.b.f.s.DefaultListableBeanFactory     : Autowiring by type from bean name 'welcomePageNotAcceptableHandlerMapping' via factory method to bean named 'mvcResourceUrlProvider'
2024-11-30T14:00:12.193-03:00 DEBUG 16800 --- [neighborfood-pagamento] [           main] o.s.b.f.s.DefaultListableBeanFactory     : Creating shared instance of singleton bean 'localeResolver'
2024-11-30T14:00:12.194-03:00 DEBUG 16800 --- [neighborfood-pagamento] [           main] o.s.b.f.s.DefaultListableBeanFactory     : Creating shared instance of singleton bean 'themeResolver'
2024-11-30T14:00:12.196-03:00 DEBUG 16800 --- [neighborfood-pagamento] [           main] o.s.b.f.s.DefaultListableBeanFactory     : Creating shared instance of singleton bean 'flashMapManager'
2024-11-30T14:00:12.197-03:00 DEBUG 16800 --- [neighborfood-pagamento] [           main] o.s.b.f.s.DefaultListableBeanFactory     : Creating shared instance of singleton bean 'mvcValidator'
2024-11-30T14:00:12.199-03:00 DEBUG 16800 --- [neighborfood-pagamento] [           main] o.s.v.b.OptionalValidatorFactoryBean     : Failed to set up a Bean Validation provider

jakarta.validation.NoProviderFoundException: Unable to create a Configuration, because no Jakarta Bean Validation provider could be found. Add a provider like Hibernate Validator (RI) to your classpath.
	at jakarta.validation.Validation$GenericBootstrapImpl.configure(Validation.java:291) ~[jakarta.validation-api-3.0.2.jar:na]
	at org.springframework.validation.beanvalidation.LocalValidatorFactoryBean.afterPropertiesSet(LocalValidatorFactoryBean.java:270) ~[spring-context-6.1.6.jar:6.1.6]
	at org.springframework.validation.beanvalidation.OptionalValidatorFactoryBean.afterPropertiesSet(OptionalValidatorFactoryBean.java:39) ~[spring-context-6.1.6.jar:6.1.6]
	at org.springframework.boot.autoconfigure.validation.ValidatorAdapter.afterPropertiesSet(ValidatorAdapter.java:85) ~[spring-boot-autoconfigure-3.2.5.jar:3.2.5]
	at org.springframework.beans.factory.support.AbstractAutowireCapableBeanFactory.invokeInitMethods(AbstractAutowireCapableBeanFactory.java:1833) ~[spring-beans-6.1.6.jar:6.1.6]
	at org.springframework.beans.factory.support.AbstractAutowireCapableBeanFactory.initializeBean(AbstractAutowireCapableBeanFactory.java:1782) ~[spring-beans-6.1.6.jar:6.1.6]
	at org.springframework.beans.factory.support.AbstractAutowireCapableBeanFactory.doCreateBean(AbstractAutowireCapableBeanFactory.java:600) ~[spring-beans-6.1.6.jar:6.1.6]
	at org.springframework.beans.factory.support.AbstractAutowireCapableBeanFactory.createBean(AbstractAutowireCapableBeanFactory.java:522) ~[spring-beans-6.1.6.jar:6.1.6]
	at org.springframework.beans.factory.support.AbstractBeanFactory.lambda$doGetBean$0(AbstractBeanFactory.java:326) ~[spring-beans-6.1.6.jar:6.1.6]
	at org.springframework.beans.factory.support.DefaultSingletonBeanRegistry.getSingleton(DefaultSingletonBeanRegistry.java:234) ~[spring-beans-6.1.6.jar:6.1.6]
	at org.springframework.beans.factory.support.AbstractBeanFactory.doGetBean(AbstractBeanFactory.java:324) ~[spring-beans-6.1.6.jar:6.1.6]
	at org.springframework.beans.factory.support.AbstractBeanFactory.getBean(AbstractBeanFactory.java:200) ~[spring-beans-6.1.6.jar:6.1.6]
	at org.springframework.beans.factory.support.DefaultListableBeanFactory.preInstantiateSingletons(DefaultListableBeanFactory.java:975) ~[spring-beans-6.1.6.jar:6.1.6]
	at org.springframework.context.support.AbstractApplicationContext.finishBeanFactoryInitialization(AbstractApplicationContext.java:962) ~[spring-context-6.1.6.jar:6.1.6]
	at org.springframework.context.support.AbstractApplicationContext.refresh(AbstractApplicationContext.java:624) ~[spring-context-6.1.6.jar:6.1.6]
	at org.springframework.boot.SpringApplication.refresh(SpringApplication.java:754) ~[spring-boot-3.2.5.jar:3.2.5]
	at org.springframework.boot.SpringApplication.refreshContext(SpringApplication.java:456) ~[spring-boot-3.2.5.jar:3.2.5]
	at org.springframework.boot.SpringApplication.run(SpringApplication.java:334) ~[spring-boot-3.2.5.jar:3.2.5]
	at org.springframework.boot.test.context.SpringBootContextLoader.lambda$loadContext$3(SpringBootContextLoader.java:137) ~[spring-boot-test-3.2.5.jar:3.2.5]
	at org.springframework.util.function.ThrowingSupplier.get(ThrowingSupplier.java:58) ~[spring-core-6.1.6.jar:6.1.6]
	at org.springframework.util.function.ThrowingSupplier.get(ThrowingSupplier.java:46) ~[spring-core-6.1.6.jar:6.1.6]
	at org.springframework.boot.SpringApplication.withHook(SpringApplication.java:1454) ~[spring-boot-3.2.5.jar:3.2.5]
	at org.springframework.boot.test.context.SpringBootContextLoader$ContextLoaderHook.run(SpringBootContextLoader.java:553) ~[spring-boot-test-3.2.5.jar:3.2.5]
	at org.springframework.boot.test.context.SpringBootContextLoader.loadContext(SpringBootContextLoader.java:137) ~[spring-boot-test-3.2.5.jar:3.2.5]
	at org.springframework.boot.test.context.SpringBootContextLoader.loadContext(SpringBootContextLoader.java:108) ~[spring-boot-test-3.2.5.jar:3.2.5]
	at org.springframework.test.context.cache.DefaultCacheAwareContextLoaderDelegate.loadContextInternal(DefaultCacheAwareContextLoaderDelegate.java:225) ~[spring-test-6.1.6.jar:6.1.6]
	at org.springframework.test.context.cache.DefaultCacheAwareContextLoaderDelegate.loadContext(DefaultCacheAwareContextLoaderDelegate.java:152) ~[spring-test-6.1.6.jar:6.1.6]
	at org.springframework.test.context.support.DefaultTestContext.getApplicationContext(DefaultTestContext.java:130) ~[spring-test-6.1.6.jar:6.1.6]
	at org.springframework.test.context.web.ServletTestExecutionListener.setUpRequestContextIfNecessary(ServletTestExecutionListener.java:191) ~[spring-test-6.1.6.jar:6.1.6]
	at org.springframework.test.context.web.ServletTestExecutionListener.prepareTestInstance(ServletTestExecutionListener.java:130) ~[spring-test-6.1.6.jar:6.1.6]
	at org.springframework.test.context.TestContextManager.prepareTestInstance(TestContextManager.java:260) ~[spring-test-6.1.6.jar:6.1.6]
	at org.springframework.test.context.junit.jupiter.SpringExtension.postProcessTestInstance(SpringExtension.java:163) ~[spring-test-6.1.6.jar:6.1.6]
	at org.junit.jupiter.engine.descriptor.ClassBasedTestDescriptor.lambda$invokeTestInstancePostProcessors$10(ClassBasedTestDescriptor.java:377) ~[junit-jupiter-engine-5.9.1.jar:5.9.1]
	at org.junit.jupiter.engine.descriptor.ClassBasedTestDescriptor.executeAndMaskThrowable(ClassBasedTestDescriptor.java:382) ~[junit-jupiter-engine-5.9.1.jar:5.9.1]
	at org.junit.jupiter.engine.descriptor.ClassBasedTestDescriptor.lambda$invokeTestInstancePostProcessors$11(ClassBasedTestDescriptor.java:377) ~[junit-jupiter-engine-5.9.1.jar:5.9.1]
	at java.base/java.util.stream.ReferencePipeline$3$1.accept(ReferencePipeline.java:197) ~[na:na]
	at java.base/java.util.stream.ReferencePipeline$2$1.accept(ReferencePipeline.java:179) ~[na:na]
	at java.base/java.util.ArrayList$ArrayListSpliterator.forEachRemaining(ArrayList.java:1625) ~[na:na]
	at java.base/java.util.stream.AbstractPipeline.copyInto(AbstractPipeline.java:509) ~[na:na]
	at java.base/java.util.stream.AbstractPipeline.wrapAndCopyInto(AbstractPipeline.java:499) ~[na:na]
	at java.base/java.util.stream.StreamSpliterators$WrappingSpliterator.forEachRemaining(StreamSpliterators.java:310) ~[na:na]
	at java.base/java.util.stream.Streams$ConcatSpliterator.forEachRemaining(Streams.java:735) ~[na:na]
	at java.base/java.util.stream.Streams$ConcatSpliterator.forEachRemaining(Streams.java:734) ~[na:na]
	at java.base/java.util.stream.ReferencePipeline$Head.forEach(ReferencePipeline.java:762) ~[na:na]
	at org.junit.jupiter.engine.descriptor.ClassBasedTestDescriptor.invokeTestInstancePostProcessors(ClassBasedTestDescriptor.java:376) ~[junit-jupiter-engine-5.9.1.jar:5.9.1]
	at org.junit.jupiter.engine.descriptor.ClassBasedTestDescriptor.lambda$instantiateAndPostProcessTestInstance$6(ClassBasedTestDescriptor.java:289) ~[junit-jupiter-engine-5.9.1.jar:5.9.1]
	at org.junit.platform.engine.support.hierarchical.ThrowableCollector.execute(ThrowableCollector.java:73) ~[junit-platform-engine-1.10.2.jar:1.10.2]
	at org.junit.jupiter.engine.descriptor.ClassBasedTestDescriptor.instantiateAndPostProcessTestInstance(ClassBasedTestDescriptor.java:288) ~[junit-jupiter-engine-5.9.1.jar:5.9.1]
	at org.junit.jupiter.engine.descriptor.ClassBasedTestDescriptor.lambda$testInstancesProvider$4(ClassBasedTestDescriptor.java:278) ~[junit-jupiter-engine-5.9.1.jar:5.9.1]
	at java.base/java.util.Optional.orElseGet(Optional.java:364) ~[na:na]
	at org.junit.jupiter.engine.descriptor.ClassBasedTestDescriptor.lambda$testInstancesProvider$5(ClassBasedTestDescriptor.java:277) ~[junit-jupiter-engine-5.9.1.jar:5.9.1]
	at org.junit.jupiter.engine.execution.TestInstancesProvider.getTestInstances(TestInstancesProvider.java:31) ~[junit-jupiter-engine-5.9.1.jar:5.9.1]
	at org.junit.jupiter.engine.descriptor.TestMethodTestDescriptor.lambda$prepare$0(TestMethodTestDescriptor.java:105) ~[junit-jupiter-engine-5.9.1.jar:5.9.1]
	at org.junit.platform.engine.support.hierarchical.ThrowableCollector.execute(ThrowableCollector.java:73) ~[junit-platform-engine-1.10.2.jar:1.10.2]
	at org.junit.jupiter.engine.descriptor.TestMethodTestDescriptor.prepare(TestMethodTestDescriptor.java:104) ~[junit-jupiter-engine-5.9.1.jar:5.9.1]
	at org.junit.jupiter.engine.descriptor.TestMethodTestDescriptor.prepare(TestMethodTestDescriptor.java:68) ~[junit-jupiter-engine-5.9.1.jar:5.9.1]
	at org.junit.platform.engine.support.hierarchical.NodeTestTask.lambda$prepare$2(NodeTestTask.java:123) ~[junit-platform-engine-1.10.2.jar:1.10.2]
	at org.junit.platform.engine.support.hierarchical.ThrowableCollector.execute(ThrowableCollector.java:73) ~[junit-platform-engine-1.10.2.jar:1.10.2]
	at org.junit.platform.engine.support.hierarchical.NodeTestTask.prepare(NodeTestTask.java:123) ~[junit-platform-engine-1.10.2.jar:1.10.2]
	at org.junit.platform.engine.support.hierarchical.NodeTestTask.execute(NodeTestTask.java:90) ~[junit-platform-engine-1.10.2.jar:1.10.2]
	at java.base/java.util.ArrayList.forEach(ArrayList.java:1511) ~[na:na]
	at org.junit.platform.engine.support.hierarchical.SameThreadHierarchicalTestExecutorService.invokeAll(SameThreadHierarchicalTestExecutorService.java:41) ~[junit-platform-engine-1.10.2.jar:1.10.2]
	at org.junit.platform.engine.support.hierarchical.NodeTestTask.lambda$executeRecursively$6(NodeTestTask.java:155) ~[junit-platform-engine-1.10.2.jar:1.10.2]
	at org.junit.platform.engine.support.hierarchical.ThrowableCollector.execute(ThrowableCollector.java:73) ~[junit-platform-engine-1.10.2.jar:1.10.2]
	at org.junit.platform.engine.support.hierarchical.NodeTestTask.lambda$executeRecursively$8(NodeTestTask.java:141) ~[junit-platform-engine-1.10.2.jar:1.10.2]
	at org.junit.platform.engine.support.hierarchical.Node.around(Node.java:137) ~[junit-platform-engine-1.10.2.jar:1.10.2]
	at org.junit.platform.engine.support.hierarchical.NodeTestTask.lambda$executeRecursively$9(NodeTestTask.java:139) ~[junit-platform-engine-1.10.2.jar:1.10.2]
	at org.junit.platform.engine.support.hierarchical.ThrowableCollector.execute(ThrowableCollector.java:73) ~[junit-platform-engine-1.10.2.jar:1.10.2]
	at org.junit.platform.engine.support.hierarchical.NodeTestTask.executeRecursively(NodeTestTask.java:138) ~[junit-platform-engine-1.10.2.jar:1.10.2]
	at org.junit.platform.engine.support.hierarchical.NodeTestTask.execute(NodeTestTask.java:95) ~[junit-platform-engine-1.10.2.jar:1.10.2]
	at java.base/java.util.ArrayList.forEach(ArrayList.java:1511) ~[na:na]
	at org.junit.platform.engine.support.hierarchical.SameThreadHierarchicalTestExecutorService.invokeAll(SameThreadHierarchicalTestExecutorService.java:41) ~[junit-platform-engine-1.10.2.jar:1.10.2]
	at org.junit.platform.engine.support.hierarchical.NodeTestTask.lambda$executeRecursively$6(NodeTestTask.java:155) ~[junit-platform-engine-1.10.2.jar:1.10.2]
	at org.junit.platform.engine.support.hierarchical.ThrowableCollector.execute(ThrowableCollector.java:73) ~[junit-platform-engine-1.10.2.jar:1.10.2]
	at org.junit.platform.engine.support.hierarchical.NodeTestTask.lambda$executeRecursively$8(NodeTestTask.java:141) ~[junit-platform-engine-1.10.2.jar:1.10.2]
	at org.junit.platform.engine.support.hierarchical.Node.around(Node.java:137) ~[junit-platform-engine-1.10.2.jar:1.10.2]
	at org.junit.platform.engine.support.hierarchical.NodeTestTask.lambda$executeRecursively$9(NodeTestTask.java:139) ~[junit-platform-engine-1.10.2.jar:1.10.2]
	at org.junit.platform.engine.support.hierarchical.ThrowableCollector.execute(ThrowableCollector.java:73) ~[junit-platform-engine-1.10.2.jar:1.10.2]
	at org.junit.platform.engine.support.hierarchical.NodeTestTask.executeRecursively(NodeTestTask.java:138) ~[junit-platform-engine-1.10.2.jar:1.10.2]
	at org.junit.platform.engine.support.hierarchical.NodeTestTask.execute(NodeTestTask.java:95) ~[junit-platform-engine-1.10.2.jar:1.10.2]
	at org.junit.platform.engine.support.hierarchical.SameThreadHierarchicalTestExecutorService.submit(SameThreadHierarchicalTestExecutorService.java:35) ~[junit-platform-engine-1.10.2.jar:1.10.2]
	at org.junit.platform.engine.support.hierarchical.HierarchicalTestExecutor.execute(HierarchicalTestExecutor.java:57) ~[junit-platform-engine-1.10.2.jar:1.10.2]
[...]
         - @ConditionalOnBean (types: org.springdoc.core.customizers.PropertyCustomizer; SearchStrategy: all) did not find any beans of type org.springdoc.core.customizers.PropertyCustomizer (OnBeanCondition)

   SpringDocConfiguration#springdocBeanFactoryPostProcessor:
      Did not match:
         - AnyNestedCondition 0 matched 2 did not; NestedCondition on CacheOrGroupedOpenApiCondition.OnCacheDisabled found non-matching nested conditions @ConditionalOnProperty (springdoc.cache.disabled) did not find property 'springdoc.cache.disabled'; NestedCondition on CacheOrGroupedOpenApiCondition.OnMultipleOpenApiSupportCondition AnyNestedCondition 0 matched 2 did not; NestedCondition on MultipleOpenApiSupportCondition.OnActuatorDifferentPort @ConditionalOnProperty (springdoc.show-actuator) did not find property 'springdoc.show-actuator'; NestedCondition on MultipleOpenApiSupportCondition.OnMultipleOpenApiSupportCondition AnyNestedCondition 0 matched 2 did not; NestedCondition on MultipleOpenApiGroupsCondition.OnGroupConfigProperty @ConditionalOnProperty (springdoc.group-configs[0].group) did not find property 'springdoc.group-configs[0].group'; NestedCondition on MultipleOpenApiGroupsCondition.OnGroupedOpenApiBean @ConditionalOnBean (types: org.springdoc.core.models.GroupedOpenApi; SearchStrategy: all) did not find any beans of type org.springdoc.core.models.GroupedOpenApi (CacheOrGroupedOpenApiCondition)
      Matched:
         - @ConditionalOnClass found required class 'org.springframework.boot.context.properties.bind.BindResult' (OnClassCondition)

   SpringDocConfiguration#springdocBeanFactoryPostProcessor2:
      Did not match:
         - @ConditionalOnMissingClass found unwanted class 'org.springframework.boot.context.properties.bind.BindResult' (OnClassCondition)

   SpringDocConfiguration.SpringDocActuatorConfiguration:
      Did not match:
         - @ConditionalOnClass did not find required class 'org.springframework.boot.actuate.autoconfigure.endpoint.web.WebEndpointProperties' (OnClassCondition)

   SpringDocConfiguration.SpringDocRepositoryRestConfiguration:
      Did not match:
         - @ConditionalOnClass did not find required class 'org.springframework.data.rest.core.config.RepositoryRestConfiguration' (OnClassCondition)

   SpringDocConfiguration.SpringDocWebFluxSupportConfiguration:
      Did not match:
         - @ConditionalOnClass did not find required class 'reactor.core.publisher.Flux' (OnClassCondition)

   SpringDocDataRestConfiguration:
      Did not match:
         - @ConditionalOnClass did not find required class 'org.springframework.data.rest.core.config.RepositoryRestConfiguration' (OnClassCondition)

   SpringDocFunctionCatalogConfiguration:
      Did not match:
         - @ConditionalOnClass did not find required class 'org.springframework.cloud.function.web.function.FunctionEndpointInitializer' (OnClassCondition)

   SpringDocHateoasConfiguration:
      Did not match:
         - @ConditionalOnClass did not find required class 'org.springframework.hateoas.server.LinkRelationProvider' (OnClassCondition)

   SpringDocJacksonKotlinModuleConfiguration:
      Did not match:
         - @ConditionalOnClass did not find required class 'com.fasterxml.jackson.module.kotlin.KotlinModule' (OnClassCondition)

   SpringDocJavadocConfiguration:
      Did not match:
         - @ConditionalOnClass did not find required class 'com.github.therapi.runtimejavadoc.CommentFormatter' (OnClassCondition)

   SpringDocKotlinConfiguration:
      Did not match:
         - @ConditionalOnClass did not find required class 'kotlin.coroutines.Continuation' (OnClassCondition)

   SpringDocKotlinxConfiguration:
      Did not match:
         - @ConditionalOnClass did not find required class 'kotlinx.coroutines.flow.Flow' (OnClassCondition)

   SpringDocSecurityConfiguration:
      Did not match:
         - @ConditionalOnClass did not find required class 'org.springframework.security.web.SecurityFilterChain' (OnClassCondition)

   SpringDocSortConfiguration#delegatingMethodParameterCustomizer:
      Did not match:
         - @ConditionalOnMissingBean (types: org.springdoc.core.customizers.DelegatingMethodParameterCustomizer; SearchStrategy: all) found beans of type 'org.springdoc.core.customizers.DelegatingMethodParameterCustomizer' delegatingMethodParameterCustomizer (OnBeanCondition)

   SpringDocWebMvcConfiguration.SpringDocWebMvcActuatorConfiguration:
      Did not match:
         - @ConditionalOnClass did not find required class 'org.springframework.boot.actuate.endpoint.web.servlet.WebMvcEndpointHandlerMapping' (OnClassCondition)

   SwaggerConfig#springWebProvider:
      Did not match:
         - @ConditionalOnMissingBean (types: org.springdoc.core.providers.SpringWebProvider; SearchStrategy: all) found beans of type 'org.springdoc.core.providers.SpringWebProvider' springWebProvider (OnBeanCondition)

   SwaggerConfig#swaggerUiConfigParameters:
      Did not match:
         - @ConditionalOnMissingBean (types: org.springdoc.core.properties.SwaggerUiConfigParameters; SearchStrategy: all) found beans of type 'org.springdoc.core.properties.SwaggerUiConfigParameters' org.springdoc.core.properties.SwaggerUiConfigParameters (OnBeanCondition)

   SwaggerConfig#swaggerUiHome:
      Did not match:
         - @ConditionalOnProperty (springdoc.swagger-ui.use-root-path=true) did not find property 'springdoc.swagger-ui.use-root-path' (OnPropertyCondition)

   SwaggerConfig.SwaggerActuatorWelcomeConfiguration:
      Did not match:
         - @ConditionalOnClass did not find required class 'org.springframework.boot.actuate.endpoint.web.servlet.WebMvcEndpointHandlerMapping' (OnClassCondition)

   TaskExecutorConfigurations.SimpleAsyncTaskExecutorBuilderConfiguration#simpleAsyncTaskExecutorBuilderVirtualThreads:
      Did not match:
         - @ConditionalOnMissingBean (types: org.springframework.boot.task.SimpleAsyncTaskExecutorBuilder; SearchStrategy: all) found beans of type 'org.springframework.boot.task.SimpleAsyncTaskExecutorBuilder' simpleAsyncTaskExecutorBuilder (OnBeanCondition)

   TaskExecutorConfigurations.TaskExecutorConfiguration#applicationTaskExecutorVirtualThreads:
      Did not match:
         - @ConditionalOnThreading did not find VIRTUAL (OnThreadingCondition)

   TaskSchedulingAutoConfiguration#scheduledBeanLazyInitializationExcludeFilter:
      Did not match:
         - @ConditionalOnBean (names: org.springframework.context.annotation.internalScheduledAnnotationProcessor; SearchStrategy: all) did not find any beans named org.springframework.context.annotation.internalScheduledAnnotationProcessor (OnBeanCondition)

   TaskSchedulingConfigurations.SimpleAsyncTaskSchedulerBuilderConfiguration#simpleAsyncTaskSchedulerBuilderVirtualThreads:
      Did not match:
         - @ConditionalOnMissingBean (types: org.springframework.boot.task.SimpleAsyncTaskSchedulerBuilder; SearchStrategy: all) found beans of type 'org.springframework.boot.task.SimpleAsyncTaskSchedulerBuilder' simpleAsyncTaskSchedulerBuilder (OnBeanCondition)

   TaskSchedulingConfigurations.TaskSchedulerConfiguration:
      Did not match:
         - @ConditionalOnBean (names: org.springframework.context.annotation.internalScheduledAnnotationProcessor; SearchStrategy: all) did not find any beans named org.springframework.context.annotation.internalScheduledAnnotationProcessor (OnBeanCondition)

   ThymeleafAutoConfiguration:
      Did not match:
         - @ConditionalOnClass did not find required class 'org.thymeleaf.spring6.SpringTemplateEngine' (OnClassCondition)

   TransactionAutoConfiguration#transactionalOperator:
      Did not match:
         - @ConditionalOnSingleCandidate (types: org.springframework.transaction.ReactiveTransactionManager; SearchStrategy: all) did not find any beans (OnBeanCondition)

   TransactionAutoConfiguration.AspectJTransactionManagementConfiguration:
      Did not match:
         - @ConditionalOnBean (types: org.springframework.transaction.aspectj.AbstractTransactionAspect; SearchStrategy: all) did not find any beans of type org.springframework.transaction.aspectj.AbstractTransactionAspect (OnBeanCondition)

   TransactionAutoConfiguration.EnableTransactionManagementConfiguration.JdkDynamicAutoProxyConfiguration:
      Did not match:
         - @ConditionalOnProperty (spring.aop.proxy-target-class=false) did not find property 'proxy-target-class' (OnPropertyCondition)

   UserDetailsServiceAutoConfiguration:
      Did not match:
         - @ConditionalOnClass did not find required class 'org.springframework.security.authentication.AuthenticationManager' (OnClassCondition)

   ValidationAutoConfiguration:
      Did not match:
         - @ConditionalOnResource did not find resource 'classpath:META-INF/services/jakarta.validation.spi.ValidationProvider' (OnResourceCondition)
      Matched:
         - @ConditionalOnClass found required class 'jakarta.validation.executable.ExecutableValidator' (OnClassCondition)

   WebClientAutoConfiguration:
      Did not match:
         - @ConditionalOnClass did not find required class 'org.springframework.web.reactive.function.client.WebClient' (OnClassCondition)

   WebFluxAutoConfiguration:
      Did not match:
         - @ConditionalOnClass did not find required class 'org.springframework.web.reactive.config.WebFluxConfigurer' (OnClassCondition)

   WebMvcAutoConfiguration#hiddenHttpMethodFilter:
      Did not match:
         - @ConditionalOnProperty (spring.mvc.hiddenmethod.filter.enabled) did not find property 'enabled' (OnPropertyCondition)

   WebMvcAutoConfiguration.ProblemDetailsErrorHandlingConfiguration:
      Did not match:
         - @ConditionalOnProperty (spring.mvc.problemdetails.enabled=true) did not find property 'enabled' (OnPropertyCondition)

   WebMvcAutoConfiguration.ResourceChainCustomizerConfiguration:
      Did not match:
         - @ConditionalOnEnabledResourceChain did not find class org.webjars.WebJarAssetLocator (OnEnabledResourceChainCondition)

   WebMvcAutoConfiguration.WebMvcAutoConfigurationAdapter#beanNameViewResolver:
      Did not match:
         - @ConditionalOnMissingBean (types: org.springframework.web.servlet.view.BeanNameViewResolver; SearchStrategy: all) found beans of type 'org.springframework.web.servlet.view.BeanNameViewResolver' beanNameViewResolver (OnBeanCondition)

   WebServiceTemplateAutoConfiguration:
      Did not match:
         - @ConditionalOnClass did not find required class 'org.springframework.oxm.Marshaller' (OnClassCondition)

   WebServicesAutoConfiguration:
      Did not match:
         - @ConditionalOnClass did not find required class 'org.springframework.ws.transport.http.MessageDispatcherServlet' (OnClassCondition)

   WebSessionIdResolverAutoConfiguration:
      Did not match:
         - @ConditionalOnClass did not find required class 'reactor.core.publisher.Mono' (OnClassCondition)

   WebSocketMessagingAutoConfiguration:
      Did not match:
         - @ConditionalOnClass did not find required class 'org.springframework.web.socket.config.annotation.WebSocketMessageBrokerConfigurer' (OnClassCondition)

   WebSocketReactiveAutoConfiguration:
      Did not match:
         - @ConditionalOnWebApplication did not find reactive web application classes (OnWebApplicationCondition)

   WebSocketServletAutoConfiguration.JettyWebSocketConfiguration:
      Did not match:
         - @ConditionalOnClass did not find required class 'org.eclipse.jetty.ee10.websocket.jakarta.server.config.JakartaWebSocketServletContainerInitializer' (OnClassCondition)

   WebSocketServletAutoConfiguration.UndertowWebSocketConfiguration:
      Did not match:
         - @ConditionalOnClass did not find required class 'io.undertow.websockets.jsr.Bootstrap' (OnClassCondition)

   XADataSourceAutoConfiguration:
      Did not match:
         - @ConditionalOnBean (types: org.springframework.boot.jdbc.XADataSourceWrapper; SearchStrategy: all) did not find any beans of type org.springframework.boot.jdbc.XADataSourceWrapper (OnBeanCondition)
      Matched:
         - @ConditionalOnClass found required classes 'javax.sql.DataSource', 'jakarta.transaction.TransactionManager', 'org.springframework.jdbc.datasource.embedded.EmbeddedDatabaseType' (OnClassCondition)


Exclusions:
-----------

    None


Unconditional classes:
----------------------

    org.springframework.boot.autoconfigure.context.ConfigurationPropertiesAutoConfiguration

    org.springframework.boot.autoconfigure.ssl.SslAutoConfiguration

    org.springframework.boot.autoconfigure.context.PropertyPlaceholderAutoConfiguration

    org.springframework.boot.autoconfigure.context.LifecycleAutoConfiguration

    org.springframework.boot.autoconfigure.availability.ApplicationAvailabilityAutoConfiguration

    org.springframework.boot.autoconfigure.info.ProjectInfoAutoConfiguration



2024-11-30T14:00:12.685-03:00  INFO 16800 --- [neighborfood-pagamento] [           main] b.c.t.f.n.f.web.PagamentoControllerTest  : Started PagamentoControllerTest in 3.006 seconds (process running for 20.773)
2024-11-30T14:00:12.686-03:00 DEBUG 16800 --- [neighborfood-pagamento] [           main] o.s.b.a.ApplicationAvailabilityBean      : Application availability state LivenessState changed to CORRECT
2024-11-30T14:00:12.687-03:00 DEBUG 16800 --- [neighborfood-pagamento] [           main] o.s.b.a.ApplicationAvailabilityBean      : Application availability state ReadinessState changed to ACCEPTING_TRAFFIC
2024-11-30T14:00:12.688-03:00 DEBUG 16800 --- [neighborfood-pagamento] [           main] org.springframework.test.context.cache   : Spring test ApplicationContext cache statistics: [DefaultContextCache@6da2be07 size = 2, maxSize = 32, parentContextCount = 0, hitCount = 13, missCount = 2, failureCount = 0]
2024-11-30T14:00:12.688-03:00 DEBUG 16800 --- [neighborfood-pagamento] [           main] o.s.t.c.w.ServletTestExecutionListener   : Setting up MockHttpServletRequest, MockHttpServletResponse, ServletWebRequest, and RequestContextHolder for test class br.com.techchallenge.fiap.neighborfood.framework.web.PagamentoControllerTest
2024-11-30T14:00:12.688-03:00 DEBUG 16800 --- [neighborfood-pagamento] [           main] DependencyInjectionTestExecutionListener : Performing dependency injection for test class br.com.techchallenge.fiap.neighborfood.framework.web.PagamentoControllerTest
2024-11-30T14:00:12.688-03:00 DEBUG 16800 --- [neighborfood-pagamento] [           main] org.springframework.test.context.cache   : Spring test ApplicationContext cache statistics: [DefaultContextCache@6da2be07 size = 2, maxSize = 32, parentContextCount = 0, hitCount = 14, missCount = 2, failureCount = 0]
2024-11-30T14:00:12.690-03:00 DEBUG 16800 --- [neighborfood-pagamento] [           main] org.springframework.test.context.cache   : Spring test ApplicationContext cache statistics: [DefaultContextCache@6da2be07 size = 2, maxSize = 32, parentContextCount = 0, hitCount = 15, missCount = 2, failureCount = 0]
2024-11-30T14:00:12.697-03:00 DEBUG 16800 --- [neighborfood-pagamento] [           main] sContextBeforeModesTestExecutionListener : Before test method: class [PagamentoControllerTest], method [payment], class annotated with @DirtiesContext [false] with mode [null], method annotated with @DirtiesContext [false] with mode [null]
2024-11-30T14:00:12.698-03:00 DEBUG 16800 --- [neighborfood-pagamento] [           main] org.springframework.test.context.cache   : Spring test ApplicationContext cache statistics: [DefaultContextCache@6da2be07 size = 2, maxSize = 32, parentContextCount = 0, hitCount = 16, missCount = 2, failureCount = 0]
2024-11-30T14:00:12.698-03:00 DEBUG 16800 --- [neighborfood-pagamento] [           main] org.springframework.test.context.cache   : Spring test ApplicationContext cache statistics: [DefaultContextCache@6da2be07 size = 2, maxSize = 32, parentContextCount = 0, hitCount = 17, missCount = 2, failureCount = 0]
2024-11-30T14:00:12.703-03:00 DEBUG 16800 --- [neighborfood-pagamento] [           main] org.springframework.test.context.cache   : Spring test ApplicationContext cache statistics: [DefaultContextCache@6da2be07 size = 2, maxSize = 32, parentContextCount = 0, hitCount = 18, missCount = 2, failureCount = 0]
2024-11-30T14:00:12.705-03:00 DEBUG 16800 --- [neighborfood-pagamento] [           main] o.s.orm.jpa.JpaTransactionManager        : Creating new transaction with name [org.springframework.data.jpa.repository.support.SimpleJpaRepository.save]: PROPAGATION_REQUIRED,ISOLATION_DEFAULT
2024-11-30T14:00:12.706-03:00 DEBUG 16800 --- [neighborfood-pagamento] [           main] o.s.orm.jpa.JpaTransactionManager        : Opened new EntityManager [SessionImpl(1799477491<open>)] for JPA transaction
2024-11-30T14:00:12.707-03:00 DEBUG 16800 --- [neighborfood-pagamento] [           main] o.s.orm.jpa.JpaTransactionManager        : Exposing JPA transaction as JDBC [org.springframework.orm.jpa.vendor.HibernateJpaDialect$HibernateConnectionHandle@4dd74abc]
2024-11-30T14:00:12.711-03:00 DEBUG 16800 --- [neighborfood-pagamento] [           main] o.s.orm.jpa.JpaTransactionManager        : Initiating transaction commit
2024-11-30T14:00:12.715-03:00 DEBUG 16800 --- [neighborfood-pagamento] [           main] o.s.orm.jpa.JpaTransactionManager        : Committing JPA transaction on EntityManager [SessionImpl(1799477491<open>)]
2024-11-30T14:00:12.808-03:00 DEBUG 16800 --- [neighborfood-pagamento] [           main] o.s.orm.jpa.JpaTransactionManager        : Closing JPA EntityManager [SessionImpl(1799477491<open>)] after transaction
2024-11-30T14:00:12.818-03:00 DEBUG 16800 --- [neighborfood-pagamento] [           main] org.springframework.test.context.cache   : Spring test ApplicationContext cache statistics: [DefaultContextCache@6da2be07 size = 2, maxSize = 32, parentContextCount = 0, hitCount = 19, missCount = 2, failureCount = 0]
2024-11-30T14:00:12.818-03:00 DEBUG 16800 --- [neighborfood-pagamento] [           main] org.springframework.test.context.cache   : Spring test ApplicationContext cache statistics: [DefaultContextCache@6da2be07 size = 2, maxSize = 32, parentContextCount = 0, hitCount = 20, missCount = 2, failureCount = 0]
2024-11-30T14:00:12.819-03:00 DEBUG 16800 --- [neighborfood-pagamento] [           main] org.springframework.test.context.cache   : Spring test ApplicationContext cache statistics: [DefaultContextCache@6da2be07 size = 2, maxSize = 32, parentContextCount = 0, hitCount = 21, missCount = 2, failureCount = 0]
2024-11-30T14:00:12.820-03:00 DEBUG 16800 --- [neighborfood-pagamento] [           main] org.springframework.test.context.cache   : Spring test ApplicationContext cache statistics: [DefaultContextCache@6da2be07 size = 2, maxSize = 32, parentContextCount = 0, hitCount = 22, missCount = 2, failureCount = 0]
2024-11-30T14:00:12.820-03:00 DEBUG 16800 --- [neighborfood-pagamento] [           main] org.springframework.test.context.cache   : Spring test ApplicationContext cache statistics: [DefaultContextCache@6da2be07 size = 2, maxSize = 32, parentContextCount = 0, hitCount = 23, missCount = 2, failureCount = 0]
2024-11-30T14:00:12.820-03:00 DEBUG 16800 --- [neighborfood-pagamento] [           main] org.springframework.test.context.cache   : Spring test ApplicationContext cache statistics: [DefaultContextCache@6da2be07 size = 2, maxSize = 32, parentContextCount = 0, hitCount = 24, missCount = 2, failureCount = 0]
2024-11-30T14:00:12.821-03:00 DEBUG 16800 --- [neighborfood-pagamento] [           main] .c.s.DirtiesContextTestExecutionListener : After test method: class [PagamentoControllerTest], method [payment], class annotated with @DirtiesContext [false] with mode [null], method annotated with @DirtiesContext [false] with mode [null]
2024-11-30T14:00:12.821-03:00 DEBUG 16800 --- [neighborfood-pagamento] [           main] o.s.t.c.w.ServletTestExecutionListener   : Resetting RequestContextHolder for test class br.com.techchallenge.fiap.neighborfood.framework.web.PagamentoControllerTest
]]></system-out>
  </testcase>
</testsuite>